[    0.000000] Initializing cgroup subsys cpuset
[    0.000000] Initializing cgroup subsys cpu
[    0.000000] Initializing cgroup subsys cpuacct
[    0.000000] Linux version 4.4.0-210-generic (buildd@lgw01-amd64-009) (gcc version 5.4.0 20160609 (Ubuntu 5.4.0-6ubuntu1~16.04.12) ) #242-Ubuntu SMP Fri Apr 16 09:57:56 UTC 2021 (Ubuntu 4.4.0-210.242-generic 4.4.262)
[    0.000000] Command line: BOOT_IMAGE=/boot/vmlinuz-4.4.0-210-generic root=LABEL=cloudimg-rootfs ro console=tty1 console=ttyS0
[    0.000000] KERNEL supported cpus:
[    0.000000]   Intel GenuineIntel
[    0.000000]   AMD AuthenticAMD
[    0.000000]   Centaur CentaurHauls
[    0.000000] x86/fpu: Legacy x87 FPU detected.
[    0.000000] e820: BIOS-provided physical RAM map:
[    0.000000] BIOS-e820: [mem 0x0000000000000000-0x000000000009fbff] usable
[    0.000000] BIOS-e820: [mem 0x000000000009fc00-0x000000000009ffff] reserved
[    0.000000] BIOS-e820: [mem 0x00000000000f0000-0x00000000000fffff] reserved
[    0.000000] BIOS-e820: [mem 0x0000000000100000-0x000000000ffeffff] usable
[    0.000000] BIOS-e820: [mem 0x000000000fff0000-0x000000000fffffff] ACPI data
[    0.000000] BIOS-e820: [mem 0x00000000fec00000-0x00000000fec00fff] reserved
[    0.000000] BIOS-e820: [mem 0x00000000fee00000-0x00000000fee00fff] reserved
[    0.000000] BIOS-e820: [mem 0x00000000fffc0000-0x00000000ffffffff] reserved
[    0.000000] NX (Execute Disable) protection: active
[    0.000000] SMBIOS 2.5 present.
[    0.000000] Hypervisor detected: KVM
[    0.000000] Kernel/User page tables isolation: disabled
[    0.000000] e820: last_pfn = 0xfff0 max_arch_pfn = 0x400000000
[    0.000000] MTRR: Disabled
[    0.000000] x86/PAT: MTRRs disabled, skipping PAT initialization too.
[    0.000000] CPU MTRRs all blank - virtualized system.
[    0.000000] x86/PAT: Configuration [0-7]: WB  WT  UC- UC  WB  WT  UC- UC  
[    0.000000] found SMP MP-table at [mem 0x0009fff0-0x0009ffff] mapped at [ffff88000009fff0]
[    0.000000] Scanning 1 areas for low memory corruption
[    0.000000] RAMDISK: [mem 0x0e877000-0x0f6fffff]
[    0.000000] ACPI: Early table checksum verification disabled
[    0.000000] ACPI: RSDP 0x00000000000E0000 000024 (v02 VBOX  )
[    0.000000] ACPI: XSDT 0x000000000FFF0030 00003C (v01 VBOX   VBOXXSDT 00000001 ASL  00000061)
[    0.000000] ACPI: FACP 0x000000000FFF00F0 0000F4 (v04 VBOX   VBOXFACP 00000001 ASL  00000061)
[    0.000000] ACPI: DSDT 0x000000000FFF0470 002325 (v02 VBOX   VBOXBIOS 00000002 INTL 20100528)
[    0.000000] ACPI: FACS 0x000000000FFF0200 000040
[    0.000000] ACPI: FACS 0x000000000FFF0200 000040
[    0.000000] ACPI: APIC 0x000000000FFF0240 000054 (v02 VBOX   VBOXAPIC 00000001 ASL  00000061)
[    0.000000] ACPI: SSDT 0x000000000FFF02A0 0001CC (v01 VBOX   VBOXCPUT 00000002 INTL 20100528)
[    0.000000] No NUMA configuration found
[    0.000000] Faking a node at [mem 0x0000000000000000-0x000000000ffeffff]
[    0.000000] NODE_DATA(0) allocated [mem 0x0ffeb000-0x0ffeffff]
[    0.000000] kvm-clock: Using msrs 4b564d01 and 4b564d00
[    0.000000] kvm-clock: cpu 0, msr 0:ffe3001, primary cpu clock
[    0.000000] kvm-clock: using sched offset of 3886325906 cycles
[    0.000000] clocksource: kvm-clock: mask: 0xffffffffffffffff max_cycles: 0x1cd42e4dffb, max_idle_ns: 881590591483 ns
[    0.000000] Zone ranges:
[    0.000000]   DMA      [mem 0x0000000000001000-0x0000000000ffffff]
[    0.000000]   DMA32    [mem 0x0000000001000000-0x000000000ffeffff]
[    0.000000]   Normal   empty
[    0.000000]   Device   empty
[    0.000000] Movable zone start for each node
[    0.000000] Early memory node ranges
[    0.000000]   node   0: [mem 0x0000000000001000-0x000000000009efff]
[    0.000000]   node   0: [mem 0x0000000000100000-0x000000000ffeffff]
[    0.000000] Initmem setup node 0 [mem 0x0000000000001000-0x000000000ffeffff]
[    0.000000] ACPI: PM-Timer IO Port: 0x4008
[    0.000000] IOAPIC[0]: apic_id 1, version 32, address 0xfec00000, GSI 0-23
[    0.000000] ACPI: INT_SRC_OVR (bus 0 bus_irq 0 global_irq 2 dfl dfl)
[    0.000000] ACPI: INT_SRC_OVR (bus 0 bus_irq 9 global_irq 9 low level)
[    0.000000] Using ACPI (MADT) for SMP configuration information
[    0.000000] smpboot: Allowing 1 CPUs, 0 hotplug CPUs
[    0.000000] PM: Registered nosave memory: [mem 0x00000000-0x00000fff]
[    0.000000] PM: Registered nosave memory: [mem 0x0009f000-0x0009ffff]
[    0.000000] PM: Registered nosave memory: [mem 0x000a0000-0x000effff]
[    0.000000] PM: Registered nosave memory: [mem 0x000f0000-0x000fffff]
[    0.000000] e820: [mem 0x10000000-0xfebfffff] available for PCI devices
[    0.000000] Booting paravirtualized kernel on KVM
[    0.000000] clocksource: refined-jiffies: mask: 0xffffffff max_cycles: 0xffffffff, max_idle_ns: 7645519600211568 ns
[    0.000000] setup_percpu: NR_CPUS:512 nr_cpumask_bits:512 nr_cpu_ids:1 nr_node_ids:1
[    0.000000] PERCPU: Embedded 33 pages/cpu @ffff88000fc00000 s95192 r8192 d31784 u2097152
[    0.000000] Built 1 zonelists in Node order, mobility grouping on.  Total pages: 64376
[    0.000000] Policy zone: DMA32
[    0.000000] Kernel command line: BOOT_IMAGE=/boot/vmlinuz-4.4.0-210-generic root=LABEL=cloudimg-rootfs ro console=tty1 console=ttyS0
[    0.000000] PID hash table entries: 1024 (order: 1, 8192 bytes)
[    0.000000] Memory: 223812K/261688K available (8644K kernel code, 1332K rwdata, 4044K rodata, 1492K init, 1164K bss, 37876K reserved, 0K cma-reserved)
[    0.000000] SLUB: HWalign=64, Order=0-3, MinObjects=0, CPUs=1, Nodes=1
[    0.000000] Hierarchical RCU implementation.
[    0.000000] 	Build-time adjustment of leaf fanout to 64.
[    0.000000] 	RCU restricting CPUs from NR_CPUS=512 to nr_cpu_ids=1.
[    0.000000] RCU: Adjusting geometry for rcu_fanout_leaf=64, nr_cpu_ids=1
[    0.000000] NR_IRQS:33024 nr_irqs:256 16
[    0.000000] Console: colour VGA+ 80x25
[    0.000000] console [tty1] enabled
[    0.000000] console [ttyS0] enabled
[    0.000000] tsc: Detected 2592.006 MHz processor
[    0.417023] Calibrating delay loop (skipped) preset value.. 5184.01 BogoMIPS (lpj=10368024)
[    0.423843] pid_max: default: 32768 minimum: 301
[    0.427273] ACPI: Core revision 20150930
[    0.431004] ACPI: 2 ACPI AML tables successfully acquired and loaded
[    0.442955] Security Framework initialized
[    0.446675] Yama: becoming mindful.
[    0.449930] AppArmor: AppArmor initialized
[    0.453108] Dentry cache hash table entries: 32768 (order: 6, 262144 bytes)
[    0.458514] Inode-cache hash table entries: 16384 (order: 5, 131072 bytes)
[    0.464122] Mount-cache hash table entries: 512 (order: 0, 4096 bytes)
[    0.469130] Mountpoint-cache hash table entries: 512 (order: 0, 4096 bytes)
[    0.474441] Initializing cgroup subsys io
[    0.477600] Initializing cgroup subsys memory
[    0.481529] Initializing cgroup subsys devices
[    0.485592] Initializing cgroup subsys freezer
[    0.489788] Initializing cgroup subsys net_cls
[    0.493618] Initializing cgroup subsys perf_event
[    0.496904] Initializing cgroup subsys net_prio
[    0.500757] Initializing cgroup subsys hugetlb
[    0.504356] Initializing cgroup subsys pids
[    0.508196] mce: CPU supports 0 MCE banks
[    0.511319] Last level iTLB entries: 4KB 64, 2MB 8, 4MB 8
[    0.515209] Last level dTLB entries: 4KB 64, 2MB 0, 4MB 0, 1GB 4
[    0.519424] Spectre V1 : Mitigation: usercopy/swapgs barriers and __user pointer sanitization
[    0.525700] Spectre V2 : Mitigation: Enhanced IBRS
[    0.529536] Spectre V2 : Spectre v2 / SpectreRSB mitigation: Filling RSB on context switch
[    0.535103] Speculative Store Bypass: Vulnerable
[    0.681410] Freeing SMP alternatives memory: 36K
[    0.744563] ftrace: allocating 32380 entries in 127 pages
[    1.150898] smpboot: APIC(0) Converting physical 0 to logical package 0
[    1.155401] smpboot: Max logical packages: 1
[    1.168205] ..TIMER: vector=0x30 apic1=0 pin1=2 apic2=-1 pin2=-1
[    1.280745] APIC calibration not consistent with PM-Timer: 96ms instead of 100ms
[    1.285792] APIC delta adjusted to PM-Timer: 6224067 (6004163)
[    1.289895] smpboot: CPU0: Intel(R) Core(TM) i7-9850H CPU @ 2.60GHz (family: 0x6, model: 0x9e, stepping: 0xd)
[    1.296805] Performance Events: unsupported p6 CPU model 158 no PMU driver, software events only.
[    1.364496] KVM setup paravirtual spinlock
[    1.368135] x86: Booted up 1 node, 1 CPUs
[    1.371993] smpboot: Total of 1 processors activated (5184.01 BogoMIPS)
[    1.377758] devtmpfs: initialized
[    1.382691] evm: security.selinux
[    1.385775] evm: security.SMACK64
[    1.388922] evm: security.SMACK64EXEC
[    1.391229] evm: security.SMACK64TRANSMUTE
[    1.393977] evm: security.SMACK64MMAP
[    1.396418] evm: security.ima
[    1.398345] evm: security.capability
[    1.400766] clocksource: jiffies: mask: 0xffffffff max_cycles: 0xffffffff, max_idle_ns: 7645041785100000 ns
[    1.406822] futex hash table entries: 256 (order: 2, 16384 bytes)
[    1.410914] pinctrl core: initialized pinctrl subsystem
[    1.414527] RTC time: 13:51:54, date: 06/11/21
[    1.417543] NET: Registered protocol family 16
[    1.420560] cpuidle: using governor ladder
[    1.423193] cpuidle: using governor menu
[    1.425810] PCCT header not found.
[    1.428147] ACPI: bus type PCI registered
[    1.430831] acpiphp: ACPI Hot Plug PCI Controller Driver version: 0.5
[    1.435388] PCI: Using configuration type 1 for base access
[    1.440110] ACPI: Added _OSI(Module Device)
[    1.442908] ACPI: Added _OSI(Processor Device)
[    1.446278] ACPI: Added _OSI(3.0 _SCP Extensions)
[    1.449368] ACPI: Added _OSI(Processor Aggregator Device)
[    1.453596] ACPI: Executed 1 blocks of module-level executable AML code
[    1.460683] ACPI: Interpreter enabled
[    1.463311] ACPI: (supports S0 S5)
[    1.465637] ACPI: Using IOAPIC for interrupt routing
[    1.469074] PCI: Using host bridge windows from ACPI; if necessary, use "pci=nocrs" and report a bug
[    1.479813] ACPI: PCI Root Bridge [PCI0] (domain 0000 [bus 00-ff])
[    1.484179] acpi PNP0A03:00: _OSC: OS supports [ASPM ClockPM Segments MSI]
[    1.488933] acpi PNP0A03:00: _OSC: not requesting OS control; OS requires [ExtendedConfig ASPM ClockPM MSI]
[    1.495594] acpi PNP0A03:00: fail to add MMCONFIG information, can't access extended PCI configuration space under this bridge.
[    1.503431] PCI host bridge to bus 0000:00
[    1.506574] pci_bus 0000:00: root bus resource [io  0x0000-0x0cf7 window]
[    1.510822] pci_bus 0000:00: root bus resource [io  0x0d00-0xffff window]
[    1.515067] pci_bus 0000:00: root bus resource [mem 0x000a0000-0x000bffff window]
[    1.519868] pci_bus 0000:00: root bus resource [mem 0x10000000-0xfdffffff window]
[    1.524693] pci_bus 0000:00: root bus resource [bus 00-ff]
[    1.533103] pci 0000:00:01.1: legacy IDE quirk: reg 0x10: [io  0x01f0-0x01f7]
[    1.538198] pci 0000:00:01.1: legacy IDE quirk: reg 0x14: [io  0x03f6]
[    1.542350] pci 0000:00:01.1: legacy IDE quirk: reg 0x18: [io  0x0170-0x0177]
[    1.546961] pci 0000:00:01.1: legacy IDE quirk: reg 0x1c: [io  0x0376]
[    1.662981] pci 0000:00:07.0: quirk: [io  0x4000-0x403f] claimed by PIIX4 ACPI
[    1.668245] pci 0000:00:07.0: quirk: [io  0x4100-0x410f] claimed by PIIX4 SMB
[    1.680399] ACPI: PCI Interrupt Link [LNKA] (IRQs 5 9 10 *11)
[    1.686337] ACPI: PCI Interrupt Link [LNKB] (IRQs 5 9 *10 11)
[    1.691665] ACPI: PCI Interrupt Link [LNKC] (IRQs 5 *9 10 11)
[    1.697045] ACPI: PCI Interrupt Link [LNKD] (IRQs 5 9 10 *11)
[    1.702436] ACPI: Enabled 2 GPEs in block 00 to 07
[    1.720581] vgaarb: setting as boot device: PCI:0000:00:02.0
[    1.724517] vgaarb: device added: PCI:0000:00:02.0,decodes=io+mem,owns=io+mem,locks=none
[    1.729736] vgaarb: loaded
[    1.731718] vgaarb: bridge control possible 0000:00:02.0
[    1.735210] SCSI subsystem initialized
[    1.737745] ACPI: bus type USB registered
[    1.740492] usbcore: registered new interface driver usbfs
[    1.744085] usbcore: registered new interface driver hub
[    1.747419] usbcore: registered new device driver usb
[    1.750740] PCI: Using ACPI for IRQ routing
[    1.753897] NetLabel: Initializing
[    1.756175] NetLabel:  domain hash size = 128
[    1.758943] NetLabel:  protocols = UNLABELED CIPSOv4
[    1.762173] NetLabel:  unlabeled traffic allowed by default
[    1.765793] amd_nb: Cannot enumerate AMD northbridges
[    1.768999] clocksource: Switched to clocksource kvm-clock
[    1.782737] AppArmor: AppArmor Filesystem Enabled
[    1.786259] pnp: PnP ACPI init
[    1.789474] pnp: PnP ACPI: found 3 devices
[    1.797849] clocksource: acpi_pm: mask: 0xffffff max_cycles: 0xffffff, max_idle_ns: 2085701024 ns
[    1.804427] NET: Registered protocol family 2
[    1.807560] TCP established hash table entries: 2048 (order: 2, 16384 bytes)
[    1.811979] TCP bind hash table entries: 2048 (order: 3, 32768 bytes)
[    1.816087] TCP: Hash tables configured (established 2048 bind 2048)
[    1.820094] UDP hash table entries: 256 (order: 1, 8192 bytes)
[    1.823801] UDP-Lite hash table entries: 256 (order: 1, 8192 bytes)
[    1.827886] NET: Registered protocol family 1
[    1.830772] pci 0000:00:00.0: Limiting direct PCI/PCI transfers
[    1.834578] pci 0000:00:01.0: Activating ISA DMA hang workarounds
[    1.838739] Unpacking initramfs...
[    2.170423] Freeing initrd memory: 14884K
[    2.173624] clocksource: tsc: mask: 0xffffffffffffffff max_cycles: 0x255cbc978bf, max_idle_ns: 440795251759 ns
[    2.179810] platform rtc_cmos: registered platform RTC device (no PNP device found)
[    2.184766] Scanning for low memory corruption every 60 seconds
[    2.188750] audit: initializing netlink subsys (disabled)
[    2.192282] audit: type=2000 audit(1623419519.938:1): initialized
[    2.196394] Initialise system trusted keyring
[    2.199736] HugeTLB registered 2 MB page size, pre-allocated 0 pages
[    2.207536] zbud: loaded
[    2.210099] VFS: Disk quotas dquot_6.6.0
[    2.212636] VFS: Dquot-cache hash table entries: 512 (order 0, 4096 bytes)
[    2.217483] squashfs: version 4.0 (2009/01/31) Phillip Lougher
[    2.221994] fuse init (API version 7.23)
[    2.224725] Key type big_key registered
[    2.227369] Allocating IMA MOK and blacklist keyrings.
[    2.231758] Key type asymmetric registered
[    2.234596] Asymmetric key parser 'x509' registered
[    2.237836] Block layer SCSI generic (bsg) driver version 0.4 loaded (major 249)
[    2.242440] io scheduler noop registered
[    2.245161] io scheduler deadline registered (default)
[    2.248291] io scheduler cfq registered
[    2.250910] pci_hotplug: PCI Hot Plug PCI Core version: 0.5
[    2.254422] pciehp: PCI Express Hot Plug Controller Driver version: 0.4
[    2.258590] ACPI: AC Adapter [AC] (on-line)
[    2.261383] input: Power Button as /devices/LNXSYSTM:00/LNXPWRBN:00/input/input0
[    2.265970] ACPI: Power Button [PWRF]
[    2.268497] input: Sleep Button as /devices/LNXSYSTM:00/LNXSLPBN:00/input/input1
[    2.273197] ACPI: Sleep Button [SLPF]
[    2.276566] ACPI: Battery Slot [BAT0] (battery present)
[    2.280067] GHES: HEST is not enabled!
[    2.282587] Serial: 8250/16550 driver, 32 ports, IRQ sharing enabled
[    2.31249] 00:02: ttyS0 at I/O 0x3f8 (irq = 4, base_baud = 115200) is a 16550A
[    2.319444] Linux agpgart interface v0.103
[    2.327622] loop: module loaded
[    2.331686] scsi host0: ata_piix
[    2.335233] scsi host1: ata_piix
[    2.337484] ata1: PATA max UDMA/33 cmd 0x1f0 ctl 0x3f6 bmdma 0xd000 irq 14
[    2.341736] ata2: PATA max UDMA/33 cmd 0x170 ctl 0x376 bmdma 0xd008 irq 15
[    2.347512] libphy: Fixed MDIO Bus: probed
[    2.350664] tun: Universal TUN/TAP device driver, 1.6
[    2.353947] tun: (C) 1999-2004 Max Krasnyansky <maxk@qualcomm.com>
[    2.357872] PPP generic driver version 2.4.2
[    2.360680] ehci_hcd: USB 2.0 'Enhanced' Host Controller (EHCI) Driver
[    2.364908] ehci-pci: EHCI PCI platform driver
[    2.367856] ehci-platform: EHCI generic platform driver
[    2.371211] ohci_hcd: USB 1.1 'Open' Host Controller (OHCI) Driver
[    2.377310] ohci-pci: OHCI PCI platform driver
[    2.380555] ohci-platform: OHCI generic platform driver
[    2.384060] uhci_hcd: USB Universal Host Controller Interface driver
[    2.388095] i8042: PNP: PS/2 Controller [PNP0303:PS2K,PNP0f03:PS2M] at 0x60,0x64 irq 1,12
[    2.395881] serio: i8042 KBD port at 0x60,0x64 irq 1
[    2.399593] serio: i8042 AUX port at 0x60,0x64 irq 12
[    2.402994] mousedev: PS/2 mouse device common for all mice
[    2.407817] input: AT Translated Set 2 keyboard as /devices/platform/i8042/serio0/input/input2
[    2.414524] rtc_cmos rtc_cmos: rtc core: registered rtc_cmos as rtc0
[    2.419780] rtc_cmos rtc_cmos: alarms up to one day, 114 bytes nvram
[    2.423944] i2c /dev entries driver
[    2.426697] device-mapper: uevent: version 1.0.3
[    2.429794] device-mapper: ioctl: 4.34.0-ioctl (2015-10-28) initialised: dm-devel@redhat.com
[    2.435252] ledtrig-cpu: registered to indicate activity on CPUs
[    2.440041] NET: Registered protocol family 10
[    2.443280] NET: Registered protocol family 17
[    2.446634] Key type dns_resolver registered
[    2.449705] registered taskstats version 1
[    2.452321] Loading compiled-in X.509 certificates
[    2.455837] Loaded X.509 cert 'Build time autogenerated kernel key: cf00e047681d67edb2720680708b7d9498083038'
[    2.462065] zswap: loaded using pool lzo/zbud
[    2.466771] Key type trusted registered
[    2.472682] Key type encrypted registered
[    2.475837] AppArmor: AppArmor sha1 policy hashing enabled
[    2.479405] ima: No TPM chip found, activating TPM-bypass!
[    2.482937] ima: Allocated hash algorithm: sha1
[    2.485912] evm: HMAC attrs: 0x1
[    2.488587]   Magic number: 9:543:887
[    2.491376] rtc_cmos rtc_cmos: setting system clock to 2021-06-11 13:51:55 UTC (1623419515)
[    2.496744] BIOS EDD facility v0.16 2004-Jun-25, 0 devices found
[    2.500698] EDD information not available.
[    2.550122] Freeing unused kernel memory: 1492K
[    2.553986] Write protecting the kernel read-only data: 14336k
[    2.558066] Freeing unused kernel memory: 1584K
[    2.561030] Freeing unused kernel memory: 52K
Loading, please wait...
starting version 229
[    2.576496] random: udevadm: uninitialized urandom read (16 bytes read, 3 bits of entropy available)
[    2.582892] random: systemd-udevd: uninitialized urandom read (16 bytes read, 3 bits of entropy available)
[    2.588971] random: systemd-udevd: uninitialized urandom read (16 bytes read, 3 bits of entropy available)
[    2.596504] random: udevadm: uninitialized urandom read (16 bytes read, 3 bits of entropy available)
[    2.603110] random: systemd-udevd: uninitialized urandom read (16 bytes read, 3 bits of entropy available)
[    2.616541] random: systemd-udevd: uninitialized urandom read (16 bytes read, 3 bits of entropy available)
[    2.624329] random: udevadm: uninitialized urandom read (16 bytes read, 3 bits of entropy available)
[    2.634674] random: systemd-udevd: uninitialized urandom read (16 bytes read, 3 bits of entropy available)
[    2.642462] random: udevadm: uninitialized urandom read (16 bytes read, 3 bits of entropy available)
[    2.648599] random: systemd-udevd: uninitialized urandom read (16 bytes read, 3 bits of entropy available)
[    2.713634] Fusion MPT base driver 3.04.20
[    2.716887] Copyright (c) 1999-2008 LSI Corporation
[    2.730862] e1000: Intel(R) PRO/1000 Network Driver - version 7.3.21-k8-NAPI
[    2.735883] e1000: Copyright (c) 1999-2006 Intel Corporation.
[    2.772278] Fusion MPT SPI Host driver 3.04.20
[    2.980729] input: ImExPS/2 Generic Explorer Mouse as /devices/platform/i8042/serio1/input/input4
[    3.352817] e1000 0000:00:03.0 eth0: (PCI:33MHz:32-bit) 02:ed:98:3c:8e:82
[    3.366220] e1000 0000:00:03.0 eth0: Intel(R) PRO/1000 Network Connection
[    3.371280] mptbase: ioc0: Initiating bringup
[    3.450321] ioc0: LSI53C1030 A0: Capabilities={Initiator}
[    3.658352] scsi host2: ioc0: LSI53C1030 A0, FwRev=00000000h, Ports=1, MaxQ=256, IRQ=20
[    3.781093] scsi 2:0:0:0: Direct-Access     VBOX     HARDDISK         1.0  PQ: 0 ANSI: 5
[    3.789557] scsi target2:0:0: Beginning Domain Validation
[    3.797253] scsi target2:0:0: Domain Validation skipping write tests
[    3.801419] scsi target2:0:0: Ending Domain Validation
[    3.804760] scsi target2:0:0: asynchronous
[    3.808535] scsi 2:0:1:0: Direct-Access     VBOX     HARDDISK         1.0  PQ: 0 ANSI: 5
[    3.813526] scsi target2:0:1: Beginning Domain Validation
[    3.887906] scsi target2:0:1: Domain Validation skipping write tests
[    3.893308] scsi target2:0:1: Ending Domain Validation
[    3.909824] scsi target2:0:1: asynchronous
[    4.038814] sd 2:0:0:0: Attached scsi generic sg0 type 0
[    4.043001] sd 2:0:0:0: [sda] 83886080 512-byte logical blocks: (42.9 GB/40.0 GiB)
[    4.048073] sd 2:0:1:0: [sdb] 20480 512-byte logical blocks: (10.5 MB/10.0 MiB)
[    4.052878] sd 2:0:1:0: Attached scsi generic sg1 type 0
[    4.064080] sd 2:0:0:0: [sda] Write Protect is off
[    4.067565] sd 2:0:1:0: [sdb] Write Protect is off
[    4.070949] sd 2:0:0:0: [sda] Incomplete mode parameter data
[    4.074379] sd 2:0:0:0: [sda] Assuming drive cache: write through
[    4.092332] sd 2:0:1:0: [sdb] Incomplete mode parameter data
[    4.099069] sd 2:0:1:0: [sdb] Assuming drive cache: write through
[    4.121148]  sda: sda1
[    4.126420] sd 2:0:1:0: [sdb] Attached SCSI disk
[    4.130067] sd 2:0:0:0: [sda] Attached SCSI disk
[    4.441597] e1000 0000:00:08.0 eth1: (PCI:33MHz:32-bit) 08:00:27:47:3a:76
[    4.446312] e1000 0000:00:08.0 eth1: Intel(R) PRO/1000 Network Connection
[    4.451594] e1000 0000:00:08.0 enp0s8: renamed from eth1
[    4.456861] e1000 0000:00:03.0 enp0s3: renamed from eth0
Begin: Loading essential drivers ... [    5.910882] md: linear personality registered for level -1
[    5.917492] md: multipath personality registered for level -4
[    5.923637] md: raid0 personality registered for level 0
[    5.933577] md: raid1 personality registered for level 1
[    6.013092] raid6: sse2x1   gen() 12211 MB/s
[    6.086700] raid6: sse2x1   xor()  7597 MB/s
[    6.161758] raid6: sse2x2   gen() 17911 MB/s
[    6.237167] raid6: sse2x2   xor() 11843 MB/s
[    6.313099] raid6: sse2x4   gen() 19447 MB/s
[    6.389064] raid6: sse2x4   xor() 12532 MB/s
[    6.392212] raid6: using algorithm sse2x4 gen() 19447 MB/s
[    6.395558] raid6: .... xor() 12532 MB/s, rmw enabled
[    6.398670] raid6: using ssse3x2 recovery algorithm
[    6.403074] xor: measuring software checksum speed
[    6.517083]    prefetch64-sse: 66139.000 MB/sec
[    6.625089]    generic_sse: 62667.000 MB/sec
[    6.629040] xor: using function: prefetch64-sse (66139.000 MB/sec)
[    6.634467] async_tx: api initialized (async)
[    6.657523] md: raid6 personality registered for level 6
[    6.661328] md: raid5 personality registered for level 5
[    6.664607] md: raid4 personality registered for level 4
[    6.676592] md: raid10 personality registered for level 10
done.
Begin: Running /scripts/init-premount ... done.
Begin: Mounting root file system ... Begin: Running /scripts/local-top ... done.
Begin: Running /scripts/local-premount ... [    6.740272] Btrfs loaded
Scanning for Btrfs filesystems
done.
Warning: fsck not present, so skipping root file system
[    6.801783] EXT4-fs (sda1): mounted filesystem with ordered data mode. Opts: (null)
done.
Begin: Running /scripts/local-bottom ... done.
Begin: Running /scripts/init-bottom ... done.
[    6.937788] systemd[1]: systemd 229 running in system mode. (+PAM +AUDIT +SELINUX +IMA +APPARMOR +SMACK +SYSVINIT +UTMP +LIBCRYPTSETUP +GCRYPT +GNUTLS +ACL +XZ -LZ4 +SECCOMP +BLKID +ELFUTILS +KMOD -IDN)
[    6.949725] systemd[1]: Detected virtualization oracle.
[    6.953563] systemd[1]: Detected architecture x86-64.

Welcome to [1mUbuntu 16.04.7 LTS[0m!

[    6.964469] systemd[1]: Set hostname to <ubuntu-xenial>.
[    7.143249] systemd[1]: Created slice System Slice.
[[0;32m  OK  [0m] Created slice System Slice.
[    7.150676] systemd[1]: Reached target Swap.
[[0;32m  OK  [0m] Reached target Swap.
[    7.157426] systemd[1]: Started Forward Password Requests to Wall Directory Watch.
[[0;32m  OK  [0m] Started Forward Password Requests to Wall Directory Watch.
[    7.166915] systemd[1]: Listening on Journal Socket.
[[0;32m  OK  [0m] Listening on Journal Socket.
[    7.174309] systemd[1]: Starting Create list of required static device nodes for the current kernel...
         Starting Create list of required st... nodes for the current kernel...
[    7.187069] systemd[1]: Mounting Debug File System...
         Mounting Debug File System...
[    7.199750] systemd[1]: Starting Nameserver information manager...
         Starting Nameserver information manager...
[    7.212525] systemd[1]: Mounting Huge Pages File System...
         Mounting Huge Pages File System...
[    7.221894] systemd[1]: Started Trigger resolvconf update for networkd DNS.
[[0;32m  OK  [0m] Started Trigger resolvconf update for networkd DNS.
[    7.231362] systemd[1]: Listening on /dev/initctl Compatibility Named Pipe.
[[0;32m  OK  [0m] Listening on /dev/initctl Compatibility Named Pipe.
[    7.240143] systemd[1]: Listening on fsck to fsckd communication Socket.
[[0;32m  OK  [0m] Listening on fsck to fsckd communication Socket.
[    7.248790] systemd[1]: Listening on udev Kernel Socket.
[[0;32m  OK  [0m] Listening on udev Kernel Socket.
[    7.256107] systemd[1]: Listening on Device-mapper event daemon FIFOs.
[[0;32m  OK  [0m] Listening on Device-mapper event daemon FIFOs.
[    7.264737] systemd[1]: Listening on LVM2 metadata daemon socket.
[[0;32m  OK  [0m] Listening on LVM2 metadata daemon socket.
[    7.273242] systemd[1]: Starting Monitoring of LVM2 mirrors, snapshots etc. using dmeventd or progress polling...
         Starting Monitoring of LVM2 mirrors... dmeventd or progress polling...
[    7.286684] systemd[1]: Set up automount Arbitrary Executable File Formats File System Automount Point.
[[0;32m  OK  [0m] Set up automount Arbitrary Executab...ats File System Automount Point.
[    7.299909] systemd[1]: Reached target User and Group Name Lookups.
[[0;32m  OK  [0m] Reached target User and Group Name Lookups.
[    7.311552] systemd[1]: Listening on Journal Audit Socket.
[[0;32m  OK  [0m] Listening on Journal Audit Socket.
[    7.319702] systemd[1]: Starting Set console keymap...
         Starting Set console keymap...
[    7.332693] systemd[1]: Mounting POSIX Message Queue File System...
         Mounting POSIX Message Queue File System...
[    7.351025] systemd[1]: Reached target System Time Synchronized.
[[0;32m  OK  [0m] Reached target System Time Synchronized.
[    7.371459] systemd[1]: Listening on Journal Socket (/dev/log).
[[0;32m  OK  [0m] Listening on Journal Socket (/dev/log).
[    7.388213] systemd[1]: Created slice system-serial\x2dgetty.slice.
[[0;32m  OK  [0m] Created slice system-serial\x2dgetty.slice.
[    7.399596] systemd[1]: Starting Load Kernel Modules...
         Starting Load Kernel Modules...
[    7.413190] systemd[1]: Starting File System Check on Root Device...
         Starting File System Check on Root Device...
[    7.431683] systemd[1]: Starting Uncomplicated firewall...
[    7.436061] Loading iSCSI transport class v2.0-870.
         Starting Uncomplicated firewall...
[    7.446796] systemd[1]: Listening on udev Control Socket.
[[0;32m  OK  [0m] Listening on udev Control Socket.
[    7.462116] iscsi: registered transport (tcp)
[    7.466114] systemd[1]: Reached target Encrypted Volumes.
[[0;32m  OK  [0m] Reached target Encrypted Volumes.
[    7.475225] systemd[1]: Listening on Syslog Socket.
[[0;32m  OK  [0m] Listening on Syslog Socket.
[    7.488144] systemd[1]: Starting Journal Service...
         Starting Journal Service...
[    7.503488] systemd[1]: Listening on LVM2 poll daemon socket.
[[0;32m  OK  [0m] Listening on LVM2 poll daemon socket.
[    7.523114] systemd[1]: Created slice User and Session Slice.
[[0;32m  OK  [0m] Created slice User and Session Slice.
[    7.532685] systemd[1]: Reached target Slices.
[[0;32m  OK  [0m] Reached target Slices.
[    7.544915] systemd[1]: Mounted POSIX Message Queue File System.
[    7.553338] iscsi: registered transport (iser)
[[0;32m  OK  [0m] Mounted POSIX Message Queue File System.
[    7.560452] systemd[1]: Mounted Debug File System.
[[0;32m  OK  [0m] Mounted Debug File System.
[    7.567962] systemd[1]: Mounted Huge Pages File System.
[[0;32m  OK  [0m] Mounted Huge Pages File System.
[    7.575856] systemd[1]: Started Journal Service.
[[0;32m  OK  [0m] Started Journal Service.
[[0;32m  OK  [0m] Started Create list of required sta...ce nodes for the current kernel.
[[0;32m  OK  [0m] Started Set console keymap.
[[0;32m  OK  [0m] Started Load Kernel Modules.
[[0;32m  OK  [0m] Started File System Check on Root Device.
[[0;32m  OK  [0m] Started Uncomplicated firewall.
[[0;32m  OK  [0m] Started Nameserver information manager.
[[0;32m  OK  [0m] Started File System Check Daemon to report status.
[[0;32m  OK  [0m] Started LVM2 metadata daemon.
         Starting Remount Root and Kernel File Systems...
[    7.672177] EXT4-fs (sda1): re-mounted. Opts: (null)
         Mounting FUSE Control File System...
         Starting Apply Kernel Variables...
         Starting Create Static Device Nodes in /dev...
[[0;32m  OK  [0m] Mounted FUSE Control File System.
[[0;32m  OK  [0m] Started Remount Root and Kernel File Systems.
[[0;32m  OK  [0m] Started Apply Kernel Variables.
[[0;32m  OK  [0m] Started Create Static Device Nodes in /dev.
         Starting udev Kernel Device Manager...
         Starting udev Coldplug all Devices...
         Starting Flush Journal to Persistent Storage...
         Starting Load/Save Random Seed...
[[0;32m  OK  [0m] Started Load/Save Random Seed.
[[0;32m  OK  [0m] Started Flush Journal to Persistent Storage.
[[0;32m  OK  [0m] Started udev Kernel Device Manager.
[[0;32m  OK  [0m] Started udev Coldplug all Devices.
[[0;32m  OK  [0m] Started Dispatch Password Requests to Console Directory Watch.
[[0;32m  OK  [0m] Found device /dev/ttyS0.
[[0;32m  OK  [0m] Listening on Load/Save RF Kill Switch Status /dev/rfkill Watch.
[[0;32m  OK  [0m] Started Monitoring of LVM2 mirrors,...ng dmeventd or progress polling.
[[0;32m  OK  [0m] Found device 82540EM Gigabit Ethern...r (PRO/1000 MT Desktop Adapter).
[[0;32m  OK  [0m] Reached target Local File Systems (Pre).
[[0;32m  OK  [0m] Reached target Local File Systems.
         Starting Tell Plymouth To Write Out Runtime Data...
         Starting Set console font and keymap...
         Starting LSB: AppArmor initialization...
         Starting Initial cloud-init job (pre-networking)...
         Starting Create Volatile Files and Directories...
[[0;32m  OK  [0m] Started Tell Plymouth To Write Out Runtime Data.
[[0;32m  OK  [0m] Started Create Volatile Files and Directories.
[[0;32m  OK  [0m] Started LSB: AppArmor initialization.
         Starting Load AppArmor profiles managed internally by snapd...
         Starting Update UTMP about System Boot/Shutdown...
[[0;32m  OK  [0m] Started Load AppArmor profiles managed internally by snapd.
[[0;32m  OK  [0m] Started Update UTMP about System Boot/Shutdown.
[    9.256607] cloud-init[619]: Cloud-init v. 21.1-19-gbad84ad4-0ubuntu1~16.04.2 running 'init-local' at Fri, 11 Jun 2021 13:52:02 +0000. Up 8.88 seconds.
[[0;32m  OK  [0m] Started Initial cloud-init job (pre-networking).
[[0;32m  OK  [0m] Reached target Network (Pre).
         Starting Raise network interfaces...
[[0;32m  OK  [0m] Started ifup for enp0s3.
[[0;32m  OK  [0m] Started Raise network interfaces.
[[0;32m  OK  [0m] Reached target Network.
         Starting Initial cloud-init job (metadata service crawler)...
[[0;32m  OK  [0m] Started Set console font and keymap.
[[0;32m  OK  [0m] Created slice system-getty.slice.
[   10.179844] cloud-init[980]: Cloud-init v. 21.1-19-gbad84ad4-0ubuntu1~16.04.2 running 'init' at Fri, 11 Jun 2021 13:52:03 +0000. Up 9.99 seconds.
[   10.198644] cloud-init[980]: ci-info: ++++++++++++++++++++++++++++++++++++++Net device info+++++++++++++++++++++++++++++++++++++++
[   10.204697] cloud-init[980]: ci-info: +--------+-------+----------------------------+---------------+--------+-------------------+
[   10.220634] cloud-init[980]: ci-info: | Device |   Up  |          Address           |      Mask     | Scope  |     Hw-Address    |
[[0;32m  OK  [0m] Started Initial cloud-init job (metadata service crawler).[   10.232380] cloud-init[980]: ci-info: +--------+-------+----------------------------+---------------+--------+-------------------+
[[0;32m  OK  [0m] Reached target System Initialization.
[   10.241257] cloud-init[980]: ci-info: | enp0s3 |  True |         10.0.2.15          | 255.255.255.0 | global | 02:ed:98:3c:8e:82 |

[   10.250510] cloud-init[[0;32m  OK  [0m] Started Message of the Day.
[980]: ci-info: | enp0s3 |  True | fe80::ed:98ff:fe3c:8e82/64 |       .       |  link  | 02:ed:98:3c:8e:82 |
[   10.259444] cloud-init[980]: [[0;32m  OK  [0m] Started ACPI Events Check.
[[0;32m  OK  [0m] ci-info: | enp0s8 | False |             .              |       .       |   .    | 08:00:27:47:3a:76 |Reached target Paths.

[   10.275172] cloud-init[980]:          Starting LXD - unix socket.
[[0;32m  OK  [0m] Listening on D-Bus System Message Bus Socket.ci-info: |   lo   |  True |         127.0.0.1          |   255.0.0.0   |  host  |         .         |
[   10.291427] 
[[0;32m  OK  [0m] Listening on ACPID Listen Socket.cloud-init[980]: ci-info: |   lo   |  True |          ::1/128           |       .       |  host  |         .         |

[[0;32m  OK  [0m] Listening on UUID daemon activation socket.[   10.304690] cloud-init[980]: ci-info: +--------+-------+----------------------------+---------------+--------+-------------------+
[[0;32m  OK  [0m] 
[   10.313524] cloud-init[980]: ci-info: +++++++++++++++++++++++++++Route IPv4 info++++++++++++++++++++++++++++Started Daily apt download activities.
[[0;32m  OK  [0m] Started Daily apt upgrade and clean activities.
         
[   10.325839] cloud-init[980]: Starting Socket activation for snappy daemon.
[[0;32m  OK  [0m] ci-info: +-------+-------------+----------+---------------+-----------+-------+
[   10.335065] cloud-initStarted Daily Cleanup of Temporary Directories.
[[0;32m  OK  [0m] [980]: ci-info: | Route | Destination | Gateway  |    Genmask    | Interface | Flags |
[   10.343569] Reached target Timers.
[[0;32m  OK  [0m] cloud-init[980]: ci-info: +-------+-------------+----------+---------------+-----------+-------+
[   10.351605] Reached target Cloud-config availability.
[[0;32m  OK  [0m] Reached target Network is Online.cloud-init[980]: ci-info: |   0   |   0.0.0.0   | 10.0.2.2 |    0.0.0.0    |   enp0s3  |   UG  |

         Starting iSCSI initiator daemon (iscsid)...
[   10.364411] cloud-init[980]: ci-info: |   1   |   10.0.2.0  | 0.0.0.0  | 255.255.255.0 |   enp0s3  |   U   |
[[0;32m  OK  [0m] Listening on LXD - unix socket.
[   10.372819] cloud-init[[0;32m  OK  [0m] Listening on Socket activation for snappy daemon.
[[980]: ci-info: +-------+-------------+----------+---------------+-----------+-------+
[   10.387630] [0;32m  OK  [0m] Reached target Sockets.
[[0;32m  OK  [0mcloud-init[980]: ci-info: +++++++++++++++++++Route IPv6 info+++++++++++++++++++
] Reached target Basic System.
         Starting /etc/rc.local Compatibility...[   10.401241] cloud-init[980]: ci-info: +-------+-------------+---------+-----------+-------+
         Starting LSB: MD monitoring daemon...

[   10.409983] cloud-init[980]: ci-info: | Route | Destination | Gateway | Interface | Flags |         Starting LXD - container startup/shutdown...
         Starting Login Service...

         Starting OpenBSD Secure Shell server...
[   10.441587] [[0;32m  OK  [0m] Started ACPI event daemon.
[[0;32m  OK  [0m] cloud-init[980]: ci-info: +-------+-------------+---------+-----------+-------+
[   10.459479] Started D-Bus System Message Bus.
cloud-init[980]: ci-info: |   0   |  fe80::/64  |    ::   |   enp0s3  |   U   |
[   10.483575] cloud-init[980]: ci-info: |   3   |   ff00::/8  |    ::   |   enp0s3  |   U   |
[   10.506141] cloud-init[980]: ci-info: +-------+-------------+---------+-----------+-------+         Starting LSB: Record successful boot for GRUB...
[
[0;32m  OK  [0m] Started Regular background program processing daemon.
         Starting Snap Daemon...
         Starting Accounts Service...
         Starting vboxadd.service...
[[0;32m  OK  [0m] Started Deferred execution scheduler.
         Starting System Logging Service...
[[0;32m  OK  [0m] Started FUSE filesystem for LXC.
[[0;32m  OK  [0m] Started /etc/rc.local Compatibility.
[[0;32m  OK  [0m] Started Login Service.
[[0;32m  OK  [0m] Started Unattended Upgrades Shutdown.
[[0;32m  OK  [0m] Started System Logging Service.
[[0;32m  OK  [0m] Started iSCSI initiator daemon (iscsid).
         Starting Login to default iSCSI targets...
[[0;32m  OK  [0m] Started LSB: Record successful boot for GRUB.
[[0;32m  OK  [0m] Started OpenBSD Secure Shell server.
[[0;32m  OK  [0m] Started LSB: MD monitoring daemon.
[[0;32m  OK  [0m] Started Login to default iSCSI targets.
[[0;32m  OK  [0m] Reached target Remote File Systems (Pre).
[[0;32m  OK  [0m] Reached target Remote File Systems.
         Starting LSB: automatic crash report generation...
         Starting LSB: Set the CPU Frequency Scaling governor to "ondemand"...
         Starting LSB: daemon to balance interrupts for SMP systems...
         Starting Permit User Sessions...
[[0;32m  OK  [0m] Started LXD - container startup/shutdown.
[[0;32m  OK  [0m] Started Permit User Sessions.
         Starting Authenticate and Authorize Users to Run Privileged Tasks...
         Starting Terminate Plymouth Boot Screen...
         Starting Hold until boot process finishes up...
[[0;32m  OK  [0m] Started Hold until boot process finishes up.
[[0;32m  OK  [0m] Started Terminate Plymouth Boot Screen.
[[0;32m  OK  [0m] Started Getty on tty1.
[[0;32m  OK  [0m] Started Serial Getty on ttyS0.
[[0;32m  OK  [0m] Reached target Login Prompts.
         Starting Set console scheme...
[[0;32m  OK  [0m] Started LSB: Set the CPU Frequency Scaling governor to "ondemand".
[[0;32m  OK  [0m] Started Set console scheme.
[[0;32m  OK  [0m] Started Authenticate and Authorize Users to Run Privileged Tasks.
[[0;32m  OK  [0m] Started Accounts Service.
[[0;32m  OK  [0m] Started LSB: daemon to balance interrupts for SMP systems.
[[0;32m  OK  [0m] Started LSB: automatic crash report generation.
[[0;32m  OK  [0m] Created slice User Slice of vagrant.
         Starting User Manager for UID 1000...
[[0;32m  OK  [0m] Started Session 1 of user vagrant.
[[0;32m  OK  [0m] Started User Manager for UID 1000.
[[0;32m  OK  [0m] Started Snap Daemon.
         Starting Wait until snapd is fully seeded...
[[0;32m  OK  [0m] Started Wait until snapd is fully seeded.
         Starting Apply the settings specified in cloud-config...
[   12.649275] cloud-init[1309]: Cloud-init v. 21.1-19-gbad84ad4-0ubuntu1~16.04.2 running 'modules:config' at Fri, 11 Jun 2021 13:52:06 +0000. Up 12.44 seconds.
         Starting Hostname Service...
[[0;32m  OK  [0m] Started Hostname Service.
[[0;32m  OK  [0m] Started Apply the settings specified in cloud-config.
[[0;32m  OK  [0m] Started vboxadd.service.
         Starting vboxadd-service.service...
[[0;32m  OK  [0m] Started vboxadd-service.service.
[[0;32m  OK  [0m] Reached target Multi-User System.
         Starting Execute cloud user/final scripts...
[[0;32m  OK  [0m] Reached target Graphical Interface.
         Starting Update UTMP about System Runlevel Changes...
[[0;32m  OK  [0m] Started Update UTMP about System Runlevel Changes.
[   13.373537] cloud-init[1442]: Cloud-init v. 21.1-19-gbad84ad4-0ubuntu1~16.04.2 running 'modules:final' at Fri, 11 Jun 2021 13:52:07 +0000. Up 13.26 seconds.
[   13.402366] cloud-init[1442]: Cloud-init v. 21.1-19-gbad84ad4-0ubuntu1~16.04.2 finished at Fri, 11 Jun 2021 13:52:07 +0000. Datasource DataSourceNoCloud [seed=/dev/sdb][dsmode=net].  Up 13.36 seconds
[[0;32m  OK  [0m] Started Execute cloud user/final scripts.
[[0;32m  OK  [0m] Reached target Cloud-init target.

Ubuntu 16.04.7 LTS db1 ttyS0

db1 login: 