[   .0000] Initializing cgroup subsys cpuset
[    0.000000] Initializing cgroup subsys cpu
[    0.000000] Initiazing cgroup subsys cpuacct
[    0.000000] Linux version 4.4.0-173-generic (buildd@lgw01-amd64-037) (gcc version 5.0 16609 buntu 5.4.0-6ubuntu1~16.04.12) ) #203-Ubuntu SMP Wed Jan 15 02:55:01 UTC 2020 (Ubuntu 4.4.0-173.203-generic 4.4.208)
[    0.000000] Command line: BOOT_IMAGE=/boot/vmlinuz-4.4.0-173-generic root=LABEL=cloudimg-rootfs ro console=tty1 console=ttyS0
[    0.000000] KERNEL supported cpus:
[    0.000000]   Intel GenuineIntel
[    0.000000]   AMD AuthenticAMD
[    0.000000]   Centaur CentaurHauls
[    0.000000] x86/fpu: xstate_offset[2]:  576, xstate_sizes[2]:  256
[    0.000000] x86/fpu: Supporting XSAVE feature 0x01: 'x87 floating point registers'
[    0.000000] x86/fpu: Supporting XSAVE feature 0x02: 'SSE registers'
[    0.000000] x86/fpu: Supporting XSAVE feature 0x04: 'AVX registers'
[    0.000000] x86/fpu: Enabled xstate features 0x7, context size is 832 bytes, using 'standard' format.
[    0.000000e820BIS-ovidedhyca RAMap
[    0.000000] BIOS-e820: [mem 0x0000000000000000-0x000000000009fbff] usable
[    0.000000] BIOS-e820: [mem 0x000000000009fc00-0x000000000009ffff] reserved
[    0.000000] BIOS-e820: [mem 0x00000000000f0000-0x00000000000fffff] reserved
[    0.000000] BIOS-e820: [mem 0x0000000000100000-0x000000003ffeffff] usable
[    0.000000] BIOS-e820: [mem 0x000000003fff0000-0x000000003fffffff] ACPI data
[    0.000000] BIOS-e820: [mem 0x00000000fec00000-0x00000000fec00fff] reserved
[    0.000000] BIOS-e820: [mem 0x00000000fee00000-0x00000000fee00fff] reserved
[    0.000000] BIOS-e820: [mem 0x00000000fffc0000-0x00000000ffffffff] reserved
[    0.000000] NX (Execute Disable) protection: active
[    0.000000] SMBIOS 2.5 present.
[    0.000000] Hypervisor detected: KM
[    0000] e8: aspfn = 3f0 axrcpf = 0x40000
  0.000000] MTRR: Disabled
[    0.000000] x86/PAT: MTRRs disabled, skipping PAT initialization too.
[    0.000000] CPU MTRRs all blank - virtualized system.
[    0.000000] x86/PAT: Configuration [0-7]: WB  WT  UC- UC  WB  WT  UC- UC  
[   0.0000] und P MPtable at [mem 0x0009fff0-0x0009ffff] mapped at [ffff88000009fff0]
[    0.000000] Scanning 1 areas for low memory corruption
[    0.000000] RAMDISK: [mem 0x362e4000-0x37169fff]
[    0.000000] ACPI: Early table checksum verification disabled
[    0.000000] ACPI: RSDP 0x00000000000E0000 000024 (v02 VBOX  )
[    0.000000] ACPI: XSDT 0x000000003FFF0030 00003C (v01 VBOX   VBOXXSDT 00000001 ASL  00000061)
[    0.000000] ACPI: FACP 0x000000003FFF00F0 0000F4 (v04 VBOX   VBOXFACP 00000001 ASL  00000061)
[    0.000000] ACPI: DSDT 0x000000003FFF0470 0021FF (v02 VBOX   VBOXBIOS 00000002 INTL 20180105)
[   0.0000 AI: FS 00000003F00 0000
   0000000] ACPI: FACS 0x000000003FFF0200 000040
[    0.000000] ACPI: APIC 0x000000003FFF0240 00005C (v02 VBOX   VBOXAPIC 00000001 ASL  00000061)
[    0.000000] AC: DT 0x000000FF02A0 0001CC (v01 VBOX   VBOXCPUT 00000002 INTL 20180105)
[    0.000000] No NUMA configuration found
[    0.000000] Faking a node at [mem 0x0000000000000000-0x000000003ffeffff]
[    0.000000] NODE_DATA(0) allocated [mem 0x3ffeb000-0x3ffeffff]
[    0.000000] kvm-clock: Using msrs 4b564d01 and 4b564d00
[    0.000000] kvm-clock: cpu 0, msr 0:3ffe3001, primary cpu clock
[    0.000000] kvm-clock: using sched offset of 3152269671 cycles
[    0.000000] clocksource: kvm-clock: mask: 0xffffffffffffffff max_cycles: 0x1cd42e4dffb, max_idle_ns: 881590591483 ns
[    0.000000] Zone ranges:
[    0.000000]   DMA      [mem 0x0000000000001000-0x0000000000ffffff]
[    0.000000]   DMA32    [mem 0x0000000001000000-0x000000003ffeffff]
[    0.000000]   Normal   empty
[    0.000000]   Device   empty
[    0.000000] Movable zone start for each node
[    0.000000] Early memory node ranges
[    0.000000]   node   0: [mem 0x0000000000001000-0x000000000009efff]
[    0.000000]   node   0: [mem 0x0000000000100000-0x000000003ffeffff]
[    0.000000] Initmem setup node 0 [mem 0x0000000000001000-0x000000003ffeffff]
[    0.000000] ACPI: PM-Timer IO Port: 0x4008
[    0.000000] IOAPIC[0]: apic_id 2, version 32, address 0xfec00000, GSI 0-23
[    0.000000] ACPI: INT_SRC_OVR (bus 0 bus_irq 0 global_irq 2 dfl dfl)
[    0.000000] ACPI: INT_SRC_OVR (bus 0 bus_irq 9 global_irq 9 low level)
[    0.000000] Using ACPI (MADT) for SMP configuration information
[    0.000000] smpboot: Allowing 2 CPUs, 0 hotplug CPUs
[    0.000000] PM: Registered nosave memory: [mem 0x00000000-0x00000fff]
[    0.000000] PM: Registered nosave memory: [mem 0x0009f000-0x0009ffff]
[    0.000000] PM: Registered nosave memory: [mem 0x000a0000-0x000effff]
[    0.000000] PM: Registered nosave memory: [mem 0x000f0000-0x000fffff]
[    0.000000] e820: [mem 0x40000000-0xfebfffff] available for PCI devies
[    0000 Booting paravirtualized kernel on KVM
[    0.000000] clocksource: refined-jiffies: mask: 0xffffffff max_cycles: 0xffffffff, max_idle_ns: 7645519600211568 ns
[    0.000000] setup_percpu: NR_CPUS:512 nr_cpumask_bits:512 nr_cpu_ids:2 nr_node_ids
  0.00000]ERU: Embedded 33 pages/cpu @ffff88003fc00000 s95448 r8192 d31528 u1048576
[    0.000000] Built 1 zonelists in Node order, mobility grouping on.  Total pages: 257912
[    0.000000] Policy zone: DMA32
[    0.000000] Kernel command line: BOOT_IMAGE=/boot/vmlinuz-4.4.0-173-generic root=LABEL=cloudimg-rootfs ro console=tty1 console=ttyS0
[    0.000000] PID hash table entries: 4096 (order: 3, 32768 bytes)
[    0.000000] Memory: 997680K/1048120K available (8626K kernel code, 1336K rwdata, 4032K rodata, 1488K init, 1292K bss, 50440K reserved, 0K cma-reserved)
[    0.000000] SLUB: HWalign=64, Order=0-3, MinObjects=0, CPUs=2, Nodes=1
[    0.000000] Kernel/User page tables isolation: enabled
[    0.000000] Hierarchical RCU implementation.
[    0.000000] 	Build-time adjustment of leaf fanout to 64.
[    0.000000] 	RCU restricting CPUs from NR_CPUS=512 to nr_cpu_ids=2.
[    0.000000] RCU: Adjusting geometry for rcu_fanout_leaf=64, nr_cpu_ids=2
[    0.000000] NR_IRQS:33024 nr_irqs:440 16
[    0.000000] Console: colour VGA+ 80x25
[    0.000000] console [tty1] enabled
[    0.000000] console [ttyS0] enabled
[    0.000000] tsc: Detected 1991.999 MHz processor
[    1.437693] Calibrating delay loop (skipped) preset value.. 3983.99 BogoMIPS (lpj=7967996)
[    1.438976] pid_max: default: 32768 minimum: 301
[    1.439632] ACPI: Core revision 20150930
[    1.441023] ACPI: 2 ACPI AML tables successfully acquired and loaded
[    1.441962] Security Framework initialized
[    1.442823] Yama: becoming mindful.
[    1.443334] AppArmor: AppArmor initialized
[    1.443951] Dentry cache hash table entries: 131072 (order: 8, 1048576 bytes)
[    1.445519] Inode-cache hash table entries: 65536 (order: 7, 524288 bytes)
[    1.446701] Mount-cache hash table entries: 2048 (order: 2, 16384 bytes)
[    1.447693] Mountpoint-cache hash table entries: 2048 (order: 2, 1638 bytes)
[    1.460013] Initializing cgroup subsys io
[    1.460761] Intializing cgroup subsys memory
[    1.517715] Initializing cgroup subsys devices
[    1.518507] Initializing cgroup subsys freezer
[    1.519407] Initializing cgroup subsys net_cls
[    1.520215] Initializing cgroup subsys perf_event
[    1.521026] Initializing cgroup subsys net_prio
[    1.521761] Initializing cgroup subsys hugetlb
[    1.522473] Initializing cgroup subsys pids
[    1.524305] mce: CPU supports 0 MCE banks
[    1.524998] Last level iTLB entries: 4KB 64, 2MB 8, 4MB 8
[    1.525800] Last level dTLB entries: 4KB 64, 2MB 0, 4MB 0, 1GB 4
[    1.526597] Spectre V1 : Mitigation: usercopy/swapgs barriers and __user pointer sanitization
[    1.527854] Spectre V2 : Mitigation: Full generic retpoline
[    1.528618] Spectre V2 : Spectre v2 / SpectreRSB mitigation: Filling RSB on context switch
[    1.529807] Speculative Store Bypass: Vulnerable
[    1.530591] MDS: Mitigation: Clear CPU buffers
[    1.533437] Freeing SMP alternatives memory: 36K
[    1.546185] ftrace: allocating 32304 entries in 127 pages
[    1.591253] smpboot: APIC(0) Converting physical 0 to logical package 0
[    1.620075] smpboot: Max logical packages: 1
[    1.621021] x2apic enabled
[    1.621910] Switched APIC routing to physical x2apic.
[    1.623795] ..TIMER: vector=0x30 apic1=0 pin1=2 apic2=-1 pin2=-1
[    1.732777] smpboot: CPU0: Intel(R) Core(TM) i7-8565U CPU @ 1.80GHz (family: 0x6, model: 0x8e, stepping: 0xc)
[    1.771494] Performance Events: unsupported p6 CPU model 142 no PMU driver, software events only.
[    1.780970] KVM setup paravirtual spinlock
[    1.820048] x86: Booting SMP configuration:
[    1.821016] .... node  #0, CPUs:      #1
[    1.821857] kvm-clock: cpu 1, msr 0:3ffe3041, secondary cpu clock
[    1.823736] mce: CPU supports 0 MCE banks
[    1.826221] x86: Booted up 1 node, 2 CPUs
[    1.827101] smpboot: Total of 2 processors activated (7967.99 BogoMIPS)
[    1.828383] devtmpfs: initialized
[    1.830538] evm: security.selinux
[    1.831048] evm: security.SMACK64
[    1.831608] evm: security.SMACK64EXEC
[    1.832123] evm: security.SMACK64TRANSMUTE
[    1.832678] evm: security.SMACK64MMAP
[    1.833290] evm: security.ima
[    1.833765] evm: security.capability
[    1.834527] clocksource: jiffies: mask: 0xffffffff max_cycles: 0xffffffff, max_idle_ns: 7645041785100000 ns
[    1.836037] futex hash table entries: 512 (order: 3, 32768 bytes)
[    1.838336] pinctrl core: initialized pinctrl subsystem
[    1.839404] RTC time:  0:49:31, date: 04/09/20
[    1.840373] NET: Registered protocol family 16
[    1.853032] cpuidle: using governor ladder
[    1.868848] cpuidle: using governor menu
[    1.869423] PCCT header not found.
[    1.869936] ACPI: bus type PCI registered
[    1.870515] acpiphp: ACPI Hot Plug PCI Controller Driver version: 0.5
[    1.871504] PCI: Using configuration type 1 for base access
[    1.885223] ACPI: Added _OSI(Module Device)
[    1.885944] ACPI: Added _OSI(Processor Device)
[    1.886684] ACPI: Added _OSI(3.0 _SCP Extensions)
[    1.887376] ACPI: Added _OSI(Processor Aggregator Device)
[    1.888704] ACPI: Executed 1 blocks of module-level executable AML code
[    1.891882] ACPI: Interpreter enabled
[    1.897784] ACPI: (supports S0 S5)
[    1.898347] ACPI: Using IOAPIC for interrupt routing
[    1.899252] PCI: Using host bridge windows from ACPI; if necessary, use "pci=nocrs" and report a bug
[    1.903714] ACPI: PCI Root Bridge [PCI0] (domain 0000 [bus 00-ff])
[    1.905566] acpi PNP0A03:00: _OSC: OS supports [ASPM ClockPM Segments MSI]
[    1.906932] acpi PNP0A03:00: _OSC: not requesting OS control; OS requires [ExtendedConfig ASPM ClockPM MSI]
[    1.908255] acpi PNP0A03:00: fail to add MMCONFIG information, can't access extended PCI configuration space under this bridge.
[    1.910042] PCI host bridge to bus 0000:00
[    1.910723] pci_bus 0000:00: root bus resource [io  0x0000-0x0cf7 window]
[    1.911683] pci_bus 0000:00: root bus resource [io  0x0d00-0xffff window]
[    1.912636] pci_bus 0000:00: root bus resource [mem 0x000a0000-0x000bffff window]
[    1.913837] pci_bus 0000:00: root bus resource [mem 0x40000000-0xfdffffff window]
[    1.915046] pci_bus 0000:00: root bus resource [bus 00-ff]
[    1.934524] pci 0000:00:01.1: legacy IDE quirk: reg 0x10: [io  0x01f0-0x01f7]
[    1.935869] pci 0000:00:01.1: legacy IDE quirk: reg 0x14: [io  0x03f6]
[    1.937034] pci 0000:00:01.1: legacy IDE quirk: reg 0x18: [io  0x0170-0x0177]
[    1.938175] pci 0000:00:01.1: legacy IDE quirk: reg 0x1c: [io  0x0376]
[    1.962280] pci 0000:00:07.0: quirk: [io  0x4000-0x403f] claimed by PIIX4 ACPI
[    1.986200] pci 0000:00:07.0: quirk: [io  0x4100-0x410f] claimed by PIIX4 SMB
[    1.993239] ACPI: PCI Interrupt Link [LNKA] (IRQs 5 9 10 *11)
[    2.010496] ACPI: PCI Interrupt Link [LNKB] (IRQs 5 9 *10 11)
[    2.011700] ACPI: PCI Interrupt Link [LNKC] (IRQs 5 *9 10 11)
[    2.012739] ACPI: PCI Interrupt Link [LNKD] (IRQs 5 9 10 *11)
[    2.013963] ACPI: Enabled 2 GPEs in block 00 to 07
[    2.015092] vgaarb: setting as boot device: PCI:0000:00:02.0
[    2.015814] vgaarb: device added: PCI:0000:00:02.0,decodes=io+mem,owns=io+mem,locks=none
[    2.016892] vgaarb: loaded
[    2.017292] vgaarb: bridge control possible 0000:00:02.0
[    2.018221] SCSI subsystem initialized
[    2.018932] ACPI: bus type USB registered
[    2.019515] usbcore: registered new interface driver usbfs
[    2.020350] usbcore: registered new interface driver hub
[    2.021393] usbcore: registered new device driver usb
[    2.022409] PCI: Using ACPI for IRQ routing
[    2.024206] NetLabel: Initializing
[    2.025307] NetLabel:  domain hash size = 128
[    2.026640] NetLabel:  protocols = UNLABELED CIPSOv4
[    2.027773] NetLabel:  unlabeled traffic allowed by default
[    2.028708] amd_nb: Cannot enumerate AMD northbridges
[    2.029388] clocksource: Switched to clocksource kvm-clock
[    2.035309] AppArmor: AppArmor Filesystem Enabled
[    2.036187] pnp: PnP ACPI init
[    2.037469] pnp: PnP ACPI: found 3 devices
[    2.046048] clocksource: acpi_pm: mask: 0xffffff max_cycles: 0xffffff, max_idle_ns: 2085701024 ns
[    2.047495] NET: Registered protocol family 2
[    2.048411] TCP established hash table entries: 8192 (order: 4, 65536 bytes)
[    2.049351] TCP bind hash table entries: 8192 (order: 5, 131072 bytes)
[    2.050260] TCP: Hash tables configured (established 8192 bind 8192)
[    2.051186] UDP hash table entries: 512 (order: 2, 16384 bytes)
[    2.051992] UDP-Lite hash table entries: 512 (order: 2, 16384 bytes)
[    2.052927] NET: Registered protocol family 1
[    2.053556] pci 0000:00:00.0: Limiting direct PCI/PCI transfers
[    2.054350] pci 0000:00:01.0: Activating ISA DMA hang workarounds
[    2.055271] Unpacking initramfs...
[    2.235194] Freeing initrd memory: 14872K
[    2.269201] clocksource: tsc: mask: 0xffffffffffffffff max_cycles: 0x396d4ffc055, max_idle_ns: 881590662783 ns
[    2.280091] platform rtc_cmos: registered platform RTC device (no PNP device found)
[    2.281306] Scanning for low memory corruption every 60 seconds
[    2.282646] audit: initializing netlink subsys (disabled)
[    2.283451] audit: type=2000 audit(1586393374.896:1): initialized
[    2.284496] Initialise system trusted keyring
[    2.285479] HugeTLB registered 2 MB page size, pre-allocated 0 pages
[   22.287741] zbud: loaded
[    24409673] VFS: Disk quotas dquot_6.6.0
[    2.479225] VFS: Dquot-cache hash table entries: 512 (order 0, 4096 bytes)
[    2.480851] squashfs: version 4.0 (2009/01/31) Phillip Lougher
[    2.482178] fuse init (API version 7.23)
[    2.483074] Key type big_key registered
[    2.483747] Allocating IMA MOK and blacklist keyrings.
[    2.485579] Key type asymmetric registered
[    2.486361] Asymmetric key parser 'x509' registered
[    2.499368] Block layer SCSI generic (bsg) driver version 0.4 loaded (major 249)
[    2.500643] io scheduler noop registered
[    2.508868] io scheduler deadline registered (default)
[    2.509667] io scheduler cfq registered
[    2.510336] pci_hotplug: PCI Hot Plug PCI Core version: 0.5
[    2.511189] pciehp: PCI Express Hot Plug Controller Driver version: 0.4
[    2.512204] ACPI: AC Adapter [AC] (off-line)
[    2.512901] input: Power Button as /devices/LNXSYSTM:00/LNXPWRBN:00/input/input0
[    2.514112] ACPI: Power Button [PWRF]
[    2.514784] input: Sleep Button as /devices/LNXSYSTM:00/LNXSLPBN:00/input/input1
[    2.515879] ACPI: Sleep Button [SLPF]
[    2.517048] ACPI: Battery Slot [BAT0] (battery present)
[    2.517798] GHES: HEST is not enabled!
[    2.518465] Serial: 8250/16550 driver, 32 ports, IRQ sharing enabled
[    2.540849] 00:02: ttyS0 at I/O 0x3f8 (irq = 4, base_baud = 115200) is a 16550A
[    2.543024] Linux agpgart interface v0.103
[    2.545132] loop: module loaded
[    2.546257] scsi host0: ata_piix
[    2.547010] scsi host1: ata_piix
[    2.547595] ata1: PATA max UDMA/33 cmd 0x1f0 ctl 0x3f6 bmdma 0xd000 irq 14
[    2.548406] ata2: PATA max UDMA/33 cmd 0x170 ctl 0x376 bmdma 0xd008 irq 15
[    2.549594] libphy: Fixed MDIO Bus: probed
[    2.550268] tun: Universal TUN/TAP device driver, 1.6
[    2.551832] tun: (C) 1999-2004 Max Krasnyansky <maxk@qualcomm.com>
[    2.553706] PPP generic driver version 2.4.2
[    2.589457] ehci_hcd: USB 2.0 'Enhanced' Host Controller (EHCI) Driver
[    2.590446] ehci-pci: EHCI PCI platform driver
[    2.591183] ehci-platform: EHCI generic platform driver
[    2.591906] ohci_hcd: USB 1.1 'Open' Host Controller (OHCI) Driver
[    2.592737] ohci-pci: OHCI PCI platform driver
[    2.593366] ohci-platform: OHCI generic platform driver
[    2.594092] uhci_hcd: USB Universal Host Controller Interface driver
[    2.594992] i8042: PNP: PS/2 Controller [PNP0303:PS2K,PNP0f03:PS2M] at 0x60,0x64 irq 1,12
[    2.596651] serio: i8042 KBD port at 0x60,0x64 irq 1
[    2.597413] serio: i8042 AUX port at 0x60,0x64 irq 12
[    2.598291] mousedev: PS/2 mouse device common for all mice
[    2.599534] rtc_cmos rtc_cmos: rtc core: registered rtc_cmos as rtc0
[    2.600672] rtc_cmos rtc_cmos: alarms up to one day, 114 bytes nvram
[    2.601510] i2c /dev entries driver
[    2.602098] input: AT Translated Set 2 keyboard as /devices/platform/i8042/serio0/input/input2
[    2.603470] device-mapper: uevent: version 1.0.3
[    2.604157] device-mapper: ioctl: 4.34.0-ioctl (2015-10-28) initialised: dm-devel@redhat.com
[    2.605335] ledtrig-cpu: registered to indicate activity on CPUs
[    2.606676] NET: Registered protocol family 10
[    2.607620] NET: Registered protocol family 17
[    2.608584] Key type dns_resolver registered
[    2.609648] registered taskstats version 1
[    2.610550] Loading compiled-in X.509 certificates
[    2.620165] Loaded X.509 cert 'Build time autogenerated kernel key: 4e6a82653c7e3a258f066f23f1954299de63b157'
[    2.621897] zswap: loaded using pool lzo/zbud
[    2.624748] Key type trusted registered
[    2.628376] Key type encrypted registered
[    2.631105] AppArmor: AppArmor sha1 policy hashing enabled
[    2.635706] ima: No TPM chip found, activating TPM-bypass!
[    2.636614] ima: Allocated hash algorithm: sha1
[    2.637368] evm: HMAC attrs: 0x1
[    2.638407]   Magic number: 0:447:809
[    2.639216] rtc_cmos rtc_cmos: setting system clock to 2020-04-09 00:49:31 UTC (1586393371)
[    2.640731] BIOS EDD facility v0.16 2004-Jun-25, 0 devices found
[    2.641645] EDD information not available.
[    2.710580] Freeing unused kernel memory: 1488K
[    2.741005] Write protecting the kernel read-only data: 14336k
[    2.760570] Freeing unused kernel memory: 1604K
[    2.809512] Freeing unused kernel memory: 64K
Loading, please wait...
[    2.942057] random: systemd-udevd: uninitialized urandom read (16 bytes read, 3 bits of entropy available)
starting version 229
[    2.942691] random: udevadm: uninitialized urandom read (16 bytes read, 3 bits of entropy available)
[    2.942706] random: udevadm: uninitialized urandom read (16 bytes read, 3 bits of entropy available)
[    2.948939] random: udevadm: uninitialized urandom read (16 bytes read, 3 bits of entropy available)
[    2.948976] random: udevadm: uninitialized urandom read (16 bytes read, 3 bits of entropy available)
[    2.949087] random: udevadm: uninitialized urandom read (16 bytes read, 3 bits of entropy available)
[    2.949127] random: udevadm: uninitialized urandom read (16 bytes read, 3 bits of entropy available)
[    2.949166] random: udevadm: uninitialized urandom read (16 bytes read, 3 bits of entropy available)
[    2.949205] random: udevadm: uninitialized urandom read (16 bytes read, 3 bits of entropy available)
[    2.949243] random: udevadm: uninitialized urandom read (16 bytes read, 3 bits of entropy available)
[    3.079953] e1000: Intel(R) PRO/1000 Network Driver - version 7.3.21-k8-NAPI
[    3.081302] e1000: Copyright (c) 1999-2006 Intel Corporation.
[    3.139390] Fusion MPT base driver 3.04.20
[    3.301337] Copyright (c) 1999-2008 LSI Corporation
[    3.307101] Fusion MPT SPI Host driver 3.04.20
[    3.316358] AVX2 version of gcm_enc/dec engaged.
[    3.317288] AES CTR mode by8 optimization enabled
[    3.341076] input: ImExPS/2 Generic Explorer Mouse as /devices/platform/i8042/serio1/input/input4
[    3.623995] e1000 0000:00:03.0 eth0: (PCI:33MHz:32-bit) 02:0e:0c:9a:00:f0
[    3.625114] e1000 0000:00:03.0 eth0: Intel(R) PRO/1000 Network Connection
[    3.965749] e1000 0000:00:08.0 eth1: (PCI:33MHz:32-bit) 08:00:27:e6:8d:81
[    3.968155] e1000 0000:00:08.0 eth1: Intel(R) PRO/1000 Network Connection
[    3.972254] e1000 0000:00:08.0 enp0s8: renamed from eth1
[    3.973556] mptbase: ioc0: Initiating bringup
[    3.981464] e1000 0000:00:03.0 enp0s3: renamed from eth0
[    4.286888] ioc0: LSI53C1030 A0: Capabilities={Initiator}
[    5.286608] scsi host2: ioc0: LSI53C1030 A0, FwRev=00000000h, Ports=1, MaxQ=256, IRQ=20
[    5.965106] scsi 2:0:0:0: Direct-Access     VBOX     HARDDISK         1.0  PQ: 0 ANSI: 5
[    6.293246] scsi target2:0:0: Beginning Domain Validation
[    6.294747] scsi target2:0:0: Domain Validation skipping write tests
[    6.295645] scsi target2:0:0: Ending Domain Validation
[    6.296374] scsi target2:0:0: asynchronous
[    6.297297] scsi 2:0:1:0: Direct-Access     VBOX     HARDDISK         1.0  PQ: 0 ANSI: 5
[    6.298699] scsi target2:0:1: Beginning Domain Validation
[    6.309499] scsi target2:0:1: Domain Validation skipping write tests
[    6.311012] scsi target2:0:1: Ending Domain Validation
[    6.311998] scsi target2:0:1: asynchronous
[    6.317490] sd 2:0:0:0: Attached scsi generic sg0 type 0
[    6.318598] sd 2:0:0:0: [sda] 20971520 512-byte logical blocks: (10.7 GB/10.0 GiB)
[    6.318808] sd 2:0:1:0: [sdb] 20480 512-byte logical blocks: (10.5 MB/10.0 MiB)
[    6.318887] sd 2:0:1:0: [sdb] Write Protect is off
[    6.318943] sd 2:0:1:0: [sdb] Incomplete mode parameter data
[    6.318944] sd 2:0:1:0: [sdb] Assuming drive cache: write through
[    6.322812] sd 2:0:1:0: Attached scsi generic sg1 type 0
[    6.324703] sd 2:0:1:0: [sdb] Attached SCSI disk
[    6.581815] sd 2:0:0:0: [sda] Write Protect is off
[    6.582664] sd 2:0:0:0: [sda] Incomplete mode parameter data
[    6.583404] sd 2:0:0:0: [sda] Assuming drive cache: write through
[    6.587500]  sda: sda1
[    6.624281] sd 2:0:0:0: [sda] Attached SCSI disk
Begin: Loading essential drivers ... [    7.950899] md: linear personality registered for level -1
[    7.953709] md: multipath personality registered for level -4
[    7.956431] md: raid0 personality registered for level 0
[    7.982208] md: raid1 personality registered for level 1
[    8.062285] raid6: sse2x1   gen() 11420 MB/s
[    8.258547] raid6: sse2x1   xor()  8571 MB/s
[    8.348531] raid6: sse2x2   gen() 16159 MB/s
[    8.498548] raid6: sse2x2   xor() 10658 MB/s
[    8.588594] raid6: sse2x4   gen() 17428 MB/s
[    8.653401] raid6: sse2x4   xor() 10819 MB/s
[    8.722064] raid6: avx2x1   gen() 19118 MB/s
[    8.818616] raid6: avx2x2   gen() 31008 MB/s
[    8.913806] raid6: avx2x4   gen() 32891 MB/s
[    8.951123] raid6: using algorithm avx2x4 gen() 32891 MB/s
[    8.951983] raid6: using avx2x2 recovery algorithm
[    8.954012] xor: automatically using best checksumming function:
[    8.993432]    avx       : 23787.000 MB/sec
[    8.995436] async_tx: api initialized (async)
[    9.004878] md: raid6 personality registered for level 6
[    9.005768] md: raid5 personality registered for level 5
[    9.006484] md: raid4 personality registered for level 4
[    9.012070] md: raid10 personality registered for level 10
done.
Begin: Running /scripts/init-premount ... done.
Begin: Mounting root file system ... Begin: Running /scripts/local-top ... done.
Begin: Running /scripts/local-premount ... [    9.037346] Btrfs loaded
Scanning for Btrfs filesystems
done.
Warning: fsck no[    9.077755] EXT4-fs (sda1): mounted filesystem with ordered data mode. Opts: (null)
t present, so skipping root file system
done.
Begin: Running /scripts/local-bottom ... done.
Begin: Running /scripts/init-bottom ... done.
[    9.327415] systemd[1]: systemd 229 running in system mode. (+PAM +AUDIT +SELINUX +IMA +APPARMOR +SMACK +SYSVINIT +UTMP +LIBCRYPTSETUP +GCRYPT +GNUTLS +ACL +XZ -LZ4 +SECCOMP +BLKID +ELFUTILS +KMOD -IDN)
[    9.490070] systemd[1]: Detected virtualization oracle.
[    9.499562] systemd[1]: Detected architecture x86-64.

Welcome to [1mUbuntu 16.04.6 LTS[0m!

[    9.524426] systemd[1]: Set hostname to <ubuntu>.
[    9.529464] systemd[1]: Initializing machine ID from random generator.
[    9.531182] systemd[1]: Installed transient /etc/machine-id file.
[    9.652618] systemd[1]: Started Forward Password Requests to Wall Directory Watch.
[[0;32m  OK  [0m] Started Forward Password Requests to Wall Directory Watch.
[    9.685155] systemd[1]: Started Trigger resolvconf update for networkd DNS.
[[0;32m  OK  [0m] Started Trigger resolvconf update for networkd DNS.
[    9.724929] systemd[1]: Listening on Syslog Socket.
[[0;32m  OK  [0m] Listening on Syslog Socket.
[    9.729742] systemd[1]: Listening on LVM2 poll daemon socket.
[[0;32m  OK  [0m] Listening on LVM2 poll daemon socket.
[    9.733549] systemd[1]: Reached target System Time Synchronized.
[[0;32m  OK  [0m] Reached target System Time Synchronized.
[    9.736906] systemd[1]: Listening on udev Kernel Socket.
[[0;32m  OK  [0m] Listening on udev Kernel Socket.
[    9.739811] systemd[1]: Listening on LVM2 metadata daemon socket.
[[0;32m  OK  [0m] Listening on LVM2 metadata daemon socket.
[    9.751208] systemd[1]: Listening on Journal Audit Socket.
[[0;32m  OK  [0m] Listening on Journal Audit Socket.
[    9.753121] systemd[1]: Listening on Journal Socket.
[[0;32m  OK  [0m] Listening on Journal Socket.
[    9.755082] systemd[1]: Listening on Device-mapper event daemon FIFOs.
[[0;32m  OK  [0m] Listening on Device-mapper event daemon FIFOs.
[    9.757218] systemd[1]: Listening on /dev/initctl Compatibility Named Pipe.
[[0;32m  OK  [0m] Listening on /dev/initctl Compatibility Named Pipe.
[    9.759440] systemd[1]: Set up automount Arbitrary Executable File Formats File System Automount Point.
[[0;32m  OK  [0m] Set up automount Arbitrary Executab...ats File System Automount Point.
[    9.820952] systemd[1]: Reached target Encrypted Volumes.
[[0;32m  OK  [0m] Reached target Encrypted Volumes.
[    9.822674] systemd[1]: Listening on udev Control Socket.
[[0;32m  OK  [0m] Listening on udev Control Socket.
[    9.824498] systemd[1]: Created slice User and Session Slice.
[[0;32m  OK  [0m] Created slice User and Session Slice.
[    9.826311] systemd[1]: Reached target User and Group Name Lookups.
[[0;32m  OK  [0m] Reached target User and Group Name Lookups.
[    9.828097] systemd[1]: Listening on Journal Socket (/dev/log).
[[0;32m  OK  [0m] Listening on Journal Socket (/dev/log).
[    9.829799] systemd[1]: Created slice System Slice.
[[0;32m  OK  [0m] Created slice System Slice.
[    9.841807] systemd[1]: Starting Monitoring of LVM2 mirrors, snapshots etc. using dmeventd or progress polling...
         Starting Monitoring of LVM2 mirrors... dmeventd or progress polling...
[    9.851683] systemd[1]: Mounting POSIX Message Queue File System...
         Mounting POSIX Message Queue File System...
[    9.853879] systemd[1]: Created slice system-serial\x2dgetty.slice.
[[0;32m  OK  [0m] Created slice system-serial\x2dgetty.slice.
[    9.885897] systemd[1]: Mounting Debug File System...
         Mounting Debug File System...
[    9.900326] systemd[1]: Reached target Slices.
[[0;32m  OK  [0m] Reached target Slices.
[    9.928782] systemd[1]: Starting Remount Root and Kernel File Systems...
[    9.936897] EXT4-fs (sda1): re-mounted. Opts: (null)
         Starting Remount Root and Kernel File Systems...
[   10.140873] systemd[1]: Starting Uncomplicated firewall...
         Starting Uncomplicated firewall...
[   10.143730] systemd[1]: Mounting Huge Pages File System...
[   10.144726] random: nonblocking pool is initialized
         Mounting Huge Pages File System...
[   10.148752] systemd[1]: Starting Load Kernel Modules...
[   10.160804] Loading iSCSI transport class v2.0-870.
         Starting Load Kernel Modules...
[   10.200888] systemd[1]: Starting Journal Service...
         Starting Journal Servic[   10.213023] iscsi: registered transport (tcp)
e...
[   10.219766] systemd[1]: Starting Set console keymap...
         Starting Set console keymap...
[   10.224071] systemd[1]: Starting Nameserver information manager...
         Starting Nameserver information manager...
[   10.238850] systemd[1]: Starting Create list of required static device nodes for the current kernel...
         Starting Create list of required st... nodes for the current kernel...
[   10.241618] systemd[1]: Reached target Swap.
[[0;32m  OK  [0m] Reached target Swap.
[   10.244587] systemd[1]: Mounted Debug File System.
[[0;32m  OK  [0m] Mounted Debug File System.
[   10.246243] systemd[1]: Mounted Huge Pages File System.
[[0;32m  OK  [0m] Mounted Huge Pages File System.
[   10.248012] systemd[1]: Mounted POSIX Message Queue File System.
[[0;32m  OK  [0m] Mounted POSIX Message Queue File System.
[   10.249651] systemd[1]: Started Journal Service.
[[0;32m  OK  [0m] Started Journal Service.
[[0;32m  OK  [0m] Started Remount Root and Kernel File Systems.
[[0;32m  OK  [0m] Started Uncomplicated firewall.
[[0;32m  OK  [0m] Started Create list of required sta...ce nodes for the current kernel.
[[0;32m  OK  [0m] Started Nameserver information manager.
[[0;32m  OK  [0m] Started LVM2 metadata daemon.
         Starting Create Static [   10.277361] iscsi: registered transport (iser)
Device Nodes in /dev...
         Starting udev Coldplug all Devices...
         Starting Load/Save Random Seed...
         Starting Flush Journal to Persistent Storage...
[[0;32m  OK  [0m] Started Load Kernel Modules.
[[0;32m  OK  [0m] Started Set console keymap.
[[0;32m  OK  [0m] Started Create Static Device Nodes in /dev.
[[0;32m  OK  [0m] Started Load/Save Random Seed.
         Starting udev Kernel Device Manager...
         Starting Apply Kernel Variables...
         Mounting FUSE Control File System...
[   10.449206] systemd-journald[390]: Received request to flush runtime journal from PID 1
[[0;32m  OK  [0m] Mounted FUSE Control File System.
[[0;32m  OK  [0m] Started Flush Journal to Persistent Storage.
[[0;32m  OK  [0m] Started udev Coldplug all Devices.
[[0;32m  OK  [0m] Started Apply Kernel Variables.
[[0;32m  OK  [0m] Started udev Kernel Device Manager.
[[0;32m  OK  [0m] Started Dispatch Password Requests to Console Directory Watch.
[[0;32m  OK  [0m] Found device /dev/ttyS0.
[[0;32m  OK  [0m] Listening on Load/Save RF Kill Switch Status /dev/rfkill Watch.
[[0;32m  OK  [0m] Started Monitoring of LVM2 mirrors,...ng dmeventd or progress polling.
[[0;32m  OK  [0m] Reached target Local File Systems (Pre).
[[0;32m  OK  [0m] Reached target Local File Systems.
         Starting Initial cloud-init job (pre-networking)...
         Starting LSB: AppArmor initialization...
         Starting Create Volatile Files and Directories...
         Starting Set console font and keymap...
         Starting Tell Plymouth To Write Out Runtime Data...
         Starting Commit a transient machine-id on disk...
[[0;32m  OK  [0m] Started Create Volatile Files and Directories.
[[0;32m  OK  [0m] Started Tell Plymouth To Write Out Runtime Data.
[[0;32m  OK  [0m] Started Commit a transient machine-id on disk.
         Starting Update UTMP about System Boot/Shutdown...
[[0;32m  OK  [0m] Started Update UTMP about System Boot/Shutdown.
[[0;32m  OK  [0m] Started Set console font and keymap.
[[0;32m  OK  [0m] Created slice system-getty.slice.
[   10.087580] cloud-init[608]: Cloud-init v. 19.4-33-gbb4131a2-0ubuntu1~16.04.1 running 'init-local' at Thu, 09 Apr 2020 00:49:40 +0000. Up 9.80 seconds.
[[0;32m  OK  [0m] Started Initial cloud-init job (pre-networking).
[[0;32m  OK  [0m] Reached target Network (Pre).
[[0;32m  OK  [0m] Started LSB: AppArmor initialization.
         Starting Raise network interfaces...
[[0;32m  OK  [0m] Started Raise network interfaces.
[[0;32m  OK  [0m] Reached target Network.
         Starting Initial cloud-init job (metadata service crawler)...
[   11.263053] cloud-init[962]: Cloud-init v. 19.4-33-gbb4131a2-0ubuntu1~16.04.1 running 'init' at Thu, 09 Apr 2020 00:49:41 +0000. Up 10.69 seconds.
[   11.264853] cloud-init[962]: ci-info: ++++++++++++++++++++++++++++++++++++Net device info+++++++++++++++++++++++++++++++++++++
[   11.266598] cloud-init[962]: ci-info: +--------+-------+------------------------+---------------+--------+-------------------+
[   11.268062] cloud-init[962]: ci-info: | Device |   Up  |        Address         |      Mask     | Scope  |     Hw-Address    |
[   11.278539] cloud-init[962]: ci-info: +--------+-------+------------------------+---------------+--------+-------------------+
[   11.285930] cloud-init[962]: ci-info: | enp0s3 |  True |       10.0.2.15        | 255.255.255.0 | global | 02:0e:0c:9a:00:f0 |
[   11.310607] cloud-init[962]: ci-info: | enp0s3 |  True | fe80::e:cff:fe9a:f0/64 |       .       |  link  | 02:0e:0c:9a:00:f0 |
[   11.310805] cloud-init[962]: ci-info: | enp0s8 | False |           .            |       .       |   .    | 08:00:27:e6:8d:81 |
[   11.310938] cloud-init[962]: ci-info: |   lo   |  True |       127.0.0.1        |   255.0.0.0   |  host  |         .         |
[   11.311094] cloud-init[962]: ci-info: |   lo   |  True |        ::1/128         |       .       |  host  |         .         |
[   11.311241] cloud-init[962]: ci-info: +--------+-------+------------------------+---------------+--------+-------------------+
[   11.311391] cloud-init[962]: ci-info: +++++++++++++++++++++++++++Route IPv4 info++++++++++++++++++++++++++++
[   11.311696] cloud-init[962]: ci-info: +-------+-------------+----------+---------------+-----------+-------+
[   11.311839] cloud-init[962]: ci-info: | Route | Destination | Gateway  |    Genmask    | Interface | Flags |
[   11.311981] cloud-init[962]: ci-info: +-------+-------------+----------+---------------+-----------+-------+
[   11.312291] cloud-init[962]: ci-info: |   0   |   0.0.0.0   | 10.0.2.2 |    0.0.0.0    |   enp0s3  |   UG  |
[   11.312429] cloud-init[962]: ci-info: |   1   |   10.0.2.0  | 0.0.0.0  | 255.255.255.0 |   enp0s3  |   U   |
[   11.312572] cloud-init[962]: ci-info: +-------+-------------+----------+---------------+-----------+-------+
[   11.312761] cloud-init[962]: ci-info: +++++++++++++++++++Route IPv6 info+++++++++++++++++++
[   11.312868] cloud-init[962]: ci-info: +-------+-------------+---------+-----------+-------+
[   11.313007] cloud-init[962]: ci-info: | Route | Destination | Gateway | Interface | Flags |
[   11.313199] cloud-init[962]: ci-info: +-------+-------------+---------+-----------+-------+
[[0;32m  OK  [0m] Started Initial cloud-init job (metadata service crawler).
[   11.313328] cloud-init[962]: ci-info: |   0   |  fe80::/64  |    ::   |   enp0s3  |   U   |
[   11.404256] cloud-init[962]: ci-info: |   3   |   ff00::/8  |    ::   |   enp0s3  |   U   |
[   11.404511] cloud-init[962]: ci-info: +-------+-------------+---------+-----------+-------+
[   11.404743] cloud-init[962]: Generating public/private rsa key pair.
[   11.404864] cloud-init[962]: Your identification has been saved in /etc/ssh/ssh_host_rsa_key.
[   11.404971] cloud-init[962]: Your public key has been saved in /etc/ssh/ssh_host_rsa_key.pub.
[   11.405111] cloud-init[962]: The key fingerprint is:
[   11.405224] cloud-init[962]: SHA256:uB2JJFR8YjN0rhYX7qK5NeDi/ynKqszSaEnZYVXUeOY root@ubuntu-xenial
[   11.405332] cloud-init[962]: The key's randomart image is:
[   11.405447] cloud-init[962]: +---[RSA 2048]----+
[   11.405563] cloud-init[962]: |    .+=o=        |
[   11.405677] cloud-init[962]: |   . .*=.=       |
[   11.405793] cloud-init[962]: |    o.o=B        |
[   11.405907] cloud-init[962]: |   o o B E       |
[   11.406022] cloud-init[962]: |  + o * S        |
[   11.406142] cloud-init[962]: | o o = + .       |
[   11.406254] cloud-init[962]: |.oo + + .        |
[   11.406369] cloud-init[962]: |==...o o         |
[   11.406483] cloud-init[962]: |*++oooo          |
[   11.406599] cloud-init[962]: +----[SHA256]-----+
[   11.406749] cloud-init[962]: Generating public/private dsa key pair.
[   11.406909] cloud-init[962]: Your identification has been saved in /etc/ssh/ssh_host_dsa_key.
[   11.407057] cloud-init[962]: Your public key has been saved in /etc/ssh/ssh_host_dsa_key.pub.
[   11.407213] cloud-init[962]: The key fingerprint is:
[   11.407366] cloud-init[962]: SHA256:VrfDlhJgRCanNWV4Rmz5Ar+wJutL+Kgkmko2BMiV1Is root@ubuntu-xenial
[   11.407518] cloud-init[962]: The key's randomart image is:
[   11.407671] cloud-init[962]: +---[DSA 1024]----+
[   11.407827] cloud-init[962]: |  .oo .oX=+.     |
[   11.407980] cloud-init[962]: |o .. . Bo+*      |
[   11.408296] cloud-init[962]: |o.  . o  *o..    |
[   11.408448] cloud-init[962]: |.  E .  ..o+.o   |
[   11.408599] cloud-init[962]: | .      So.o*    |
[   11.408753] cloud-init[962]: |.    ...o .o .   |
[   11.408905] cloud-init[962]: |.+. . .+         |
[   11.409060] cloud-init[962]: |++.  +.          |
[   11.409221] cloud-init[962]: |= ....+.         |
[   11.409333] cloud-init[962]: +----[SHA256]-----+
[   11.409448] cloud-init[962]: Generating public/private ecdsa key pair.
[   11.409563] cloud-init[962]: Your identification has been saved in /etc/ssh/ssh_host_ecdsa_key.
[   11.409679] cloud-init[962]: Your public key has been saved in /etc/ssh/ssh_host_ecdsa_key.pub.
[   11.409796] cloud-init[962]: The key fingerprint is:
[   11.409912] cloud-init[962]: SHA256:J4Xn00yjY9iCscHgj3kpzKUPXrByKXby0nrxVwJQIy8 root@ubuntu-xenial
[   11.410028] cloud-init[962]: The key's randomart image is:
[   11.410141] cloud-init[962]: +---[ECDSA 256]---+
[   11.410258] cloud-init[962]: |    o.o          |
[   11.410373] cloud-init[962]: |   ..= . .       |
[   11.410489] cloud-init[962]: |    E.* . o o    |
[   11.410604] cloud-init[962]: |   o @.* * = .   |
[   11.410721] cloud-init[962]: |  = & B.S O o    |
[   11.410835] cloud-init[962]: | . X.*  .=.o     |
[   11.410952] cloud-init[962]: |  . +o.  o       |
[   11.411108] cloud-init[962]: |   o. . .        |
[   11.411216] cloud-init[962]: |  ..   .         |
[   11.411336] cloud-init[962]: +----[SHA256]-----+
[   11.411448] cloud-init[962]: Generating public/private ed25519 key pair.
[   11.411587] cloud-init[962]: Your identification has been saved in /etc/ssh/ssh_host_ed25519_key.
[   11.411747] cloud-init[962]: Your public key has been saved in /etc/ssh/ssh_host_ed25519_key.pub.
[   11.411903] cloud-init[962]: The key fingerprint is:
[   11.412219] cloud-init[962]: SHA256:d+3uiOBkcoI5cK4TK9sx65kS0UnnStKg9qaL1skn3gA root@ubuntu-xenial
[   11.412373] cloud-init[962]: The key's randomart image is:
[   11.412523] cloud-init[962]: +--[ED25519 256]--+
[   11.412680] cloud-init[962]: |                 |
[   11.412834] cloud-init[962]: |. . .            |
[   11.412988] cloud-init[962]: |.= +             |
[   11.413155] cloud-init[962]: |+.= .        .   |
[   11.413313] cloud-init[962]: |.Eo..   S . . .  |
[   11.413623] cloud-init[962]: |. +* o   . . .   |
[   11.413799] cloud-init[962]: | .B+* o =     .  |
[   11.413960] cloud-init[962]: |++o%oo B . . o   |
[   11.414121] cloud-init[962]: |+*Xoo.  . . ..o  |
[   11.414284] cloud-init[962]: +----[SHA256]-----+
[[0;32m  OK  [0m] Reached target Cloud-config availability.
[[0;32m  OK  [0m] Reached target Network is Online.
         Starting iSCSI initiator daemon (iscsid)...
[[0;32m  OK  [0m] Reached target System Initialization.
         Starting LXD - unix socket.
[[0;32m  OK  [0m] Started ACPI Events Check.
[[0;32m  OK  [0m] Reached target Paths.
[[0;32m  OK  [0m] Started Daily Cleanup of Temporary Directories.
[[0;32m  OK  [0m] Listening on UUID daemon activation socket.
[[0;32m  OK  [0m] Started Daily apt download activities.
[[0;32m  OK  [0m] Started Daily apt upgrade and clean activities.
[[0;32m  OK  [0m] Started Message of the Day.
[[0;32m  OK  [0m] Reached target Timers.
         Starting Socket activation for snappy daemon.
[[0;32m  OK  [0m] Listening on ACPID Listen Socket.
[[0;32m  OK  [0m] Listening on D-Bus System Message Bus Socket.
[[0;32m  OK  [0m] Listening on LXD - unix socket.
[[0;32m  OK  [0m] Listening on Socket activation for snappy daemon.
[[0;32m  OK  [0m] Started iSCSI initiator daemon (iscsid).
         Starting Login to default iSCSI targets...
[[0;32m  OK  [0m] Reached target Sockets.
[[0;32m  OK  [0m] Reached target Basic System.
         Starting Login Service...
[[0;32m  OK  [0m] Started ACPI event daemon.
         Starting Accounts Service...
         Starting Pollinate to seed the pseudo random number generator...
[[0;32m  OK  [0m] Started Regular background program processing daemon.
         Starting Virtualbox guest utils...
         Starting LSB: MD monitoring daemon...
         Starting LSB: Record successful boot for GRUB...
         Starting System Logging Service...
[[0;32m  OK  [0m] Started D-Bus System Message Bus.
[[0;32m  OK  [0m] Started FUSE filesystem for LXC.
         Starting /etc/rc.local Compatibility...
         Starting Snappy daemon...
[[0;32m  OK  [0m] Started Deferred execution scheduler.
         Starting LXD - container startup/shutdown...
[[0;32m  OK  [0m] Started System Logging Service.
[[0;32m  OK  [0m] Started /etc/rc.local Compatibility.
[[0;32m  OK  [0m] Started LSB: Record successful boot for GRUB.
[[0;32m  OK  [0m] Started LSB: MD monitoring daemon.
[[0;32m  OK  [0m] Started Login to default iSCSI targets.
[[0;32m  OK  [0m] Started Login Service.
[[0;32m  OK  [0m] Started Unattended Upgrades Shutdown.
[[0;32m  OK  [0m] Reached target Remote File Systems (Pre).
[[0;32m  OK  [0m] Reached target Remote File Systems.
         Starting LSB: Set the CPU Frequency Scaling governor to "ondemand"...
         Starting LSB: automatic crash report generation...
         Starting Permit User Sessions...
         Starting LSB: daemon to balance interrupts for SMP systems...
         Starting Authenticate and Authorize Users to Run Privileged Tasks...
[[0;32m  OK  [0m] Started Permit User Sessions.
         Starting Terminate Plymouth Boot Screen...
         Starting Hold until boot process finishes up...
[[0;32m  OK  [0m] Started Virtualbox guest utils.
[[0;32m  OK  [0m] Started LSB: Set the CPU Frequency Scaling governor to "ondemand".
[[0;32m  OK  [0m] Started LSB: automatic crash report generation.
[[0;32m  OK  [0m] Started LSB: daemon to balance interrupts for SMP systems.
[[0;32m  OK  [0m] Started Terminate Plymouth Boot Screen.
[[0;32m  OK  [0m] Started Hold until boot process finishes up.
[[0;32m  OK  [0m] Started Authenticate and Authorize Users to Run Privileged Tasks.
[[0;32m  OK  [0m] Started Accounts Service.
[[0;32m  OK  [0m] Started Serial Getty on ttyS0.
         Starting Set console scheme...
[[0;32m  OK  [0m] Started Getty on tty1.
[[0;32m  OK  [0m] Reached target Login Prompts.
[[0;32m  OK  [0m] Started LXD - container startup/shutdown.
[[0;32m  OK  [0m] Started Set console scheme.
[[0;32m  OK  [0m] Started Snappy daemon.
         Starting Wait until snapd is fully seeded...
[[0;32m  OK  [0m] Started Pollinate to seed the pseudo random number generator.
         Starting OpenBSD Secure Shell server...
[[0;32m  OK  [0m] Started OpenBSD Secure Shell server.
[[0;32m  OK  [0m] Created slice User Slice of vagrant.
         Starting User Manager for UID 1000...
[[0;32m  OK  [0m] Started Session 1 of user vagrant.
[[0;32m  OK  [0m] Started User Manager for UID 1000.
         Stopping User Manager for UID 1000...
[[0;32m  OK  [0m] Stopped User Manager for UID 1000.
[[0;32m  OK  [0m] Removed slice User Slice of vagrant.

Ubuntu 16.04.6 LTS ubuntu-xenial ttyS0

ubuntu-xenial login: [   22.983546] cloud-init[1781]: Generating locales (this might take a while)...
[   23.563860] cloud-init[1781]:   en_US.UTF-8... done
[   23.564732] cloud-init[1781]: Generation complete.
[   23.775580] cloud-init[1781]: Cloud-init v. 19.4-33-gbb4131a2-0ubuntu1~16.04.1 running 'modules:config' at Thu, 09 Apr 2020 00:49:53 +0000. Up 22.91 seconds.
ci-info: no authorized SSH keys fingerprints found for user ubuntu.
<14>Apr  9 00:49:54 ec2: 
<14>Apr  9 00:49:54 ec2: #############################################################
<14>Apr  9 00:49:54 ec2: -----BEGIN SSH HOST KEY FINGERPRINTS-----
<14>Apr  9 00:49:54 ec2: 1024 SHA256:VrfDlhJgRCanNWV4Rmz5Ar+wJutL+Kgkmko2BMiV1Is root@ubuntu-xenial (DSA)
<14>Apr  9 00:49:54 ec2: 256 SHA256:J4Xn00yjY9iCscHgj3kpzKUPXrByKXby0nrxVwJQIy8 root@ubuntu-xenial (ECDSA)
<14>Apr  9 00:49:54 ec2: 256 SHA256:d+3uiOBkcoI5cK4TK9sx65kS0UnnStKg9qaL1skn3gA root@ubuntu-xenial (ED25519)
<14>Apr  9 00:49:54 ec2: 2048 SHA256:uB2JJFR8YjN0rhYX7qK5NeDi/ynKqszSaEnZYVXUeOY root@ubuntu-xenial (RSA)
<14>Apr  9 00:49:54 ec2: -----END SSH HOST KEY FINGERPRINTS-----
<14>Apr  9 00:49:54 ec2: #############################################################
-----BEGIN SSH HOST KEY KEYS-----
ecdsa-sha2-nistp256 AAAAE2VjZHNhLXNoYTItbmlzdHAyNTYAAAAIbmlzdHAyNTYAAABBBNkjPLyohp7VL3M3YB0GWIo6nTrDTBPpha6ZV5nXtjcZt4ECS1cj7W1EntLi8cW08xC0GWLoL6+xBtg7k5sE6Oo= root@ubuntu-xenial
ssh-ed25519 AAAAC3NzaC1lZDI1NTE5AAAAIKXnUlt9jZaE3tKQMTky19X82TJizLNJbOj4EMkLaBaL root@ubuntu-xenial
ssh-rsa AAAAB3NzaC1yc2EAAAADAQABAAABAQCayMPE/KPvtdAgjVFeKA+2Mqb/UT8FBBXWXeph06bh/s4KAJX7l/2w4JHErii8VpiEZJNn3mwDJ25ts0ctzq/Mbl/76Im9EqlzeJfajGoTh4h9XiAQ9xK6Ee1zG/BxTwqleSw6UsZB/4UX0OTXvjpOlvejX2G1HJ3SzsSFPxFMM+E6oGIgEG1XdqF15o3NDYRrti4FOMQtyfEnitaKFbg+wIMWIXKTaGkJ8p7chk0DjRt1z3xfpBknrhG3ERB4R5k44/yWt4D75L8eqBA4lLKUIY9wM0Jhw1mGW6b0GCSEYo0oQ+RTi2+lfqvS6VnkU44HWgkoYXu+sAVvroij7B+H root@ubuntu-xenial
-----END SSH HOST KEY KEYS-----
[   24.133373] cloud-init[1885]: Cloud-init v. 19.4-33-gbb4131a2-0ubuntu1~16.04.1 running 'modules:final' at Thu, 09 Apr 2020 00:49:54 +0000. Up 24.02 seconds.
[   24.133545] cloud-init[1885]: ci-info: no authorized SSH keys fingerprints found for user ubuntu.
[   24.133638] cloud-init[1885]: Cloud-init v. 19.4-33-gbb4131a2-0ubuntu1~16.04.1 finished at Thu, 09 Apr 2020 00:49:54 +0000. Datasource DataSourceNoCloud [seed=/dev/sdb][dsmode=net].  Up 24.12 seconds
