[    0.000000] Linux version 4.15.0-147-generic (buildd@lcy01-amd64-028) (gcc version 7.5.0 (Ubuntu 7.5.0-3ubuntu1~18.04)) #151-Ubuntu SMP Fri Jun 18 19:21:19 UTC 2021 (Ubuntu 4.15.0-147.151-generic 4.15.18)
[    0.000000] Command line: BOOT_IMAGE=/boot/vmlinuz-4.15.0-147-generic root=LABEL=cloudimg-rootfs ro console=tty1 console=ttyS0
[    0.000000] KERNEL supported cpus:
[    0.000000]   Intel GenuineIntel
[    0.000000]   AMD AuthenticAMD
[    0.000000]   Centaur CentaurHauls
[    0.000000] x86/fpu: x87 FPU will use FXSAVE
[    0.000000] e820: BIOS-provided physical RAM map:
[    0.000000] BIOS-e820: [mem 0x0000000000000000-0x000000000009fbff] usable
[    0.000000] BIOS-e820: [mem 0x000000000009fc00-0x000000000009ffff] reserved
[    0.000000] BIOS-e820: [mem 0x00000000000f0000-0x00000000000fffff] reserved
[    0.000000] BIOS-e820: [mem 0x0000000000100000-0x000000007ffeffff] usable
[    0.000000] BIOS-e820: [mem 0x000000007fff0000-0x000000007fffffff] ACPI data
[    0.000000] BIOS-e820: [mem 0x00000000fec00000-0x00000000fec00fff] reserved
[    0.000000] BIOS-e820: [mem 0x00000000fee00000-0x00000000fee00fff] reserved
[    0.000000] BIOS-e820: [mem 0x00000000fffc0000-0x00000000ffffffff] reserved
[    0.000000] NX (Execute Disable) protection: active
[    0.000000] SMBIOS 2.5 present.
[    0.000000] DMI: innotek GmbH VirtualBox/VirtualBox, BIOS VirtualBox 12/01/2006
[    0.000000] Hypervisor detected: KVM
[    0.000000] e820: last_pfn = 0x7fff0 max_arch_pfn = 0x400000000
[    0.000000] MTRR: Disabled
[    0.000000] x86/PAT: MTRRs disabled, skipping PAT initialization too.
[    0.000000] CPU MTRRs all blank - virtualized system.
[    0.000000] x86/PAT: Configuration [0-7]: WB  WT  UC- UC  WB  WT  UC- UC  
[    0.000000] found SMP MP-table at [mem 0x0009fff0-0x0009ffff]
[    0.000000] Scanning 1 areas for low memory corruption
[    0.000000] RAMDISK: [mem 0x359d1000-0x36cdffff]
[    0.000000] ACPI: Early table checksum verification disabled
[    0.000000] ACPI: RSDP 0x00000000000E0000 000024 (v02 VBOX  )
[    0.000000] ACPI: XSDT 0x000000007FFF0030 00003C (v01 VBOX   VBOXXSDT 00000001 ASL  00000061)
[    0.000000] ACPI: FACP 0x000000007FFF00F0 0000F4 (v04 VBOX   VBOXFACP 00000001 ASL  00000061)
[    0.000000] ACPI: DSDT 0x000000007FFF0470 002325 (v02 VBOX   VBOXBIOS 00000002 INTL 20100528)
[    0.000000] ACPI: FACS 0x000000007FFF0200 000040
[    0.000000] ACPI: FACS 0x000000007FFF0200 000040
[    0.000000] ACPI: APIC 0x000000007FFF0240 000054 (v02 VBOX   VBOXAPIC 00000001 ASL  00000061)
[    0.000000] ACPI: SSDT 0x000000007FFF02A0 0001CC (v01 VBOX   VBOXCPUT 00000002 INTL 20100528)
[    0.000000] ACPI: Reserving FACP table memory at [mem 0x7fff00f0-0x7fff01e3]
[    0.000000] ACPI: Reserving DSDT table memory at [mem 0x7fff0470-0x7fff2794]
[    0.000000] ACPI: Reserving FACS table memory at [mem 0x7fff0200-0x7fff023f]
[    0.000000] ACPI: Reserving FACS table memory at [mem 0x7fff0200-0x7fff023f]
[    0.000000] ACPI: Reserving APIC table memory at [mem 0x7fff0240-0x7fff0293]
[    0.000000] ACPI: Reserving SSDT table memory at [mem 0x7fff02a0-0x7fff046b]
[    0.000000] No NUMA configuration found
[    0.000000] Faking a node at [mem 0x0000000000000000-0x000000007ffeffff]
[    0.000000] NODE_DATA(0) allocated [mem 0x7ffc5000-0x7ffeffff]
[    0.000000] kvm-clock: cpu 0, msr 0:7ff44001, primary cpu clock
[    0.000000] kvm-clock: Using msrs 4b564d01 and 4b564d00
[    0.000000] kvm-clock: using sched offset of 7275457089 cycles
[    0.000000] clocksource: kvm-clock: mask: 0xffffffffffffffff max_cycles: 0x1cd42e4dffb, max_idle_ns: 881590591483 ns
[    0.000000] Zone ranges:
[    0.000000]   DMA      [mem 0x0000000000001000-0x0000000000ffffff]
[    0.000000]   DMA32    [mem 0x0000000001000000-0x000000007ffeffff]
[    0.000000]   Normal   empty
[    0.000000]   Device   empty
[    0.000000] Movable zone start for each node
[    0.000000] Early memory node ranges
[    0.000000]   node   0: [mem 0x0000000000001000-0x000000000009efff]
[    0.000000]   node   0: [mem 0x0000000000100000-0x000000007ffeffff]
[    0.000000] Reserved but unavailable: 104 pages
[    0.000000] Initmem setup node 0 [mem 0x0000000000001000-0x000000007ffeffff]
[    0.000000] ACPI: PM-Timer IO Port: 0x4008
[    0.000000] IOAPIC[0]: apic_id 1, version 32, address 0xfec00000, GSI 0-23
[    0.000000] ACPI: INT_SRC_OVR (bus 0 bus_irq 0 global_irq 2 dfl dfl)
[    0.000000] ACPI: INT_SRC_OVR (bus 0 bus_irq 9 global_irq 9 low level)
[    0.000000] Using ACPI (MADT) for SMP configuration information
[    0.000000] smpboot: Allowing 1 CPUs, 0 hotplug CPUs
[    0.000000] PM: Registered nosave memory: [mem 0x00000000-0x00000fff]
[    0.000000] PM: Registered nosave memory: [mem 0x0009f000-0x0009ffff]
[    0.000000] PM: Registered nosave memory: [mem 0x000a0000-0x000effff]
[    0.000000] PM: Registered nosave memory: [mem 0x000f0000-0x000fffff]
[    0.000000] e820: [mem 0x80000000-0xfebfffff] available for PCI devices
[    0.000000] Booting paravirtualized kernel on KVM
[    0.000000] clocksource: refined-jiffies: mask: 0xffffffff max_cycles: 0xffffffff, max_idle_ns: 7645519600211568 ns
[    0.000000] random: get_random_bytes called from start_kernel+0x99/0x500 with crng_init=0
[    0.000000] setup_percpu: NR_CPUS:8192 nr_cpumask_bits:1 nr_cpu_ids:1 nr_node_ids:1
[    0.000000] percpu: Embedded 45 pages/cpu s147456 r8192 d28672 u2097152
[    0.000000] PV qspinlock hash table entries: 256 (order: 0, 4096 bytes)
[    0.000000] Built 1 zonelists, mobility grouping on.  Total pages: 515961
[    0.000000] Policy zone: DMA32
[    0.000000] Kernel command line: BOOT_IMAGE=/boot/vmlinuz-4.15.0-147-generic root=LABEL=cloudimg-rootfs ro console=tty1 console=ttyS0
[    0.000000] Memory: 2015092K/2096696K available (12300K kernel code, 2483K rwdata, 4320K rodata, 2448K init, 2724K bss, 81604K reserved, 0K cma-reserved)
[    0.000000] SLUB: HWalign=64, Order=0-3, MinObjects=0, CPUs=1, Nodes=1
[    0.000000] ftrace: allocating 39457 entries in 155 pages
[    0.004000] Hierarchical RCU implementation.
[    0.004000] 	RCU restricting CPUs from NR_CPUS=8192 to nr_cpu_ids=1.
[    0.004000] 	Tasks RCU enabled.
[    0.004000] RCU: Adjusting geometry for rcu_fanout_leaf=16, nr_cpu_ids=1
[    0.004000] NR_IRQS: 524544, nr_irqs: 256, preallocated irqs: 16
[    0.004000] Console: colour VGA+ 80x25
[    0.004000] console [tty1] enabled
[    0.004000] console [ttyS0] enabled
[    0.004000] ACPI: Core revision 20170831
[    0.004000] ACPI: 2 ACPI AML tables successfully acquired and loaded
[    0.004000] APIC: Switch to symmetric I/O mode setup
[    0.008000] ..TIMER: vector=0x30 apic1=0 pin1=2 apic2=-1 pin2=-1
[    0.008008] tsc: Detected 2592.008 MHz processor
[    0.012015] Calibrating delay loop (skipped) preset value.. 5184.01 BogoMIPS (lpj=10368032)
[    0.016008] pid_max: default: 32768 minimum: 301
[    0.020123] Security Framework initialized
[    0.024006] Yama: becoming mindful.
[    0.028035] AppArmor: AppArmor initialized
[    0.045990] Dentry cache hash table entries: 262144 (order: 9, 2097152 bytes)
[    0.059854] Inode-cache hash table entries: 131072 (order: 8, 1048576 bytes)
[    0.060221] Mount-cache hash table entries: 4096 (order: 3, 32768 bytes)
[    0.064181] Mountpoint-cache hash table entries: 4096 (order: 3, 32768 bytes)
[    0.072091] Last level iTLB entries: 4KB 64, 2MB 8, 4MB 8
[    0.076007] Last level dTLB entries: 4KB 64, 2MB 0, 4MB 0, 1GB 4
[    0.080009] Spectre V1 : Mitigation: usercopy/swapgs barriers and __user pointer sanitization
[    0.084013] Spectre V2 : Mitigation: Enhanced IBRS
[    0.092006] Spectre V2 : Spectre v2 / SpectreRSB mitigation: Filling RSB on context switch
[    0.096007] Speculative Store Bypass: Vulnerable
[    0.108038] Freeing SMP alternatives memory: 36K
[    0.228501] smpboot: CPU0: Intel(R) Core(TM) i7-9850H CPU @ 2.60GHz (family: 0x6, model: 0x9e, stepping: 0xd)
[    0.232624] Performance Events: unsupported p6 CPU model 158 no PMU driver, software events only.
[    0.236169] Hierarchical SRCU implementation.
[    0.244914] NMI watchdog: Perf event create on CPU 0 failed with -2
[    0.248008] NMI watchdog: Perf NMI watchdog permanently disabled
[    0.252260] smp: Bringing up secondary CPUs ...
[    0.256084] smp: Brought up 1 node, 1 CPU
[    0.260003] smpboot: Max logical packages: 1
[    0.264004] smpboot: Total of 1 processors activated (5184.01 BogoMIPS)
[    0.268471] devtmpfs: initialized
[    0.272219] x86/mm: Memory block size: 128MB
[    0.280937] evm: security.selinux
[    0.284008] evm: security.SMACK64
[    0.288007] evm: security.SMACK64EXEC
[    0.292005] evm: security.SMACK64TRANSMUTE
[    0.296008] evm: security.SMACK64MMAP
[    0.300008] evm: security.apparmor
[    0.304009] evm: security.ima
[    0.308009] evm: security.capability
[    0.316039] clocksource: jiffies: mask: 0xffffffff max_cycles: 0xffffffff, max_idle_ns: 7645041785100000 ns
[    0.320030] futex hash table entries: 256 (order: 2, 16384 bytes)
[    0.324210] pinctrl core: initialized pinctrl subsystem
[    0.332348] RTC time: 13:07:58, date: 07/11/21
[    0.336897] NET: Registered protocol family 16
[    0.340405] audit: initializing netlink subsys (disabled)
[    0.348012] audit: type=2000 audit(1626008886.644:1): state=initialized audit_enabled=0 res=1
[    0.352081] cpuidle: using governor ladder
[    0.356008] cpuidle: using governor menu
[    0.360098] ACPI: bus type PCI registered
[    0.364005] acpiphp: ACPI Hot Plug PCI Controller Driver version: 0.5
[    0.368972] PCI: Using configuration type 1 for base access
[    0.378678] HugeTLB registered 2.00 MiB page size, pre-allocated 0 pages
[    0.384329] ACPI: Added _OSI(Module Device)
[    0.388024] ACPI: Added _OSI(Processor Device)
[    0.392005] ACPI: Added _OSI(3.0 _SCP Extensions)
[    0.396008] ACPI: Added _OSI(Processor Aggregator Device)
[    0.400025] ACPI: Added _OSI(Linux-Dell-Video)
[    0.404008] ACPI: Added _OSI(Linux-Lenovo-NV-HDMI-Audio)
[    0.408009] ACPI: Added _OSI(Linux-HPI-Hybrid-Graphics)
[    0.413959] ACPI: Executed 1 blocks of module-level executable AML code
[    0.433365] ACPI: Interpreter enabled
[    0.436038] ACPI: (supports S0 S5)
[    0.440014] ACPI: Using IOAPIC for interrupt routing
[    0.445130] PCI: Using host bridge windows from ACPI; if necessary, use "pci=nocrs" and report a bug
[    0.448833] ACPI: Enabled 2 GPEs in block 00 to 07
[    0.472812] ACPI: PCI Root Bridge [PCI0] (domain 0000 [bus 00-ff])
[    0.476009] acpi PNP0A03:00: _OSC: OS supports [ASPM ClockPM Segments MSI]
[    0.484623] acpi PNP0A03:00: _OSC: not requesting OS control; OS requires [ExtendedConfig ASPM ClockPM MSI]
[    0.488025] acpi PNP0A03:00: fail to add MMCONFIG information, can't access extended PCI configuration space under this bridge.
[    0.496163] PCI host bridge to bus 0000:00
[    0.500011] pci_bus 0000:00: root bus resource [io  0x0000-0x0cf7 window]
[    0.504020] pci_bus 0000:00: root bus resource [io  0x0d00-0xffff window]
[    0.508014] pci_bus 0000:00: root bus resource [mem 0x000a0000-0x000bffff window]
[    0.512037] pci_bus 0000:00: root bus resource [mem 0x80000000-0xfdffffff window]
[    0.516029] pci_bus 0000:00: root bus resource [bus 00-ff]
[    0.533365] pci 0000:00:01.1: legacy IDE quirk: reg 0x10: [io  0x01f0-0x01f7]
[    0.536012] pci 0000:00:01.1: legacy IDE quirk: reg 0x14: [io  0x03f6]
[    0.540032] pci 0000:00:01.1: legacy IDE quirk: reg 0x18: [io  0x0170-0x0177]
[    0.544013] pci 0000:00:01.1: legacy IDE quirk: reg 0x1c: [io  0x0376]
[    0.661223] pci 0000:00:07.0: quirk: [io  0x4000-0x403f] claimed by PIIX4 ACPI
[    0.664055] pci 0000:00:07.0: quirk: [io  0x4100-0x410f] claimed by PIIX4 SMB
[    0.708534] ACPI: PCI Interrupt Link [LNKA] (IRQs 5 9 10 *11)
[    0.716338] ACPI: PCI Interrupt Link [LNKB] (IRQs 5 9 *10 11)
[    0.720367] ACPI: PCI Interrupt Link [LNKC] (IRQs 5 *9 10 11)
[    0.724225] ACPI: PCI Interrupt Link [LNKD] (IRQs 5 9 10 *11)
[    0.733013] SCSI subsystem initialized
[    0.740674] pci 0000:00:02.0: vgaarb: setting as boot VGA device
[    0.744000] pci 0000:00:02.0: vgaarb: VGA device added: decodes=io+mem,owns=io+mem,locks=none
[    0.744008] pci 0000:00:02.0: vgaarb: bridge control possible
[    0.748006] vgaarb: loaded
[    0.752108] ACPI: bus type USB registered
[    0.756025] usbcore: registered new interface driver usbfs
[    0.760127] usbcore: registered new interface driver hub
[    0.764017] usbcore: registered new device driver usb
[    0.768333] EDAC MC: Ver: 3.0.0
[    0.777011] PCI: Using ACPI for IRQ routing
[    0.785281] NetLabel: Initializing
[    0.788003] NetLabel:  domain hash size = 128
[    0.792006] NetLabel:  protocols = UNLABELED CIPSOv4 CALIPSO
[    0.796552] NetLabel:  unlabeled traffic allowed by default
[    0.804183] clocksource: Switched to clocksource kvm-clock
[    0.941694] VFS: Disk quotas dquot_6.6.0
[    0.949445] VFS: Dquot-cache hash table entries: 512 (order 0, 4096 bytes)
[    0.960800] AppArmor: AppArmor Filesystem Enabled
[    0.968747] pnp: PnP ACPI init
[    0.978667] pnp: PnP ACPI: found 3 devices
[    0.993354] clocksource: acpi_pm: mask: 0xffffff max_cycles: 0xffffff, max_idle_ns: 2085701024 ns
[    1.002797] NET: Registered protocol family 2
[    1.011305] TCP established hash table entries: 16384 (order: 5, 131072 bytes)
[    1.022096] TCP bind hash table entries: 16384 (order: 6, 262144 bytes)
[    1.032516] TCP: Hash tables configured (established 16384 bind 16384)
[    1.041056] UDP hash table entries: 1024 (order: 3, 32768 bytes)
[    1.049085] UDP-Lite hash table entries: 1024 (order: 3, 32768 bytes)
[    1.058346] NET: Registered protocol family 1
[    1.065912] pci 0000:00:00.0: Limiting direct PCI/PCI transfers
[    1.072977] pci 0000:00:01.0: Activating ISA DMA hang workarounds
[    1.083441] pci 0000:00:02.0: Video device with shadowed ROM at [mem 0x000c0000-0x000dffff]
[    1.097284] Unpacking initramfs...
[    2.372959] Freeing initrd memory: 19516K
[    2.382760] clocksource: tsc: mask: 0xffffffffffffffff max_cycles: 0x255cbea3061, max_idle_ns: 440795313801 ns
[    2.399911] platform rtc_cmos: registered platform RTC device (no PNP device found)
[    2.412269] Scanning for low memory corruption every 60 seconds
[    2.426289] Initialise system trusted keyrings
[    2.432394] Key type blacklist registered
[    2.437328] workingset: timestamp_bits=36 max_order=19 bucket_order=0
[    2.449722] zbud: loaded
[    2.455514] squashfs: version 4.0 (2009/01/31) Phillip Lougher
[    2.467175] fuse init (API version 7.26)
[    2.475935] Key type asymmetric registered
[    2.480892] Asymmetric key parser 'x509' registered
[    2.489021] Block layer SCSI generic (bsg) driver version 0.4 loaded (major 246)
[    2.500810] io scheduler noop registered
[    2.509016] io scheduler deadline registered
[    2.515579] io scheduler cfq registered (default)
[    2.525350] ACPI: AC Adapter [AC] (off-line)
[    2.531651] input: Power Button as /devices/LNXSYSTM:00/LNXPWRBN:00/input/input0
[    2.544463] ACPI: Power Button [PWRF]
[    2.550865] input: Sleep Button as /devices/LNXSYSTM:00/LNXSLPBN:00/input/input1
[    2.566088] ACPI: Sleep Button [SLPF]
[    2.574251] ACPI: Battery Slot [BAT0] (battery present)
[    2.583406] virtio-pci 0000:00:03.0: virtio_pci: leaving for legacy driver
[    2.598563] virtio-pci 0000:00:08.0: virtio_pci: leaving for legacy driver
[    2.611872] Serial: 8250/16550 driver, 32 ports, IRQ sharing enabled
[    2.666143] 00:02: ttyS0 at I/O 0x3f8 (irq = 4, base_baud = 115200) is a 16550A
[    2.684693] Linux agpgart interface v0.103
[    2.717732] loop: module loaded
[    2.729950] scsi host0: ata_piix
[    2.736910] scsi host1: ata_piix
[    2.741978] ata1: PATA max UDMA/33 cmd 0x1f0 ctl 0x3f6 bmdma 0xd000 irq 14
[    2.750790] ata2: PATA max UDMA/33 cmd 0x170 ctl 0x376 bmdma 0xd008 irq 15
[    2.763197] libphy: Fixed MDIO Bus: probed
[    2.769341] tun: Universal TUN/TAP device driver, 1.6
[    2.778179] PPP generic driver version 2.4.2
[    2.783837] ehci_hcd: USB 2.0 'Enhanced' Host Controller (EHCI) Driver
[    2.791795] ehci-pci: EHCI PCI platform driver
[    2.796752] ehci-platform: EHCI generic platform driver
[    2.802219] ohci_hcd: USB 1.1 'Open' Host Controller (OHCI) Driver
[    2.810462] ohci-pci: OHCI PCI platform driver
[    2.816726] ohci-platform: OHCI generic platform driver
[    2.825085] uhci_hcd: USB Universal Host Controller Interface driver
[    2.832338] i8042: PNP: PS/2 Controller [PNP0303:PS2K,PNP0f03:PS2M] at 0x60,0x64 irq 1,12
[    2.851261] serio: i8042 KBD port at 0x60,0x64 irq 1
[    2.861199] serio: i8042 AUX port at 0x60,0x64 irq 12
[    2.869622] mousedev: PS/2 mouse device common for all mice
[    2.878170] input: AT Translated Set 2 keyboard as /devices/platform/i8042/serio0/input/input2
[    2.890734] rtc_cmos rtc_cmos: rtc core: registered rtc_cmos as rtc0
[    2.904480] rtc_cmos rtc_cmos: alarms up to one day, 114 bytes nvram
[    2.919378] i2c /dev entries driver
[    3.026417] device-mapper: uevent: version 1.0.3
[    3.035867] device-mapper: ioctl: 4.37.0-ioctl (2017-09-20) initialised: dm-devel@redhat.com
[    3.048314] ledtrig-cpu: registered to indicate activity on CPUs
[    3.058011] NET: Registered protocol family 10
[    3.075722] Segment Routing with IPv6
[    3.083628] NET: Registered protocol family 17
[    3.092182] Key type dns_resolver registered
[    3.098801] mce: Using 0 MCE banks
[    3.104671] RAS: Correctable Errors collector initialized.
[    3.110656] sched_clock: Marking stable (3110602621, 0)->(5344849690, -2234247069)
[    3.120004] registered taskstats version 1
[    3.126776] Loading compiled-in X.509 certificates
[    3.137779] Loaded X.509 cert 'Build time autogenerated kernel key: 51fb7d4f1badf96545a23cd59566c79f3f9ecc26'
[    3.155547] Loaded X.509 cert 'Canonical Ltd. Live Patch Signing: 14df34d1a87cf37625abec039ef2bf521249b969'
[    3.175319] Loaded X.509 cert 'Canonical Ltd. Kernel Module Signing: 88f752e560a1e0737e31163a466ad7b70a850c19'
[    3.191842] zswap: loaded using pool lzo/zbud
[    3.204905] Key type big_key registered
[    3.211607] Key type trusted registered
[    3.219317] Key type encrypted registered
[    3.231128] AppArmor: AppArmor sha1 policy hashing enabled
[    3.244111] ima: No TPM chip found, activating TPM-bypass! (rc=-19)
[    3.254031] ima: Allocated hash algorithm: sha1
[    3.260708] evm: HMAC attrs: 0x1
[    3.268943]   Magic number: 13:275:129
[    3.275388] acpi device:04: hash matches
[    3.283542] rtc_cmos rtc_cmos: setting system clock to 2021-07-11 13:08:01 UTC (1626008881)
[    3.292498] BIOS EDD facility v0.16 2004-Jun-25, 0 devices found
[    3.303579] EDD information not available.
[    3.313622] Freeing unused kernel image memory: 2448K
[    3.328407] Write protecting the kernel read-only data: 20480k
[    3.339329] Freeing unused kernel image memory: 2008K
[    3.349352] Freeing unused kernel image memory: 1824K
[    3.366238] x86/mm: Checked W+X mappings: passed, no W+X pages found.
Loading, please wait...
starting version 237
[    3.616533] Fusion MPT base driver 3.04.20
[    3.624928] Copyright (c) 1999-2008 LSI Corporation
[    3.795653] Fusion MPT SPI Host driver 3.04.20
[    3.806694] virtio_net virtio1 enp0s8: renamed from eth1
[    3.816881] virtio_net virtio0 enp0s3: renamed from eth0
[    3.856777] mptbase: ioc0: Initiating bringup
[    3.958485] input: ImExPS/2 Generic Explorer Mouse as /devices/platform/i8042/serio1/input/input4
[    3.993613] ioc0: LSI53C1030 A0: Capabilities={Initiator}
[    4.281532] scsi host2: ioc0: LSI53C1030 A0, FwRev=00000000h, Ports=1, MaxQ=256, IRQ=20
[    4.449001] random: fast init done
[    4.466708] random: systemd-udevd: uninitialized urandom read (16 bytes read)
[    4.481837] scsi 2:0:0:0: Direct-Access     VBOX     HARDDISK         1.0  PQ: 0 ANSI: 5
[    4.499593] random: systemd-udevd: uninitialized urandom read (16 bytes read)
[    4.512236] random: systemd-udevd: uninitialized urandom read (16 bytes read)
[    4.522660] scsi target2:0:0: Beginning Domain Validation
[    4.550873] scsi target2:0:0: Domain Validation skipping write tests
[    4.562034] scsi target2:0:0: Ending Domain Validation
[    4.569200] scsi target2:0:0: asynchronous
[    4.577190] scsi 2:0:1:0: Direct-Access     VBOX     HARDDISK         1.0  PQ: 0 ANSI: 5
[    4.589630] scsi target2:0:1: Beginning Domain Validation
[    4.613549] scsi target2:0:1: Domain Validation skipping write tests
[    4.623721] scsi target2:0:1: Ending Domain Validation
[    4.634884] scsi target2:0:1: asynchronous
[    4.675356] sd 2:0:0:0: [sda] 83886080 512-byte logical blocks: (42.9 GB/40.0 GiB)
[    4.688899] sd 2:0:0:0: Attached scsi generic sg0 type 0
[    4.702254] sd 2:0:0:0: [sda] Write Protect is off
[    4.716045] sd 2:0:1:0: [sdb] 20480 512-byte logical blocks: (10.5 MB/10.0 MiB)
[    4.727128] sd 2:0:1:0: Attached scsi generic sg1 type 0
[    4.738794] sd 2:0:1:0: [sdb] Write Protect is off
[    4.749658] sd 2:0:0:0: [sda] Incomplete mode parameter data
[    4.762564] sd 2:0:0:0: [sda] Assuming drive cache: write through
[    4.773104] sd 2:0:1:0: [sdb] Incomplete mode parameter data
[    4.779370] sd 2:0:1:0: [sdb] Assuming drive cache: write through
[    4.797548]  sda: sda1
[    4.806702] sd 2:0:1:0: [sdb] Attached SCSI disk
[    4.812678] sd 2:0:0:0: [sda] Attached SCSI disk
Begin: Loading essential drivers ... [    8.420142] raid6: sse2x1   gen()  4110 MB/s
[    8.484167] raid6: sse2x1   xor()  3837 MB/s
[    8.548166] raid6: sse2x2   gen()  5652 MB/s
[    8.612194] raid6: sse2x2   xor()  3578 MB/s
[    8.676186] raid6: sse2x4   gen()  6185 MB/s
[    8.740379] raid6: sse2x4   xor()  4061 MB/s
[    8.748879] raid6: using algorithm sse2x4 gen() 6185 MB/s
[    8.757594] raid6: .... xor() 4061 MB/s, rmw enabled
[    8.764761] raid6: using ssse3x2 recovery algorithm
[    8.772826] xor: measuring software checksum speed
[    8.888161]    prefetch64-sse: 22033.000 MB/sec
[    9.004389]    generic_sse: 21625.000 MB/sec
[    9.016328] xor: using function: prefetch64-sse (22033.000 MB/sec)
[    9.032032] async_tx: api initialized (async)
done.
Begin: Running /scripts/init-premount ... done.
Begin: Mounting root file system ... Begin: Running /scripts/local-top ... done.
Begin: Running /scripts/local-premount ... [    9.184745] Btrfs loaded, crc32c=crc32c-intel
Scanning for Btrfs filesystems
done.
Warning: fsck not present, so skipping root file system
[    9.291717] EXT4-fs (sda1): mounted filesystem with ordered data mode. Opts: (null)
done.
Begin: Running /scripts/local-bottom ... done.
Begin: Running /scripts/init-bottom ... done.
[    9.727054] ip_tables: (C) 2000-2006 Netfilter Core Team
[    9.763335] systemd[1]: systemd 237 running in system mode. (+PAM +AUDIT +SELINUX +IMA +APPARMOR +SMACK +SYSVINIT +UTMP +LIBCRYPTSETUP +GCRYPT +GNUTLS +ACL +XZ +LZ4 +SECCOMP +BLKID +ELFUTILS +KMOD -IDN2 +IDN -PCRE2 default-hierarchy=hybrid)
[    9.794515] systemd[1]: Detected virtualization oracle.
[    9.803025] systemd[1]: Detected architecture x86-64.

Welcome to [1mUbuntu 18.04.5 LTS[0m!

[    9.818676] systemd[1]: Set hostname to <ubuntu>.
[    9.838595] systemd[1]: Initializing machine ID from random generator.
[    9.850697] systemd[1]: Installed transient /etc/machine-id file.
[   10.627235] systemd[1]: Set up automount Arbitrary Executable File Formats File System Automount Point.
[[0;32m  OK  [0m] Set up automount Arbitrary Executab…rmats File System Automount Point.
[   10.656669] systemd[1]: Reached target User and Group Name Lookups.
[[0;32m  OK  [0m] Reached target User and Group Name Lookups.
[   10.682665] systemd[1]: Started Forward Password Requests to Wall Directory Watch.
[[0;32m  OK  [0m] Started Forward Password Requests to Wall Directory Watch.
[   10.711835] systemd[1]: Created slice User and Session Slice.
[[0;32m  OK  [0m] Created slice User and Session Slice.
[[0;32m  OK  [0m] Reached target System Time Synchronized.
[[0;32m  OK  [0m] Created slice System Slice.
[[0;32m  OK  [0m] Listening on Journal Audit Socket.
[[0;32m  OK  [0m] Listening on Syslog Socket.
[[0;32m  OK  [0m] Listening on Network Service Netlink Socket.
[[0;32m  OK  [0m] Listening on fsck to fsckd communication Socket.
[[0;32m  OK  [0m] Listening on LVM2 metadata daemon socket.
[[0;32m  OK  [0m] Listening on udev Kernel Socket.
[[0;32m  OK  [0m] Listening on Journal Socket.
         Starting Load Kernel Modules...
         Mounting Huge Pages File System...
[   10.822156] Loading iSCSI transport class v2.0-870.
         Starting Uncomplicated firewall...
         Mounting Kernel Debug File System...
[   10.866785] iscsi: registered transport (tcp)
         Starting Create list of required st…ce nodes for the current kernel...
[[0;32m  OK  [0m] Listening on udev Control Socket.
[[0;32m  OK  [0m] Listening on Device-mapper event daemon FIFOs.
         Starting Monitoring of LVM2 mirrors…ng dmeventd or progress polling...
         Starting udev Coldplug all Devices...[   10.962139] iscsi: registered transport (iser)

         Mounting POSIX Message Queue File System...
         Starting Set the console keyboard layout...
[[0;32m  OK  [0m] Listening on Journal Socket (/dev/log).
         Starting Journal Service...
[[0;32m  OK  [0m] Listening on LVM2 poll daemon socket.
[[0;32m  OK  [0m] Reached target Slices.
         Starting File System Check on Root Device...
[[0;32m  OK  [0m] Listening on /dev/initctl Compatibility Named Pipe.
[[0;32m  OK  [0m] Created slice system-serial\x2dgetty.slice.
[[0;32m  OK  [0m] Reached target Swap.
[[0;32m  OK  [0m] Started Load Kernel Modules.
[[0;32m  OK  [0m] Mounted Huge Pages File System.
[[0;32m  OK  [0m] Started Uncomplicated firewall.
[[0;32m  OK  [0m] Mounted Kernel Debug File System.
[[0;32m  OK  [0m] Started Create list of required sta…vice nodes for the current kernel.
[[0;32m  OK  [0m] Mounted POSIX Message Queue File System.
[[0;32m  OK  [0m] Started LVM2 metadata daemon.
[[0;32m  OK  [0m] Started File System Check Daemon to report status.
         Starting Create Static Device Nodes in /dev...
         Mounting Kernel Configuration File System...
         Starting Apply Kernel Variables...
         Mounting FUSE Control File System...
[[0;32m  OK  [0m] Mounted FUSE Control File System.
[[0;32m  OK  [0m] Mounted Kernel Configuration File System.
[   11.612191] random: crng init done
[   11.621033] random: 7 urandom warning(s) missed due to ratelimiting
[[0;32m  OK  [0m] Started Monitoring of LVM2 mirrors,…sing dmeventd or progress polling.
[[0;32m  OK  [0m] Started Journal Service.
[[0;32m  OK  [0m] Started Create Static Device Nodes in /dev.
[[0;32m  OK  [0m] Started File System Check on Root Device.
[[0;32m  OK  [0m] Started Apply Kernel Variables.
         Starting Remount Root and Kernel File Systems...
[[0;32m  OK  [0m] Started Remount Root and Kernel File Systems.
         Starting Flush Journal to Persistent Storage...
         Starting udev Kernel Device Manager...
         Starting Load/Save Random Seed...
[[0;32m  OK  [0m] Started udev Coldplug all Devices.
[[0;32m  OK  [0m] Started udev Kernel Device Manager.
[[0;32m  OK  [0m] Started Load/Save Random Seed.
[[0;32m  OK  [0m] Started Set the console keyboard layout.
[[0;32m  OK  [0m] Reached target Local File Systems (Pre).
[[0;32m  OK  [0m] Reached target Local File Systems.
         Starting Set console font and keymap...
         Starting ebtables ruleset management...
         Starting AppArmor initialization...
         Starting Commit a transient machine-id on disk...
         Starting Tell Plymouth To Write Out Runtime Data...
[[0;32m  OK  [0m] Started Dispatch Password Requests to Console Directory Watch.
[[0;32m  OK  [0m] Reached target Local Encrypted Volumes.
[[0;32m  OK  [0m] Started Flush Journal to Persistent Storage.
[[0;32m  OK  [0m] Started Set console font and keymap.
[[0;32m  OK  [0m] Started Commit a transient machine-id on disk.
[[0;32m  OK  [0m] Started Tell Plymouth To Write Out Runtime Data.
         Starting Create Volatile Files and Directories...
[[0;32m  OK  [0m] Started Create Volatile Files and Directories.
[[0;32m  OK  [0m] Started ebtables ruleset management.
         Starting Update UTMP about System Boot/Shutdown...
[[0;32m  OK  [0m] Started Update UTMP about System Boot/Shutdown.
[[0;32m  OK  [0m] Found device /dev/ttyS0.
[[0;32m  OK  [0m] Listening on Load/Save RF Kill Switch Status /dev/rfkill Watch.
[[0;32m  OK  [0m] Started AppArmor initialization.
         Starting Initial cloud-init job (pre-networking)...
         Starting Load AppArmor profiles managed internally by snapd...
[[0;32m  OK  [0m] Started Load AppArmor profiles managed internally by snapd.
[   20.566600] cloud-init[539]: Cloud-init v. 21.2-3-g899bfaa9-0ubuntu2~18.04.1 running 'init-local' at Sun, 11 Jul 2021 13:08:17 +0000. Up 19.65 seconds.
[[0;32m  OK  [0m] Started Initial cloud-init job (pre-networking).
[[0;32m  OK  [0m] Reached target Network (Pre).
         Starting Network Service...
[[0;32m  OK  [0m] Started Network Service.
         Starting Network Name Resolution...
         Starting Wait for Network to be Configured...
[[0;32m  OK  [0m] Started Network Name Resolution.
[[0;32m  OK  [0m] Reached target Host and Network Name Lookups.
[[0;32m  OK  [0m] Reached target Network.
[[0;32m  OK  [0m] Started Wait for Network to be Configured.
         Starting Initial cloud-init job (metadata service crawler)...
[   24.141558] cloud-init[649]: Cloud-init v. 21.2-3-g899bfaa9-0ubuntu2~18.04.1 running 'init' at Sun, 11 Jul 2021 13:08:22 +0000. Up 23.79 seconds.
[   24.165989] cloud-init[649]: ci-info: ++++++++++++++++++++++++++++++++++++++Net device info+++++++++++++++++++++++++++++++++++++++
[   24.192461] cloud-init[649]: ci-info: +--------+-------+----------------------------+---------------+--------+-------------------+
[   24.215496] cloud-init[649]: ci-info: | Device |   Up  |          Address           |      Mask     | Scope  |     Hw-Address    |
[   24.238186] cloud-init[649]: ci-info: +--------+-------+----------------------------+---------------+--------+-------------------+
[   24.264320] cloud-init[649]: ci-info: | enp0s3 |  True |         10.0.2.15          | 255.255.255.0 | global | 02:c9:26:65:5d:a6 |
[   24.279373] cloud-init[649]: ci-info: | enp0s3 |  True | fe80::c9:26ff:fe65:5da6/64 |       .       |  link  | 02:c9:26:65:5d:a6 |
[   24.298209] cloud-init[649]: ci-info: | enp0s8 | False |             .              |       .       |   .    | 08:00:27:57:a7:1c |
[   24.324522] cloud-init[649]: ci-info: |   lo   |  True |         127.0.0.1          |   255.0.0.0   |  host  |         .         |
[   24.350225] cloud-init[649]: ci-info: |   lo   |  True |          ::1/128           |       .       |  host  |         .         |
[   24.367540] cloud-init[649]: ci-info: +--------+-------+----------------------------+---------------+--------+-------------------+
[   24.382748] cloud-init[649]: ci-info: ++++++++++++++++++++++++++++Route IPv4 info+++++++++++++++++++++++++++++
[   24.397423] cloud-init[649]: ci-info: +-------+-------------+----------+-----------------+-----------+-------+
[   24.417534] cloud-init[649]: ci-info: | Route | Destination | Gateway  |     Genmask     | Interface | Flags |
[   24.434558] cloud-init[649]: ci-info: +-------+-------------+----------+-----------------+-----------+-------+
[   24.456515] cloud-init[649]: ci-info: |   0   |   0.0.0.0   | 10.0.2.2 |     0.0.0.0     |   enp0s3  |   UG  |
[   24.477411] cloud-init[649]: ci-info: |   1   |   10.0.2.0  | 0.0.0.0  |  255.255.255.0  |   enp0s3  |   U   |
[   24.504982] cloud-init[649]: ci-info: |   2   |   10.0.2.2  | 0.0.0.0  | 255.255.255.255 |   enp0s3  |   UH  |
[   24.534175] cloud-init[649]: ci-info: +-------+-------------+----------+-----------------+-----------+-------+
[   24.568750] cloud-init[649]: ci-info: +++++++++++++++++++Route IPv6 info+++++++++++++++++++
[   24.597809] cloud-init[649]: ci-info: +-------+-------------+---------+-----------+-------+
[   24.652815] cloud-init[649]: ci-info: | Route | Destination | Gateway | Interface | Flags |
[   24.691896] cloud-init[649]: ci-info: +-------+-------------+---------+-----------+-------+
[   24.735520] cloud-init[649]: ci-info: |   1   |  fe80::/64  |    ::   |   enp0s3  |   U   |
[   24.767576] cloud-init[649]: ci-info: |   3   |    local    |    ::   |   enp0s3  |   U   |
[   24.824909] cloud-init[649]: ci-info: |   4   |   ff00::/8  |    ::   |   enp0s3  |   U   |
[   24.873214] cloud-init[649]: ci-info: +-------+-------------+---------+-----------+-------+
[   26.219752] cloud-init[649]: Generating public/private rsa key pair.
[   26.242461] cloud-init[649]: Your identification has been saved in /etc/ssh/ssh_host_rsa_key.
[   26.260521] cloud-init[649]: Your public key has been saved in /etc/ssh/ssh_host_rsa_key.pub.
[   26.292720] cloud-init[649]: The key fingerprint is:
[   26.311403] cloud-init[649]: SHA256:GUtkWRA6+dgMXzdNmt7h0p3XLKTSYPm7w9TPNP6VI9w root@ubuntu-bionic
[   26.334091] cloud-init[649]: The key's randomart image is:
[   26.358678] cloud-init[649]: +---[RSA 2048]----+
[   26.374351] cloud-init[649]: |        ==.   .  |[
[   26.390376] [0;32m  OK  [0m] Started Initial cloud-init job (metadata service crawler).cloud-init[649]: |       =.  . =   |

[[0;32m  OK  [0m] Reached target Network is Online.[   26.419381] 
cloud-init         Starting Availability of block devices...[649]: |      = o = = +  |
[[0;32m  OK  [0m] Reached target Remote File Systems (Pre).

[[   26.463462] [0;32m  OK  [0m] cloud-init[649]: Reached target Remote File Systems.
[|       X * * B +o|[0;32m  OK  [0m] Reached target System Initialization.
[   26.494425] cloud-init
[[0;32m  OK  [0m[649]: ] Listening on ACPID Listen Socket.|      . S . *.=.=|
[[0;32m  OK  [0m
[   26.520304] ] Started Ubuntu Advantage update messaging.cloud-init[649]: |           .oooo+|

[   26.534015] cloud-init[[0;32m  OK  [0m] Started ACPI Events Check.[649]: |           o.o.Eo|
[[0;32m  OK  [0m
[   26.555548] cloud-init[649]: |            o...=|] Started Daily Cleanup of Temporary Directories.
[[0;32m  OK  [0m
[   26.570502] cloud-init] Listening on UUID daemon activation socket.[649]: |            ..  o|

[[0;32m  OK  [0m[   26.584852] cloud-init[649]: ] Started Daily apt download activities.+----[SHA256]-----+
[   26.595989] 
[[0;32m  OK  [0mcloud-init[649]: ] Started Daily apt upgrade and clean activities.Generating public/private dsa key pair.
[   26.614362] cloud-init
[[0;32m  OK  [0m] [649]: Your identification has been saved in /etc/ssh/ssh_host_dsa_key.Listening on Open-iSCSI iscsid Socket.
[   26.637596] cloud-init
         [649]: Your public key has been saved in /etc/ssh/ssh_host_dsa_key.pub.Starting Socket activation for snappy daemon.
         Starting LXD - unix socket.
[   26.679417] 
[[0;32m  OK  [0m] Started Discard unused blocks once a week.cloud-init[649]: The key fingerprint is:
[[0;32m  OK  [0m] Listening on D-Bus System Message Bus Socket.
[   26.723536] 
[[0;32m  OK  [0mcloud-init[649]: ] Reached target Paths.
SHA256:1w4l9EkRIjl3553C7zdzWZxgDVNxxJPfmgkrf75Efis root@ubuntu-bionic[[0;32m  OK  [0m
[   26.746883] ] Started Message of the Day.
cloud-init[649]: The key's randomart image is:[[0;32m  OK  [0m
[   26.763833] ] Reached target Timers.cloud-init[649]: 
[[0;32m  OK  [0m] +---[DSA 1024]----+
Reached target Cloud-config availability.[   26.789606] cloud-init[649]: |        ..o +o.==|

[[   26.800888] cloud-init[649]: [0;32m  OK  [0m] Started Availability of block devices.|        oo.+.+.oo|

[[0;32m  OK  [0m] Listening on Socket activation for snappy daemon.[   26.826506] cloud-init
[[0;32m  OK  [0m] [649]: |         o..=o+.=|Listening on LXD - unix socket.
[[0;32m  OK  [0m
[   26.852215] ] Reached target Sockets.
[[0;32m  OK  [0mcloud-init[649]: |           +.=.o+|] Reached target Basic System.
[   26.875740] 
cloud-init[649]: |        S o oo==.|
[[0;32m  OK  [0m] [   26.889149] cloud-init[649]: Started Deferred execution scheduler.
         |         ..o.o+oo|Starting LXD - container startup/shutdown...
         Starting Dispatcher daemon for systemd-networkd...

         Starting LSB: automatic crash report generation...
         Starting System Logging Service...
         Starting Snap Daemon...[   27.001825] 
cloud-init[[0;32m  OK  [0m] Started D-Bus System Message Bus.[649]: 
|           o. + +|
[   27.057671] cloud-init[649]: |            .E.*+|
[   27.136348] cloud-init[649]: |             o+o=|
[   27.186660] cloud-init[649]: +----[SHA256]-----+
[   27.215031] cloud-init[649]: Generating public/private ecdsa key pair.
[   27.270249] cloud-init[649]: Your identification has been saved in /etc/ssh/ssh_host_ecdsa_key.
[   27.327277] cloud-init[649]: Your public key has been saved in /etc/ssh/ssh_host_ecdsa_key.pub.
[   27.369986] cloud-init[649]: The key fingerprint is:
[   27.438323] cloud-init[649]: SHA256:+4tt+t01lQK93zYRU3+mVRGNRqxbD6tZToFY7aSeq9E root@ubuntu-bionic
[   27.545385] cloud-init[649]: The key's randomart image is:
[   27.638391] cloud-init[649]: [[0;32m  OK  [0m] Started FUSE filesystem for LXC.
         Starting Accounts Service...
+---[ECDSA 256]---+
[   27.775870] [cloud-init[0;32m  OK  [0m] Started Regular background program processing daemon.
         Starting Pollinate to seed the pseudo random number generator...[649]: |             +.+*|
         Starting LSB: Record successful boot for GRUB...
         Starting Login Service...
         Starting Virtualbox guest utils...

         Starting Permit User Sessions...
[[0;32m  OK  [0m] Started irqbalance daemon.
[[0;32m  OK  [0m] Started System Logging Service.
[   28.060546] cloud-init[649]: |            o * =|[[0;32m  OK  [0m] Started Permit User Sessions.
         Starting Hold until boot process finishes up...
         
Starting Terminate Plymouth Boot Screen...
[[0;32m  OK  [0m] Started Hold until boot process finishes up.
[[0;32m  OK  [0m] Started Terminate Plymouth Boot Screen.
[   28.259783] cloud-init         Starting Set console scheme...
[[0;32m  OK  [0m] Started Serial Getty on ttyS0.
[649]: |           + O o=|
[   28.467866] cloud-init[649]: [[0;32m  OK  [0m] Started Set console scheme.
[[0;32m  OK  [0m] Started Login Service.
|          . = *+=|[[0;32m  OK  [0m] Started Unattended Upgrades Shutdown.
[[0;32m  OK  [0m] Created slice system-getty.slice.
[
[0;32m  OK  [0m] Started Getty on tty1.
[[0;32m  OK  [0m] Reached target Login Prompts.[   28.705559] 
         Starting Authorization Manager...
[[0;32m  OK  [0m] Started LSB: automatic crash report generation.
[[0;32m  OK  [0m] Started LSB: Record successful boot for GRUB.
cloud-init[649]: |        S  . *.B.|
[   28.909627] cloud-init[649]: |         . .+ * =|
[   28.980162] cloud-init[649]: |        . . EB ++|[[0;32m  OK  [0m] Started LXD - container startup/shutdown.

[   29.070878] cloud-init[649]: |         +.o+..oo|[[0;32m  OK  [0m] Started Authorization Manager.
[[0;32m  OK  [0m] 
Started Accounts Service.
[   29.199896] cloud-init[649]: |        o+*o. .  |
[   29.273246] cloud-init[649]: +----[SHA256]-----+
[   29.337299] cloud-init[649]: Generating public/private ed25519 key pair.
[   29.442295] cloud-init[649]: Your identification has been saved in /etc/ssh/ssh_host_ed25519_key.
[   29.532855] cloud-init[649]: Your public key has been saved in /etc/ssh/ssh_host_ed25519_key.pub.
[   29.635856] cloud-init[649]: The key fingerprint is:
[   29.697534] [[0;32m  OK  [0m] Started Dispatcher daemon for systemd-networkd.
cloud-init[649]: SHA256:WJSlLB6qzbhzonORv2G2xARWn2rIpOeyENsPH49+yn0 root@ubuntu-bionic
[   29.835940] cloud-init[649]: The key's randomart image is:
[   29.906811] cloud-init[649]: +--[ED25519 256]--+
[   29.962595] cloud-init[649]: |    .   .o.      |
[   30.025193] cloud-init[649]: |   . . +..       |
[   30.077049] cloud-init[649]: |  +   = +        |
[[0;32m  OK  [0m] Started Virtualbox guest utils.
[   30.158263] cloud-init[649]: | = o + =         |
[   30.237338] cloud-init[649]: |o +.= o S        |
[   30.292978] cloud-init[649]: | *oO             |
[   30.332229] cloud-init[649]: |+ *oX            |
[   30.399135] cloud-init[649]: |oo+XoB. E        |
[   30.461945] cloud-init[649]: |o+.=X+o.         |
[   30.508490] cloud-init[649]: +----[SHA256]-----+
[[0;32m  OK  [0m] Started Snap Daemon.
         Starting Wait until snapd is fully seeded...
[[0;32m  OK  [0m] Started Pollinate to seed the pseudo random number generator.
         Starting OpenBSD Secure Shell server...
[[0;32m  OK  [0m] Started OpenBSD Secure Shell server.
[[0;32m  OK  [0m] Created slice User Slice of vagrant.
[[0;32m  OK  [0m] Started Session 1 of user vagrant.
         Starting User Manager for UID 1000...
[[0;32m  OK  [0m] Started User Manager for UID 1000.

Ubuntu 18.04.5 LTS ubuntu-bionic ttyS0

ubuntu-bionic login: [   43.058364] cloud-init[1210]: Cloud-init v. 21.2-3-g899bfaa9-0ubuntu2~18.04.1 running 'modules:config' at Sun, 11 Jul 2021 13:08:39 +0000. Up 40.85 seconds.
ci-info: no authorized SSH keys fingerprints found for user ubuntu.
<14>Jul 11 13:08:43 cloud-init: #############################################################
<14>Jul 11 13:08:43 cloud-init: -----BEGIN SSH HOST KEY FINGERPRINTS-----
<14>Jul 11 13:08:43 cloud-init: 1024 SHA256:1w4l9EkRIjl3553C7zdzWZxgDVNxxJPfmgkrf75Efis root@ubuntu-bionic (DSA)
<14>Jul 11 13:08:43 cloud-init: 256 SHA256:+4tt+t01lQK93zYRU3+mVRGNRqxbD6tZToFY7aSeq9E root@ubuntu-bionic (ECDSA)
<14>Jul 11 13:08:43 cloud-init: 256 SHA256:WJSlLB6qzbhzonORv2G2xARWn2rIpOeyENsPH49+yn0 root@ubuntu-bionic (ED25519)
<14>Jul 11 13:08:43 cloud-init: 2048 SHA256:GUtkWRA6+dgMXzdNmt7h0p3XLKTSYPm7w9TPNP6VI9w root@ubuntu-bionic (RSA)
<14>Jul 11 13:08:43 cloud-init: -----END SSH HOST KEY FINGERPRINTS-----
<14>Jul 11 13:08:43 cloud-init: #############################################################
-----BEGIN SSH HOST KEY KEYS-----
ecdsa-sha2-nistp256 AAAAE2VjZHNhLXNoYTItbmlzdHAyNTYAAAAIbmlzdHAyNTYAAABBBELdH0jtLM4tEoseYqlJmOd9Ehz6DGNpL42Wpv1G4PjXOSgFanrY/w5Stb/EP6pkPIjz5segeGPQrnHaGksPaLI= root@ubuntu-bionic
ssh-ed25519 AAAAC3NzaC1lZDI1NTE5AAAAIAs7B3sCXd/18HTgmzJjWQWGqQsM5KXx+xGII8Rb+WhM root@ubuntu-bionic
ssh-rsa AAAAB3NzaC1yc2EAAAADAQABAAABAQC5aPxol/iK7sJn7CIw3C24SOlWtTSAu3mtj6ESsOlzWTojvgLWHTdyYxk7S6nQJsmQSFWjnCAzIF86gOL8lUSnkcnilLoK4hbMeA2AOA29JQcyPqWbIBzS1mEiFx6NS8HhkeFXmdkldWd0JFj6cnlHTc3iZdAMDzC81zMP+zcj9Nq8izxNohYWXhx8w80bW25sH6rcprCwd5M5lw632EhNEIiarKR2AcEwuu8BIQe0S/hLIqalQw4BpkJ3UPCrwc+VdoRdjwCPOZ06V2LR+eqN88xTB/Vdkf7jPpqacJYoQ1RZ7BQBfqVipO/WzXrMXcMePDCwnsKBWFAKXbmnccit root@ubuntu-bionic
-----END SSH HOST KEY KEYS-----
[   45.739244] cloud-init[1452]: Cloud-init v. 21.2-3-g899bfaa9-0ubuntu2~18.04.1 running 'modules:final' at Sun, 11 Jul 2021 13:08:43 +0000. Up 44.81 seconds.
[   45.776638] cloud-init[1452]: ci-info: no authorized SSH keys fingerprints found for user ubuntu.
[   45.816328] cloud-init[1452]: Cloud-init v. 21.2-3-g899bfaa9-0ubuntu2~18.04.1 finished at Sun, 11 Jul 2021 13:08:43 +0000. Datasource DataSourceNoCloud [seed=/dev/sdb][dsmode=net].  Up 45.72 seconds
