[    0.000000] Linux version 4.15.0-147-generic (buildd@lcy01-amd64-028) (gcc version 7.5.0 (Ubuntu 7.5.0-3ubuntu1~18.04)) #151-Ubuntu SMP Fri Jun 18 19:21:19 UTC 2021 (Ubuntu 4.15.0-147.151-generic 4.15.18)
[    0.000000] Command line: BOOT_IMAGE=/boot/vmlinuz-4.15.0-147-generic root=LABEL=cloudimg-rootfs ro console=tty1 console=ttyS0
[    0.000000] KERNEL supported cpus:
[    0.000000]   Intel GenuineIntel
[    0.000000]   AMD AuthenticAMD
[    0.000000]   Centaur CentaurHauls
[    0.000000] x86/fpu: x87 FPU will use FXSAVE
[    0.000000] e820: BIOS-provided physical RAM map:
[    0.000000] BIOS-e820: [mem 0x0000000000000000-0x000000000009fbff] usable
[    0.000000] BIOS-e820: [mem 0x000000000009fc00-0x000000000009ffff] reserved
[    0.000000] BIOS-e820: [mem 0x00000000000f0000-0x00000000000fffff] reserved
[    0.000000] BIOS-e820: [mem 0x0000000000100000-0x00000000dffeffff] usable
[    0.000000] BIOS-e820: [mem 0x00000000dfff0000-0x00000000dfffffff] ACPI data
[    0.000000] BIOS-e820: [mem 0x00000000fec00000-0x00000000fec00fff] reserved
[    0.000000] BIOS-e820: [mem 0x00000000fee00000-0x00000000fee00fff] reserved
[    0.000000] BIOS-e820: [mem 0x00000000fffc0000-0x00000000ffffffff] reserved
[    0.000000] BIOS-e820: [mem 0x0000000100000000-0x000000011fffffff] usable
[    0.000000] NX (Execute Disable) protection: active
[    0.000000] SMBIOS 2.5 present.
[    0.000000] DMI: innotek GmbH VirtualBox/VirtualBox, BIOS VirtualBox 12/01/2006
[    0.000000] Hypervisor detected: KVM
[    0.000000] e820: last_pfn = 0x120000 max_arch_pfn = 0x400000000
[    0.000000] MTRR: Disabled
[    0.000000] x86/PAT: MTRRs disabled, skipping PAT initialization too.
[    0.000000] CPU MTRRs all blank - virtualized system.
[    0.000000] x86/PAT: Configuration [0-7]: WB  WT  UC- UC  WB  WT  UC- UC  
[    0.000000] e820: last_pfn = 0xdfff0 max_arch_pfn = 0x400000000
[    0.000000] found SMP MP-table at [mem 0x0009fff0-0x0009ffff]
[    0.000000] Scanning 1 areas for low memory corruption
[    0.000000] RAMDISK: [mem 0x359d1000-0x36cdffff]
[    0.000000] ACPI: Early table checksum verification disabled
[    0.000000] ACPI: RSDP 0x00000000000E0000 000024 (v02 VBOX  )
[    0.000000] ACPI: XSDT 0x00000000DFFF0030 00003C (v01 VBOX   VBOXXSDT 00000001 ASL  00000061)
[    0.000000] ACPI: FACP 0x00000000DFFF00F0 0000F4 (v04 VBOX   VBOXFACP 00000001 ASL  00000061)
[    0.000000] ACPI: DSDT 0x00000000DFFF0470 002325 (v02 VBOX   VBOXBIOS 00000002 INTL 20100528)
[    0.000000] ACPI: FACS 0x00000000DFFF0200 000040
[    0.000000] ACPI: FACS 0x00000000DFFF0200 000040
[    0.000000] ACPI: APIC 0x00000000DFFF0240 00005C (v02 VBOX   VBOXAPIC 00000001 ASL  00000061)
[    0.000000] ACPI: SSDT 0x00000000DFFF02A0 0001CC (v01 VBOX   VBOXCPUT 00000002 INTL 20100528)
[    0.000000] ACPI: Reserving FACP table memory at [mem 0xdfff00f0-0xdfff01e3]
[    0.000000] ACPI: Reserving DSDT table memory at [mem 0xdfff0470-0xdfff2794]
[    0.000000] ACPI: Reserving FACS table memory at [mem 0xdfff0200-0xdfff023f]
[    0.000000] ACPI: Reserving FACS table memory at [mem 0xdfff0200-0xdfff023f]
[    0.000000] ACPI: Reserving APIC table memory at [mem 0xdfff0240-0xdfff029b]
[    0.000000] ACPI: Reserving SSDT table memory at [mem 0xdfff02a0-0xdfff046b]
[    0.000000] No NUMA configuration found
[    0.000000] Faking a node at [mem 0x0000000000000000-0x000000011fffffff]
[    0.000000] NODE_DATA(0) allocated [mem 0x11ffd1000-0x11fffbfff]
[    0.000000] kvm-clock: cpu 0, msr 1:1ff50001, primary cpu clock
[    0.000000] kvm-clock: Using msrs 4b564d01 and 4b564d00
[    0.000000] kvm-clock: using sched offset of 4794387873 cycles
[    0.000000] clocksource: kvm-clock: mask: 0xffffffffffffffff max_cycles: 0x1cd42e4dffb, max_idle_ns: 881590591483 ns
[    0.000000] Zone ranges:
[    0.000000]   DMA      [mem 0x0000000000001000-0x0000000000ffffff]
[    0.000000]   DMA32    [mem 0x0000000001000000-0x00000000ffffffff]
[    0.000000]   Normal   [mem 0x0000000100000000-0x000000011fffffff]
[    0.000000]   Device   empty
[    0.000000] Movable zone start for each node
[    0.000000] Early memory node ranges
[    0.000000]   node   0: [mem 0x0000000000001000-0x000000000009efff]
[    0.000000]   node   0: [mem 0x0000000000100000-0x00000000dffeffff]
[    0.000000]   node   0: [mem 0x0000000100000000-0x000000011fffffff]
[    0.000000] Reserved but unavailable: 104 pages
[    0.000000] Initmem setup node 0 [mem 0x0000000000001000-0x000000011fffffff]
[    0.000000] ACPI: PM-Timer IO Port: 0x4008
[    0.000000] IOAPIC[0]: apic_id 2, version 32, address 0xfec00000, GSI 0-23
[    0.000000] ACPI: INT_SRC_OVR (bus 0 bus_irq 0 global_irq 2 dfl dfl)
[    0.000000] ACPI: INT_SRC_OVR (bus 0 bus_irq 9 global_irq 9 low level)
[    0.000000] Using ACPI (MADT) for SMP configuration information
[    0.000000] smpboot: Allowing 2 CPUs, 0 hotplug CPUs
[    0.000000] PM: Registered nosave memory: [mem 0x00000000-0x00000fff]
[    0.000000] PM: Registered nosave memory: [mem 0x0009f000-0x0009ffff]
[    0.000000] PM: Registered nosave memory: [mem 0x000a0000-0x000effff]
[    0.000000] PM: Registered nosave memory: [mem 0x000f0000-0x000fffff]
[    0.000000] PM: Registered nosave memory: [mem 0xdfff0000-0xdfffffff]
[    0.000000] PM: Registered nosave memory: [mem 0xe0000000-0xfebfffff]
[    0.000000] PM: Registered nosave memory: [mem 0xfec00000-0xfec00fff]
[    0.000000] PM: Registered nosave memory: [mem 0xfec01000-0xfedfffff]
[    0.000000] PM: Registered nosave memory: [mem 0xfee00000-0xfee00fff]
[    0.000000] PM: Registered nosave memory: [mem 0xfee01000-0xfffbffff]
[    0.000000] PM: Registered nosave memory: [mem 0xfffc0000-0xffffffff]
[    0.000000] e820: [mem 0xe0000000-0xfebfffff] available for PCI devices
[    0.000000] Booting paravirtualized kernel on KVM
[    0.000000] clocksource: refined-jiffies: mask: 0xffffffff max_cycles: 0xffffffff, max_idle_ns: 7645519600211568 ns
[    0.000000] random: get_random_bytes called from start_kernel+0x99/0x500 with crng_init=0
[    0.000000] setup_percpu: NR_CPUS:8192 nr_cpumask_bits:2 nr_cpu_ids:2 nr_node_ids:1
[    0.000000] percpu: Embedded 45 pages/cpu s147456 r8192 d28672 u1048576
[    0.000000] PV qspinlock hash table entries: 256 (order: 0, 4096 bytes)
[    0.000000] Built 1 zonelists, mobility grouping on.  Total pages: 1032057
[    0.000000] Policy zone: Normal
[    0.000000] Kernel command line: BOOT_IMAGE=/boot/vmlinuz-4.15.0-147-generic root=LABEL=cloudimg-rootfs ro console=tty1 console=ttyS0
[    0.000000] Memory: 4013328K/4193848K available (12300K kernel code, 2483K rwdata, 4320K rodata, 2448K init, 2724K bss, 180520K reserved, 0K cma-reserved)
[    0.000000] SLUB: HWalign=64, Order=0-3, MinObjects=0, CPUs=2, Nodes=1
[    0.000000] ftrace: allocating 39457 entries in 155 pages
[    0.004000] Hierarchical RCU implementation.
[    0.004000] 	RCU restricting CPUs from NR_CPUS=8192 to nr_cpu_ids=2.
[    0.004000] 	Tasks RCU enabled.
[    0.004000] RCU: Adjusting geometry for rcu_fanout_leaf=16, nr_cpu_ids=2
[    0.004000] NR_IRQS: 524544, nr_irqs: 440, preallocated irqs: 16
[    0.004000] Console: colour VGA+ 80x25
[    0.004000] console [tty1] enabled
[    0.004000] console [ttyS0] enabled
[    0.004000] ACPI: Core revision 20170831
[    0.004000] ACPI: 2 ACPI AML tables successfully acquired and loaded
[    0.004000] APIC: Switch to symmetric I/O mode setup
[    0.004000] ..TIMER: vector=0x30 apic1=0 pin1=2 apic2=-1 pin2=-1
[    0.004000] tsc: Detected 2592.006 MHz processor
[    0.004000] Calibrating delay loop (skipped) preset value.. 5184.01 BogoMIPS (lpj=10368024)
[    0.004000] pid_max: default: 32768 minimum: 301
[    0.004000] Security Framework initialized
[    0.004000] Yama: becoming mindful.
[    0.004098] AppArmor: AppArmor initialized
[    0.033472] Dentry cache hash table entries: 524288 (order: 10, 4194304 bytes)
[    0.052635] Inode-cache hash table entries: 262144 (order: 9, 2097152 bytes)
[    0.056240] Mount-cache hash table entries: 8192 (order: 4, 65536 bytes)
[    0.060233] Mountpoint-cache hash table entries: 8192 (order: 4, 65536 bytes)
[    0.065440] Last level iTLB entries: 4KB 64, 2MB 8, 4MB 8
[    0.068003] Last level dTLB entries: 4KB 64, 2MB 0, 4MB 0, 1GB 4
[    0.072007] Spectre V1 : Mitigation: usercopy/swapgs barriers and __user pointer sanitization
[    0.076004] Spectre V2 : Mitigation: Enhanced IBRS
[    0.080002] Spectre V2 : Spectre v2 / SpectreRSB mitigation: Filling RSB on context switch
[    0.084004] Speculative Store Bypass: Vulnerable
[    0.088157] Freeing SMP alternatives memory: 36K
[    0.204304] smpboot: CPU0: Intel(R) Core(TM) i7-9850H CPU @ 2.60GHz (family: 0x6, model: 0x9e, stepping: 0xd)
[    0.208362] Performance Events: unsupported p6 CPU model 158 no PMU driver, software events only.
[    0.212111] Hierarchical SRCU implementation.
[    0.220664] NMI watchdog: Perf event create on CPU 0 failed with -2
[    0.224004] NMI watchdog: Perf NMI watchdog permanently disabled
[    0.228298] smp: Bringing up secondary CPUs ...
[    0.232830] x86: Booting SMP configuration:
[    0.236006] .... node  #0, CPUs:      #1
[    0.004000] kvm-clock: cpu 1, msr 1:1ff50041, secondary cpu clock
[    0.246038] TSC synchronization [CPU#0 -> CPU#1]:
[    0.248000] Measured 49394 cycles TSC warp between CPUs, turning off TSC clock.
[    0.248000] tsc: Marking TSC unstable due to check_tsc_sync_source failed
[    0.252096] smp: Brought up 1 node, 2 CPUs
[    0.256005] smpboot: Max logical packages: 1
[    0.260004] smpboot: Total of 2 processors activated (10368.02 BogoMIPS)
[    0.268003] devtmpfs: initialized
[    0.270527] x86/mm: Memory block size: 128MB
[    0.272896] evm: security.selinux
[    0.276003] evm: security.SMACK64
[    0.278464] evm: security.SMACK64EXEC
[    0.280003] evm: security.SMACK64TRANSMUTE
[    0.284002] evm: security.SMACK64MMAP
[    0.288002] evm: security.apparmor
[    0.290502] evm: security.ima
[    0.292002] evm: security.capability
[    0.296410] clocksource: jiffies: mask: 0xffffffff max_cycles: 0xffffffff, max_idle_ns: 7645041785100000 ns
[    0.300101] futex hash table entries: 512 (order: 3, 32768 bytes)
[    0.304144] pinctrl core: initialized pinctrl subsystem
[    0.308483] RTC time: 14:50:22, date: 07/25/21
[    0.316086] NET: Registered protocol family 16
[    0.320120] audit: initializing netlink subsys (disabled)
[    0.324229] audit: type=2000 audit(1627224629.104:1): state=initialized audit_enabled=0 res=1
[    0.332009] cpuidle: using governor ladder
[    0.336016] cpuidle: using governor menu
[    0.340067] ACPI: bus type PCI registered
[    0.343031] acpiphp: ACPI Hot Plug PCI Controller Driver version: 0.5
[    0.345825] PCI: Using configuration type 1 for base access
[    0.352979] HugeTLB registered 2.00 MiB page size, pre-allocated 0 pages
[    0.360559] ACPI: Added _OSI(Module Device)
[    0.364013] ACPI: Added _OSI(Processor Device)
[    0.368003] ACPI: Added _OSI(3.0 _SCP Extensions)
[    0.372005] ACPI: Added _OSI(Processor Aggregator Device)
[    0.376005] ACPI: Added _OSI(Linux-Dell-Video)
[    0.380006] ACPI: Added _OSI(Linux-Lenovo-NV-HDMI-Audio)
[    0.384007] ACPI: Added _OSI(Linux-HPI-Hybrid-Graphics)
[    0.388832] ACPI: Executed 1 blocks of module-level executable AML code
[    0.397175] ACPI: Interpreter enabled
[    0.400000] ACPI: (supports S0 S5)
[    0.400006] ACPI: Using IOAPIC for interrupt routing
[    0.404414] PCI: Using host bridge windows from ACPI; if necessary, use "pci=nocrs" and report a bug
[    0.408248] ACPI: Enabled 2 GPEs in block 00 to 07
[    0.421142] ACPI: PCI Root Bridge [PCI0] (domain 0000 [bus 00-ff])
[    0.424014] acpi PNP0A03:00: _OSC: OS supports [ASPM ClockPM Segments MSI]
[    0.428794] acpi PNP0A03:00: _OSC: not requesting OS control; OS requires [ExtendedConfig ASPM ClockPM MSI]
[    0.432021] acpi PNP0A03:00: fail to add MMCONFIG information, can't access extended PCI configuration space under this bridge.
[    0.436776] PCI host bridge to bus 0000:00
[    0.440007] pci_bus 0000:00: root bus resource [io  0x0000-0x0cf7 window]
[    0.444007] pci_bus 0000:00: root bus resource [io  0x0d00-0xffff window]
[    0.448005] pci_bus 0000:00: root bus resource [mem 0x000a0000-0x000bffff window]
[    0.452008] pci_bus 0000:00: root bus resource [mem 0xe0000000-0xfdffffff window]
[    0.456008] pci_bus 0000:00: root bus resource [bus 00-ff]
[    0.467496] pci 0000:00:01.1: legacy IDE quirk: reg 0x10: [io  0x01f0-0x01f7]
[    0.468004] pci 0000:00:01.1: legacy IDE quirk: reg 0x14: [io  0x03f6]
[    0.472006] pci 0000:00:01.1: legacy IDE quirk: reg 0x18: [io  0x0170-0x0177]
[    0.476009] pci 0000:00:01.1: legacy IDE quirk: reg 0x1c: [io  0x0376]
[    0.562471] pci 0000:00:07.0: quirk: [io  0x4000-0x403f] claimed by PIIX4 ACPI
[    0.572034] pci 0000:00:07.0: quirk: [io  0x4100-0x410f] claimed by PIIX4 SMB
[    0.593783] ACPI: PCI Interrupt Link [LNKA] (IRQs 5 9 10 *11)
[    0.600511] ACPI: PCI Interrupt Link [LNKB] (IRQs 5 9 *10 11)
[    0.608203] ACPI: PCI Interrupt Link [LNKC] (IRQs 5 *9 10 11)
[    0.616193] ACPI: PCI Interrupt Link [LNKD] (IRQs 5 9 10 *11)
[    0.624709] SCSI subsystem initialized
[    0.628294] pci 0000:00:02.0: vgaarb: setting as boot VGA device
[    0.632000] pci 0000:00:02.0: vgaarb: VGA device added: decodes=io+mem,owns=io+mem,locks=none
[    0.648005] pci 0000:00:02.0: vgaarb: bridge control possible
[    0.652005] vgaarb: loaded
[    0.656064] ACPI: bus type USB registered
[    0.664039] usbcore: registered new interface driver usbfs
[    0.668010] usbcore: registered new interface driver hub
[    0.676011] usbcore: registered new device driver usb
[    0.680135] EDAC MC: Ver: 3.0.0
[    0.688679] PCI: Using ACPI for IRQ routing
[    0.696631] NetLabel: Initializing
[    0.700003] NetLabel:  domain hash size = 128
[    0.704002] NetLabel:  protocols = UNLABELED CIPSOv4 CALIPSO
[    0.712121] NetLabel:  unlabeled traffic allowed by default
[    0.720230] clocksource: Switched to clocksource kvm-clock
[    0.779405] VFS: Disk quotas dquot_6.6.0
[    0.783156] VFS: Dquot-cache hash table entries: 512 (order 0, 4096 bytes)
[    0.791251] AppArmor: AppArmor Filesystem Enabled
[    0.795018] pnp: PnP ACPI init
[    0.799681] pnp: PnP ACPI: found 3 devices
[    0.812378] clocksource: acpi_pm: mask: 0xffffff max_cycles: 0xffffff, max_idle_ns: 2085701024 ns
[    0.819698] NET: Registered protocol family 2
[    0.824402] TCP established hash table entries: 32768 (order: 6, 262144 bytes)
[    0.830782] TCP bind hash table entries: 32768 (order: 7, 524288 bytes)
[    0.842943] TCP: Hash tables configured (established 32768 bind 32768)
[    0.848588] UDP hash table entries: 2048 (order: 4, 65536 bytes)
[    0.853532] UDP-Lite hash table entries: 2048 (order: 4, 65536 bytes)
[    0.860927] NET: Registered protocol family 1
[    0.864786] pci 0000:00:00.0: Limiting direct PCI/PCI transfers
[    0.869588] pci 0000:00:01.0: Activating ISA DMA hang workarounds
[    0.874767] pci 0000:00:02.0: Video device with shadowed ROM at [mem 0x000c0000-0x000dffff]
[    0.882220] Unpacking initramfs...
[    1.439067] Freeing initrd memory: 19516K
[    1.443231] PCI-DMA: Using software bounce buffering for IO (SWIOTLB)
[    1.448909] software IO TLB: mapped [mem 0xdbff0000-0xdfff0000] (64MB)
[    1.454771] clocksource: tsc: mask: 0xffffffffffffffff max_cycles: 0x255cbc978bf, max_idle_ns: 440795251759 ns
[    1.466898] platform rtc_cmos: registered platform RTC device (no PNP device found)
[    1.473372] Scanning for low memory corruption every 60 seconds
[    1.479147] Initialise system trusted keyrings
[    1.485433] Key type blacklist registered
[    1.489192] workingset: timestamp_bits=36 max_order=20 bucket_order=0
[    1.495876] zbud: loaded
[    1.499433] squashfs: version 4.0 (2009/01/31) Phillip Lougher
[    1.506615] fuse init (API version 7.26)
[    1.534240] Key type asymmetric registered
[    1.538191] Asymmetric key parser 'x509' registered
[    1.542456] Block layer SCSI generic (bsg) driver version 0.4 loaded (major 246)
[    1.550396] io scheduler noop registered
[    1.554224] io scheduler deadline registered
[    1.557649] io scheduler cfq registered (default)
[    1.562363] ACPI: AC Adapter [AC] (on-line)
[    1.566032] input: Power Button as /devices/LNXSYSTM:00/LNXPWRBN:00/input/input0
[    1.574098] ACPI: Power Button [PWRF]
[    1.577656] input: Sleep Button as /devices/LNXSYSTM:00/LNXSLPBN:00/input/input1
[    1.583236] ACPI: Sleep Button [SLPF]
[    1.587551] Serial: 8250/16550 driver, 32 ports, IRQ sharing enabled
[    1.588982] ACPI: Battery Slot [BAT0] (battery present)
[    1.628854] 00:02: ttyS0 at I/O 0x3f8 (irq = 4, base_baud = 115200) is a 16550A
[    1.637659] Linux agpgart interface v0.103
[    1.648496] loop: module loaded
[    1.654207] scsi host0: ata_piix
[    1.658739] scsi host1: ata_piix
[    1.662025] ata1: PATA max UDMA/33 cmd 0x1f0 ctl 0x3f6 bmdma 0xd000 irq 14
[    1.667401] ata2: PATA max UDMA/33 cmd 0x170 ctl 0x376 bmdma 0xd008 irq 15
[    1.676246] libphy: Fixed MDIO Bus: probed
[    1.679740] tun: Universal TUN/TAP device driver, 1.6
[    1.684499] PPP generic driver version 2.4.2
[    1.688458] ehci_hcd: USB 2.0 'Enhanced' Host Controller (EHCI) Driver
[    1.695765] ehci-pci: EHCI PCI platform driver
[    1.700296] ehci-platform: EHCI generic platform driver
[    1.705025] ohci_hcd: USB 1.1 'Open' Host Controller (OHCI) Driver
[    1.710058] ohci-pci: OHCI PCI platform driver
[    1.713841] ohci-platform: OHCI generic platform driver
[    1.720290] uhci_hcd: USB Universal Host Controller Interface driver
[    1.725813] i8042: PNP: PS/2 Controller [PNP0303:PS2K,PNP0f03:PS2M] at 0x60,0x64 irq 1,12
[    1.736276] serio: i8042 KBD port at 0x60,0x64 irq 1
[    1.742918] serio: i8042 AUX port at 0x60,0x64 irq 12
[    1.748515] mousedev: PS/2 mouse device common for all mice
[    1.755191] input: AT Translated Set 2 keyboard as /devices/platform/i8042/serio0/input/input2
[    1.765498] rtc_cmos rtc_cmos: rtc core: registered rtc_cmos as rtc0
[    1.771406] rtc_cmos rtc_cmos: alarms up to one day, 114 bytes nvram
[    1.774900] i2c /dev entries driver
[    1.774900] device-mapper: uevent: version 1.0.3
[    1.782963] device-mapper: ioctl: 4.37.0-ioctl (2017-09-20) initialised: dm-devel@redhat.com
[    1.792369] ledtrig-cpu: registered to indicate activity on CPUs
[    1.800863] NET: Registered protocol family 10
[    1.820099] Segment Routing with IPv6
[    1.823465] NET: Registered protocol family 17
[    1.827583] Key type dns_resolver registered
[    1.834481] mce: Using 0 MCE banks
[    1.840552] RAS: Correctable Errors collector initialized.
[    1.845663] sched_clock: Marking stable (1845620194, 0)->(3963144551, -2117524357)
[    1.898154] registered taskstats version 1
[    1.902249] Loading compiled-in X.509 certificates
[    1.911188] Loaded X.509 cert 'Build time autogenerated kernel key: 51fb7d4f1badf96545a23cd59566c79f3f9ecc26'
[    1.920805] Loaded X.509 cert 'Canonical Ltd. Live Patch Signing: 14df34d1a87cf37625abec039ef2bf521249b969'
[    1.929240] Loaded X.509 cert 'Canonical Ltd. Kernel Module Signing: 88f752e560a1e0737e31163a466ad7b70a850c19'
[    1.939850] zswap: loaded using pool lzo/zbud
[    1.955081] Key type big_key registered
[    1.960489] Key type trusted registered
[    1.967915] Key type encrypted registered
[    1.971947] AppArmor: AppArmor sha1 policy hashing enabled
[    1.976549] ima: No TPM chip found, activating TPM-bypass! (rc=-19)
[    1.983457] ima: Allocated hash algorithm: sha1
[    1.987427] evm: HMAC attrs: 0x1
[    1.991261]   Magic number: 13:158:840
[    1.995358] rtc_cmos rtc_cmos: setting system clock to 2021-07-25 14:50:23 UTC (1627224623)
[    2.004996] BIOS EDD facility v0.16 2004-Jun-25, 0 devices found
[    2.010094] EDD information not available.
[    2.017353] Freeing unused kernel image memory: 2448K
[    2.078715] Write protecting the kernel read-only data: 20480k
[    2.085004] Freeing unused kernel image memory: 2008K
[    2.089141] Freeing unused kernel image memory: 1824K
[    2.099773] x86/mm: Checked W+X mappings: passed, no W+X pages found.
Loading, please wait...
starting version 237
[    2.214337] Fusion MPT base driver 3.04.20
[    2.218877] Copyright (c) 1999-2008 LSI Corporation
[    2.238188] Fusion MPT SPI Host driver 3.04.20
[    2.242962] e1000: Intel(R) PRO/1000 Network Driver - version 7.3.21-k8-NAPI
[    2.254222] e1000: Copyright (c) 1999-2006 Intel Corporation.
[    2.269976] mptbase: ioc0: Initiating bringup
[    2.398134] ioc0: LSI53C1030 A0: Capabilities={Initiator}
[    2.475498] input: ImExPS/2 Generic Explorer Mouse as /devices/platform/i8042/serio1/input/input4
[    2.666295] scsi host2: ioc0: LSI53C1030 A0, FwRev=00000000h, Ports=1, MaxQ=256, IRQ=20
[    2.841512] scsi 2:0:0:0: Direct-Access     VBOX     HARDDISK         1.0  PQ: 0 ANSI: 5
[    2.881356] scsi target2:0:0: Beginning Domain Validation
[    2.891073] scsi target2:0:0: Domain Validation skipping write tests
[    2.895717] scsi target2:0:0: Ending Domain Validation
[    2.899874] scsi target2:0:0: asynchronous
[    2.904698] random: fast init done
[    2.907450] scsi 2:0:1:0: Direct-Access     VBOX     HARDDISK         1.0  PQ: 0 ANSI: 5
[    3.260209] scsi target2:0:1: Beginning Domain Validation
[    3.270982] scsi target2:0:1: Domain Validation skipping write tests
[    3.277128] scsi target2:0:1: Ending Domain Validation
[    3.281770] scsi target2:0:1: asynchronous
[    3.297896] sd 2:0:0:0: Attached scsi generic sg0 type 0
[    3.301598] random: systemd-udevd: uninitialized urandom read (16 bytes read)
[    3.303296] sd 2:0:0:0: [sda] 83886080 512-byte logical blocks: (42.9 GB/40.0 GiB)
[    3.316938] random: systemd-udevd: uninitialized urandom read (16 bytes read)
[    3.317428] sd 2:0:1:0: [sdb] 20480 512-byte logical blocks: (10.5 MB/10.0 MiB)
[    3.332475] sd 2:0:1:0: Attached scsi generic sg1 type 0
[    3.337720] sd 2:0:0:0: [sda] Write Protect is off
[    3.342049] sd 2:0:1:0: [sdb] Write Protect is off
[    3.342707] random: systemd-udevd: uninitialized urandom read (16 bytes read)
[    3.355525] sd 2:0:0:0: [sda] Incomplete mode parameter data
[    3.360526] sd 2:0:0:0: [sda] Assuming drive cache: write through
[    3.366526] sd 2:0:1:0: [sdb] Incomplete mode parameter data
[    3.373462] sd 2:0:1:0: [sdb] Assuming drive cache: write through
[    3.390232]  sda: sda1
[    3.398197] sd 2:0:0:0: [sda] Attached SCSI disk
[    3.405402] sd 2:0:1:0: [sdb] Attached SCSI disk
[    3.593363] e1000 0000:00:03.0 eth0: (PCI:33MHz:32-bit) 02:c9:26:65:5d:a6
[    3.601277] e1000 0000:00:03.0 eth0: Intel(R) PRO/1000 Network Connection
[    4.261919] e1000 0000:00:08.0 eth1: (PCI:33MHz:32-bit) 08:00:27:33:b2:0d
[    4.268121] e1000 0000:00:08.0 eth1: Intel(R) PRO/1000 Network Connection
[    4.275146] e1000 0000:00:08.0 enp0s8: renamed from eth1
[    4.303247] e1000 0000:00:03.0 enp0s3: renamed from eth0
Begin: Loading essential drivers ... [    9.168177] raid6: sse2x1   gen() 234676 MB/s
[   11.171317] raid6: sse2x1   xor() 164370 MB/s
[   12.170172] raid6: sse2x2   gen() 273078 MB/s
[   13.224619] raid6: sse2x2   xor() 11453 MB/s
[   13.278351] raid6: sse2x4   gen() 12156 MB/s
[   14.166134] raid6: sse2x4   xor() 193518 MB/s
[   14.170600] raid6: using algorithm sse2x2 gen() 273078 MB/s
[   14.175171] raid6: .... xor() 11453 MB/s, rmw enabled
[   14.179737] raid6: using ssse3x2 recovery algorithm
[   14.189961] xor: measuring software checksum speed
[   14.232411]    prefetch64-sse: 30220.000 MB/sec
[   14.276380]    generic_sse: 20734.000 MB/sec
[   14.280351] xor: using function: prefetch64-sse (30220.000 MB/sec)
[   14.287496] async_tx: api initialized (async)
done.
Begin: Running /scripts/init-premount ... done.
Begin: Mounting root file system ... Begin: Running /scripts/local-top ... done.
Begin: Running /scripts/local-premount ... [   14.352087] Btrfs loaded, crc32c=crc32c-intel
Scanning for Btrfs filesystems
done.
Warning: fsck not present, so skipping root file system
[   14.407756] EXT4-fs (sda1): mounted filesystem with ordered data mode. Opts: (null)
done.
Begin: Running /scripts/local-bottom ... done.
Begin: Running /scripts/init-bottom ... done.
[   14.622363] ip_tables: (C) 2000-2006 Netfilter Core Team
[   14.639226] systemd[1]: systemd 237 running in system mode. (+PAM +AUDIT +SELINUX +IMA +APPARMOR +SMACK +SYSVINIT +UTMP +LIBCRYPTSETUP +GCRYPT +GNUTLS +ACL +XZ +LZ4 +SECCOMP +BLKID +ELFUTILS +KMOD -IDN2 +IDN -PCRE2 default-hierarchy=hybrid)
[   14.656852] systemd[1]: Detected virtualization oracle.
[   14.661551] systemd[1]: Detected architecture x86-64.

Welcome to [1mUbuntu 18.04.5 LTS[0m!

[   14.694024] systemd[1]: Set hostname to <ubuntu>.
[   14.707023] systemd[1]: Initializing machine ID from random generator.
[   14.712650] systemd[1]: Installed transient /etc/machine-id file.
[   15.075160] systemd[1]: Reached target System Time Synchronized.
[[0;32m  OK  [0m] Reached target System Time Synchronized.
[   15.086456] systemd[1]: Started Forward Password Requests to Wall Directory Watch.
[[0;32m  OK  [0m] Started Forward Password Requests to Wall Directory Watch.
[   15.107037] systemd[1]: Created slice System Slice.
[[0;32m  OK  [0m] Created slice System Slice.
[   15.117658] systemd[1]: Listening on LVM2 poll daemon socket.
[[0;32m  OK  [0m] Listening on LVM2 poll daemon socket.
[[0;32m  OK  [0m] Listening on Network Service Netlink Socket.
[[0;32m  OK  [0m] Listening on /dev/initctl Compatibility Named Pipe.
[[0;32m  OK  [0m] Listening on udev Control Socket.
[[0;32m  OK  [0m] Listening on Journal Socket (/dev/log).
[[0;32m  OK  [0m] Listening on Device-mapper event daemon FIFOs.
[[0;32m  OK  [0m] Listening on Syslog Socket.
[[0;32m  OK  [0m] Created slice User and Session Slice.
[[0;32m  OK  [0m] Reached target Slices.
[[0;32m  OK  [0m] Reached target User and Group Name Lookups.
[[0;32m  OK  [0m] Listening on LVM2 metadata daemon socket.
[[0;32m  OK  [0m] Listening on Journal Audit Socket.
[[0;32m  OK  [0m] Set up automount Arbitrary Executab…rmats File System Automount Point.
[[0;32m  OK  [0m] Listening on Journal Socket.
         Starting Uncomplicated firewall...
         Starting Monitoring of LVM2 mirrors…ng dmeventd or progress polling...
         Starting Journal Service...
         Starting Load Kernel Modules...
         Mounting Huge Pages File System...
         Starting Create list of required st…ce nodes for the current kernel...
[   15.249780] Loading iSCSI transport class v2.0-870.
[   15.263874] iscsi: registered transport (tcp)
[   15.289920] iscsi: registered transport (iser)
         Mounting POSIX Message Queue File System...
         Starting Set the console keyboard layout...
         Mounting Kernel Debug File System...
[[0;32m  OK  [0m] Listening on fsck to fsckd communication Socket.
         Starting File System Check on Root Device...
[[0;32m  OK  [0m] Created slice system-serial\x2dgetty.slice.
[[0;32m  OK  [0m] Reached target Swap.
[[0;32m  OK  [0m] Listening on udev Kernel Socket.
         Starting udev Coldplug all Devices...
[[0;32m  OK  [0m] Started Uncomplicated firewall.
[[0;32m  OK  [0m] Started Load Kernel Modules.
[[0;32m  OK  [0m] Mounted Huge Pages File System.
[[0;32m  OK  [0m] Started Journal Service.
[[0;32m  OK  [0m] Started Create list of required sta…vice nodes for the current kernel.
[[0;32m  OK  [0m] Mounted POSIX Message Queue File System.
[[0;32m  OK  [0m] Mounted Kernel Debug File System.
[[0;32m  OK  [0m] Started File System Check Daemon to report status.
[[0;32m  OK  [0m] Started LVM2 metadata daemon.
         Starting Create Static Device Nodes in /dev...
         Mounting FUSE Control File System...
         Starting Apply Kernel Variables...
         Mounting Kernel Configuration File System...
[[0;32m  OK  [0m] Mounted FUSE Control File System.
[[0;32m  OK  [0m] Mounted Kernel Configuration File System.
[[0;32m  OK  [0m] Started File System Check on Root Device.
         Starting Remount Root and Kernel File Systems...
[[0;32m  OK  [0m] Started udev Coldplug all Devices.
[[0;32m  OK  [0m] Started Remount Root and Kernel File Systems.
         Starting Load/Save Random Seed...
         Starting Flush Journal to Persistent Storage...
[[0;32m  OK  [0m] Started Monitoring of LVM2 mirrors,…sing dmeventd or progress polling.
[[0;32m  OK  [0m] Started Create Static Device Nodes in /dev.
[[0;32m  OK  [0m] Started Apply Kernel Variables.
         Starting udev Kernel Device Manager...
[[0;32m  OK  [0m] Started Load/Save Random Seed.
[[0;32m  OK  [0m] Started Set the console keyboard layout.
[[0;32m  OK  [0m] Reached target Local File Systems (Pre).
[[0;32m  OK  [0m] Reached target Local File Systems.
         Starting Commit a transient machine-id on disk...
         Starting Tell Plymouth To Write Out Runtime Data...
         Starting ebtables ruleset management...
         Starting AppArmor initialization...
         Starting Set console font and keymap...
[[0;32m  OK  [0m] Started udev Kernel Device Manager.
[[0;32m  OK  [0m] Started Dispatch Password Requests to Console Directory Watch.
[[0;32m  OK  [0m] Reached target Local Encrypted Volumes.
[[0;32m  OK  [0m] Started Tell Plymouth To Write Out Runtime Data.
[[0;32m  OK  [0m] Started Set console font and keymap.
[[0;32m  OK  [0m] Started Commit a transient machine-id on disk.
[[0;32m  OK  [0m] Started Flush Journal to Persistent Storage.
         Starting Create Volatile Files and Directories...
[[0;32m  OK  [0m] Started Create Volatile Files and Directories.
         Starting Update UTMP about System Boot/Shutdown...
[[0;32m  OK  [0m] Started Update UTMP about System Boot/Shutdown.
[[0;32m  OK  [0m] Started ebtables ruleset management.
[[0;32m  OK  [0m] Found device /dev/ttyS0.
[[0;32m  OK  [0m] Listening on Load/Save RF Kill Switch Status /dev/rfkill Watch.
[[0;32m  OK  [0m] Started AppArmor initialization.
         Starting Load AppArmor profiles managed internally by snapd...
         Starting Initial cloud-init job (pre-networking)...
[[0;32m  OK  [0m] Started Load AppArmor profiles managed internally by snapd.
[   18.193086] cloud-init[554]: Cloud-init v. 21.2-3-g899bfaa9-0ubuntu2~18.04.1 running 'init-local' at Sun, 25 Jul 2021 14:50:39 +0000. Up 17.80 seconds.
[[0;32m  OK  [0m] Started Initial cloud-init job (pre-networking).
[[0;32m  OK  [0m] Reached target Network (Pre).
         Starting Network Service...
[[0;32m  OK  [0m] Started Network Service.
         Starting Wait for Network to be Configured...
         Starting Network Name Resolution...
[[0;32m  OK  [0m] Started Network Name Resolution.
[[0;32m  OK  [0m] Reached target Network.
[[0;32m  OK  [0m] Reached target Host and Network Name Lookups.
[[0;32m  OK  [0m] Started Wait for Network to be Configured.
         Starting Initial cloud-init job (metadata service crawler)...
[   20.343720] cloud-init[699]: Cloud-init v. 21.2-3-g899bfaa9-0ubuntu2~18.04.1 running 'init' at Sun, 25 Jul 2021 14:50:41 +0000. Up 20.22 seconds.
[   20.360545] cloud-init[699]: ci-info: ++++++++++++++++++++++++++++++++++++++Net device info+++++++++++++++++++++++++++++++++++++++
[   20.364353] cloud-init[699]: ci-info: +--------+-------+----------------------------+---------------+--------+-------------------+
[   20.367956] cloud-init[699]: ci-info: | Device |   Up  |          Address           |      Mask     | Scope  |     Hw-Address    |
[   20.371479] cloud-init[699]: ci-info: +--------+-------+----------------------------+---------------+--------+-------------------+
[   20.374727] cloud-init[699]: ci-info: | enp0s3 |  True |         10.0.2.15          | 255.255.255.0 | global | 02:c9:26:65:5d:a6 |
[   20.378109] cloud-init[699]: ci-info: | enp0s3 |  True | fe80::c9:26ff:fe65:5da6/64 |       .       |  link  | 02:c9:26:65:5d:a6 |
[   20.381446] cloud-init[699]: ci-info: | enp0s8 | False |             .              |       .       |   .    | 08:00:27:33:b2:0d |
[   20.384754] cloud-init[699]: ci-info: |   lo   |  True |         127.0.0.1          |   255.0.0.0   |  host  |         .         |
[   20.388289] cloud-init[699]: ci-info: |   lo   |  True |          ::1/128           |       .       |  host  |         .         |
[   20.393295] cloud-init[699]: ci-info: +--------+-------+----------------------------+---------------+--------+-------------------+
[   20.396552] cloud-init[699]: ci-info: ++++++++++++++++++++++++++++Route IPv4 info+++++++++++++++++++++++++++++
[   20.399375] cloud-init[699]: ci-info: +-------+-------------+----------+-----------------+-----------+-------+
[   20.402311] cloud-init[699]: ci-info: | Route | Destination | Gateway  |     Genmask     | Interface | Flags |
[   20.405204] cloud-init[699]: ci-info: +-------+-------------+----------+-----------------+-----------+-------+
[   20.408251] cloud-init[699]: ci-info: |   0   |   0.0.0.0   | 10.0.2.2 |     0.0.0.0     |   enp0s3  |   UG  |
[   20.411137] cloud-init[699]: ci-info: |   1   |   10.0.2.0  | 0.0.0.0  |  255.255.255.0  |   enp0s3  |   U   |
[   20.413956] cloud-init[699]: ci-info: |   2   |   10.0.2.2  | 0.0.0.0  | 255.255.255.255 |   enp0s3  |   UH  |
[   20.416886] cloud-init[699]: ci-info: +-------+-------------+----------+-----------------+-----------+-------+
[   20.419750] cloud-init[699]: ci-info: +++++++++++++++++++Route IPv6 info+++++++++++++++++++
[   20.422171] cloud-init[699]: ci-info: +-------+-------------+---------+-----------+-------+
[   20.424596] cloud-init[699]: ci-info: | Route | Destination | Gateway | Interface | Flags |
[   20.427133] cloud-init[699]: ci-info: +-------+-------------+---------+-----------+-------+
[   20.429713] cloud-init[699]: ci-info: |   1   |  fe80::/64  |    ::   |   enp0s3  |   U   |
[   20.432151] cloud-init[699]: ci-info: |   3   |    local    |    ::   |   enp0s3  |   U   |
[   20.434583] cloud-init[699]: ci-info: |   4   |   ff00::/8  |    ::   |   enp0s3  |   U   |
[   20.437089] cloud-init[699]: ci-info: +-------+-------------+---------+-----------+-------+
[   21.382828] cloud-init[699]: Generating public/private rsa key pair.
[   21.385016] cloud-init[699]: Your identification has been saved in /etc/ssh/ssh_host_rsa_key.
[   21.387537] cloud-init[699]: Your public key has been saved in /etc/ssh/ssh_host_rsa_key.pub.
[   21.390099] cloud-init[699]: The key fingerprint is:
[   21.391511] cloud-init[699]: SHA256:7AttBSYF2gMupHdH02LkGb8lWrgQnpWHbHRdI4rku9A root@ubuntu-bionic
[   21.394394] cloud-init[699]: The key's randomart image is:
[   21.395889] cloud-init[699]: +---[RSA 2048]----+
[   21.397451] cloud-init[699]: |  . o+X=o...o    |
[   21.398841] cloud-init[699]: | o o %BXo... .   |
[   21.400316] cloud-init[699]: |. o Bo@oB .      |
[   21.401695] cloud-init[699]: | . o + X =       |
[   21.403182] cloud-init[699]: |    . E S .      |
[   21.404701] cloud-init[699]: |     . + .       |
[   21.406041] cloud-init[699]: |      o +        |
[   21.407457] cloud-init[699]: |       o .       |
[   21.422148] cloud-init[699]: |        .        |
[   21.432835] cloud-init[699]: +----[SHA256]-----+
[   21.447252] [[0;32m  OK  [0m] Started Initial cloud-init job (metadata service crawler).
[[0;32m  OK  [0m] Reached target System Initialization.
[[0;32m  OK  [0m] Started Message of the Day.
[[0;32m  OK  [0m] Listening on UUID daemon activation socket.
[[0;32m  OK  [0m] Started Daily apt download activities.
[[0;32m  OK  [0m] Started Daily apt upgrade and clean activities.
[[0;32m  OK  [0m] Started Ubuntu Advantage update messaging.
[[0;32m  OK  [0m] Listening on D-Bus System Message Bus Socket.
[[0;32m  OK  [0m] Started Daily Cleanup of Temporary Directories.
         Starting Socket activation for snappy daemon.
[[0;32m  OK  [0m] Started ACPI Events Check.
[[0;32m  OK  [0m] Reached target Paths.
[[0;32m  OK  [0m] Listening on Open-iSCSI iscsid Socket.
[[0;32m  OK  [0m] Listening on ACPID Listen Socket.
[[0;32m  OK  [0m] Started Discard unused blocks once a week.
[[0;32m  OK  [0m] Reached target Timers.
         Starting LXD - unix socket.
[[0;32m  OK  [0m] Reached target Cloud-config availability.
[[0;32m  OK  [0m] Reached target Network is Online.
         Starting Availability of block devices...
[[0;32m  OK  [0m] Reached target Remote File Systems (Pre).
[[0;32m  OK  [0m] Reached target Remote File Systems.
[[0;32m  OK  [0m] Listening on Socket activation for snappy daemon.
[[0;32m  OK  [0m] Listening on LXD - unix socket.
[[0;32m  OK  [0m] Reached target Sockets.
[[0;32m  OK  [0m] Reached target Basic System.
         Starting LSB: Record successful boot for GRUB...
         Starting LXD - container startup/shutdown...
         Starting Accounts Service...
         Starting Dispatcher daemon for systemd-networkd...
cloud-init         Starting Login Service...
         Starting LSB: automatic crash report generation...
[[0;32m  OK  [0m] Started Deferred execution scheduler.
         Starting Virtualbox guest utils...
         Starting System Logging Service...
[699]: Generating public/private dsa key pair.
[   21.515316] cloud-init[699]: Your identification has been saved in /etc/ssh/ssh_host_dsa_key.
[   21.526746] cloud-init[699]: Your public key has been saved in /etc/ssh/ssh_host_dsa_key.pub.
         Starting Permit User Sessions...
[   21.532527] cloud-init[699]: The key fingerprint is:
[   21.537005] cloud-init[699]: SHA256:twmuHOpWCiIbcsN3lpm/oUskDiiMJcXB2kMsV4m1eq8 root@ubuntu-bionic
[   21.546930] cloud-init[699]: The key's randomart image is:
[   21.555967] cloud-init[699]: +---[DSA 1024]----+
[   21.562713] cloud-init[699]: | +o=o.           |
[   21.564990] cloud-init[699]: |..B ..           |
[   21.566698] cloud-init[699]: |.*. .            |
[   21.568928] cloud-init[699]: |++o.             |
[   21.571309] cloud-init[699]: |+oo.o .+S .      |
[   21.572983] cloud-init[699]: |* =+.+B. o o     |
[   21.574953] cloud-init[699]: |o= +.=+.o o      |
[   21.577192] cloud-init[699]: |.   o= +..       |
[   21.579407] cloud-init[699]: |   oE =...       |
[   21.581594] cloud-init[699]: +----[SHA256]-----+
[   21.583250] cloud-init[699]: Generating public/private ecdsa key pair.
[   21.585499] cloud-init[699]: Your identification has been saved in /etc/ssh/ssh_host_ecdsa_key.
[   21.588539] cloud-init[699]: Your public key has been saved in /etc/ssh/ssh_host_ecdsa_key.pub.
[   21.594420] cloud-init[699]: The key fingerprint is:
[   21.596176] cloud-init[699]: SHA256:DOUyobzC3BE0IrnP+FgQutTQCB0W8oV8s3mRyaV8FF0 root@ubuntu-bionic
[   21.599080] cloud-init[699]: The key's randomart image is:
[   21.601105] cloud-init[699]: +---[ECDSA 256]---+
[   21.602715] cloud-init[699]: |=+B==..+=o .E    |
[   21.604312] cloud-init[699]: |oB+=o==*  .      |
[   21.605819] cloud-init[699]: |.o+.++*.o        |
[   21.607519] cloud-init[699]: |++ ooo.*         |
[   21.610517] cloud-init[699]: |.*+ o.  S        |
[   21.614680] cloud-init[699]: |o +.             |
[   21.620035] cloud-init[699]: | +               |
[   21.628687] cloud-init[699]: |. .              |
[   21.633037] cloud-init[699]: |                 |
[   21.637488] cloud-init[699]: +----[SHA256]-----+
[   21.641880] cloud-init[699]: Generating public/private ed25519 key pair.
[   21.647142] cloud-init[699]: Your identification has been saved in /etc/ssh/ssh_host_ed25519_key.
[   21.653896] cloud-init[699]: Your public key has been saved in /etc/ssh/ssh_host_ed25519_key.pub.
[   21.664994] cloud-init[699]: The key fingerprint is:
[   21.669920] cloud-init[699]: SHA256:00G1e93WKcOi5pFHopvNWKe6Yt3qRbtne+YCu9oEXrQ root@ubuntu-bionic
[   21.676694] cloud-init[699]: The key's randomart image is:
[   21.680433] cloud-init[699]: +--[ED25519 256]--+
[   21.682109] cloud-init[699]: |          ...    |
[   21.683631] cloud-init[699]: |         .   .   |
[   21.685311] cloud-init[699]: |         .. .    |
[   21.686856] cloud-init[699]: |        ...... .+|
[   21.688571] cloud-init[699]: |       .SE.o.+..=|
[   21.690169] cloud-init[699]: |      . =o* ..o. |
[   21.692970] cloud-init[699]: |      .o.Xoo     |
[   21.696275] cloud-init[699]: |     o .&o*+ o   |
[   21.698562] cloud-init[699]: |    . oX=O+.*.   |
[   21.700316] cloud-init[699]: +----[SHA256]-----+
[[0;32m  OK  [0m] Started irqbalance daemon.
[[0;32m  OK  [0m] Started FUSE filesystem for LXC.
         Starting Snap Daemon...
[[0;32m  OK  [0m] Started Regular background program processing daemon.
         Starting Pollinate to seed the pseudo random number generator...
[[0;32m  OK  [0m] Started D-Bus System Message Bus.
[[0;32m  OK  [0m] Started Login Service.
[[0;32m  OK  [0m] Started Unattended Upgrades Shutdown.
[[0;32m  OK  [0m] Started System Logging Service.
[[0;32m  OK  [0m] Started Availability of block devices.
[[0;32m  OK  [0m] Started Permit User Sessions.
         Starting Hold until boot process finishes up...
         Starting Terminate Plymouth Boot Screen...
[[0;32m  OK  [0m] Started Hold until boot process finishes up.
         Starting Set console scheme...
[[0;32m  OK  [0m] Started Serial Getty on ttyS0.
[[0;32m  OK  [0m] Started LXD - container startup/shutdown.
[[0;32m  OK  [0m] Started Terminate Plymouth Boot Screen.
[[0;32m  OK  [0m] Started Set console scheme.
[[0;32m  OK  [0m] Created slice system-getty.slice.
[[0;32m  OK  [0m] Started Getty on tty1.
[[0;32m  OK  [0m] Reached target Login Prompts.
         Starting Authorization Manager...
[[0;32m  OK  [0m] Started LSB: automatic crash report generation.
[[0;32m  OK  [0m] Started Dispatcher daemon for systemd-networkd.
[[0;32m  OK  [0m] Started Authorization Manager.
[[0;32m  OK  [0m] Started Accounts Service.
[[0;32m  OK  [0m] Started LSB: Record successful boot for GRUB.
[[0;32m  OK  [0m] Started Virtualbox guest utils.
[[0;32m  OK  [0m] Started Snap Daemon.
         Starting Wait until snapd is fully seeded...
[[0;32m  OK  [0m] Started Pollinate to seed the pseudo random number generator.
         Starting OpenBSD Secure Shell server...
[[0;32m  OK  [0m] Started OpenBSD Secure Shell server.
[[0;32m  OK  [0m] Created slice User Slice of vagrant.
         Starting User Manager for UID 1000...
[[0;32m  OK  [0m] Started Session 1 of user vagrant.
[[0;32m  OK  [0m] Started User Manager for UID 1000.

Ubuntu 18.04.5 LTS k8s-n-2 ttyS0

k8s-n-2 login: [   34.902598] cloud-init[1927]: Cloud-init v. 21.2-3-g899bfaa9-0ubuntu2~18.04.1 running 'modules:config' at Sun, 25 Jul 2021 14:50:55 +0000. Up 34.43 seconds.
ci-info: no authorized SSH keys fingerprints found for user ubuntu.
<14>Jul 25 14:50:56 cloud-init: #############################################################
<14>Jul 25 14:50:56 cloud-init: -----BEGIN SSH HOST KEY FINGERPRINTS-----
<14>Jul 25 14:50:56 cloud-init: 1024 SHA256:twmuHOpWCiIbcsN3lpm/oUskDiiMJcXB2kMsV4m1eq8 root@ubuntu-bionic (DSA)
<14>Jul 25 14:50:56 cloud-init: 256 SHA256:DOUyobzC3BE0IrnP+FgQutTQCB0W8oV8s3mRyaV8FF0 root@ubuntu-bionic (ECDSA)
<14>Jul 25 14:50:56 cloud-init: 256 SHA256:00G1e93WKcOi5pFHopvNWKe6Yt3qRbtne+YCu9oEXrQ root@ubuntu-bionic (ED25519)
<14>Jul 25 14:50:56 cloud-init: 2048 SHA256:7AttBSYF2gMupHdH02LkGb8lWrgQnpWHbHRdI4rku9A root@ubuntu-bionic (RSA)
<14>Jul 25 14:50:56 cloud-init: -----END SSH HOST KEY FINGERPRINTS-----
<14>Jul 25 14:50:56 cloud-init: #############################################################
-----BEGIN SSH HOST KEY KEYS-----
ecdsa-sha2-nistp256 AAAAE2VjZHNhLXNoYTItbmlzdHAyNTYAAAAIbmlzdHAyNTYAAABBBAPIrfwOtBLlQIbAa/jAngFufZBQWvEDzqEPLpDMY5JAKTMwiFY+wxpR2YCLBp5wkvMOCLk9+h/2SVshJ4kdqyA= root@ubuntu-bionic
ssh-ed25519 AAAAC3NzaC1lZDI1NTE5AAAAIC3P8AhRdONG/tZnXAC6lcEM+LPVFQJKcUbxfwiZIbto root@ubuntu-bionic
ssh-rsa AAAAB3NzaC1yc2EAAAADAQABAAABAQDO8YXqTjRKw3+rTOjoK30aKp2qBI3Dh2qM534zIfZoJ8rCDWUQPpHz9f9wTK62Sa4kl6/7jfYqVWKaMkovTcLnghr4LX3uXxA71bhPbpHm/f1d0YiOSJlzLqjSobIAQqmD0R1QtSWzXSDtdzq3d8MKvBB7PyYHKwcIfkuNYidp/gJ4oELQWiBr3kZcfJt10JQuOHm4OkhP4wOp5p8EfxZyMn1LUiZJnCKs1DYnjVrMe0fm5K9aLGD224x+wrCwQxPwsDMxCfgdijnxc2DxNumvvSlrZV2ea41lH4HyaTIf8lTZ2ZIBnKFkeW0Zo8YLGZz6b5OJXEQXpb8EulsoTInR root@ubuntu-bionic
-----END SSH HOST KEY KEYS-----
[   35.429290] cloud-init[1979]: Cloud-init v. 21.2-3-g899bfaa9-0ubuntu2~18.04.1 running 'modules:final' at Sun, 25 Jul 2021 14:50:56 +0000. Up 35.25 seconds.
[   35.429400] cloud-init[1979]: ci-info: no authorized SSH keys fingerprints found for user ubuntu.
[   35.429445] cloud-init[1979]: Cloud-init v. 21.2-3-g899bfaa9-0ubuntu2~18.04.1 finished at Sun, 25 Jul 2021 14:50:56 +0000. Datasource DataSourceNoCloud [seed=/dev/sdb][dsmode=net].  Up 35.42 seconds
