[    0.000000] Linux version 4.15.0-147-generic (buildd@lcy01-amd64-028) (gcc version 7.5.0 (Ubuntu 7.5.0-3ubuntu1~18.04)) #151-Ubuntu SMP Fri Jun 18 19:21:19 UTC 2021 (Ubuntu 4.15.0-147.151-generic 4.15.18)
[    0.000000] Command line: BOOT_IMAGE=/boot/vmlinuz-4.15.0-147-generic root=LABEL=cloudimg-rootfs ro console=tty1 console=ttyS0
[    0.000000] KERNEL supported cpus:
[    0.000000]   Intel GenuineIntel
[    0.000000]   AMD AuthenticAMD
[    0.000000]   Centaur CentaurHauls
[    0.000000] x86/fpu: x87 FPU will use FXSAVE
[    0.000000] e820: BIOS-provided physical RAM map:
[    0.000000] BIOS-e820: [mem 0x0000000000000000-0x000000000009fbff] usable
[    0.000000] BIOS-e820: [mem 0x000000000009fc00-0x000000000009ffff] reserved
[    0.000000] BIOS-e820: [mem 0x00000000000f0000-0x00000000000fffff] reserved
[    0.000000] BIOS-e820: [mem 0x0000000000100000-0x000000007ffeffff] usable
[    0.000000] BIOS-e820: [mem 0x000000007fff0000-0x000000007fffffff] ACPI data
[    0.000000] BIOS-e820: [mem 0x00000000fec00000-0x00000000fec00fff] reserved
[    0.000000] BIOS-e820: [mem 0x00000000fee00000-0x00000000fee00fff] reserved
[    0.000000] BIOS-e820: [mem 0x00000000fffc0000-0x00000000ffffffff] reserved
[    0.000000] NX (Execute Disable) protection: active
[    0.000000] SMBIOS 2.5 present.
[    0.000000] DMI: innotek GmbH VirtualBox/VirtualBox, BIOS VirtualBox 12/01/2006
[    0.000000] Hypervisor detected: KVM
[    0.000000] e820: last_pfn = 0x7fff0 max_arch_pfn = 0x400000000
[    0.000000] MTRR: Disabled
[    0.000000] x86/PAT: MTRRs disabled, skipping PAT initialization too.
[    0.000000] CPU MTRRs all blank - virtualized system.
[    0.000000] x86/PAT: Configuration [0-7]: WB  WT  UC- UC  WB  WT  UC- UC  
[    0.000000] found SMP MP-table at [mem 0x0009fff0-0x0009ffff]
[    0.000000] Scanning 1 areas for low memory corruption
[    0.000000] RAMDISK: [mem 0x359d1000-0x36cdffff]
[    0.000000] ACPI: Early table checksum verification disabled
[    0.000000] ACPI: RSDP 0x00000000000E0000 000024 (v02 VBOX  )
[    0.000000] ACPI: XSDT 0x000000007FFF0030 00003C (v01 VBOX   VBOXXSDT 00000001 ASL  00000061)
[    0.000000] ACPI: FACP 0x000000007FFF00F0 0000F4 (v04 VBOX   VBOXFACP 00000001 ASL  00000061)
[    0.000000] ACPI: DSDT 0x000000007FFF0470 002325 (v02 VBOX   VBOXBIOS 00000002 INTL 20100528)
[    0.000000] ACPI: FACS 0x000000007FFF0200 000040
[    0.000000] ACPI: FACS 0x000000007FFF0200 000040
[    0.000000] ACPI: APIC 0x000000007FFF0240 000054 (v02 VBOX   VBOXAPIC 00000001 ASL  00000061)
[    0.000000] ACPI: SSDT 0x000000007FFF02A0 0001CC (v01 VBOX   VBOXCPUT 00000002 INTL 20100528)
[    0.000000] ACPI: Reserving FACP table memory at [mem 0x7fff00f0-0x7fff01e3]
[    0.000000] ACPI: Reserving DSDT table memory at [mem 0x7fff0470-0x7fff2794]
[    0.000000] ACPI: Reserving FACS table memory at [mem 0x7fff0200-0x7fff023f]
[    0.000000] ACPI: Reserving FACS table memory at [mem 0x7fff0200-0x7fff023f]
[    0.000000] ACPI: Reserving APIC table memory at [mem 0x7fff0240-0x7fff0293]
[    0.000000] ACPI: Reserving SSDT table memory at [mem 0x7fff02a0-0x7fff046b]
[    0.000000] No NUMA configuration found
[    0.000000] Faking a node at [mem 0x0000000000000000-0x000000007ffeffff]
[    0.000000] NODE_DATA(0) allocated [mem 0x7ffc5000-0x7ffeffff]
[    0.000000] kvm-clock: cpu 0, msr 0:7ff44001, primary cpu clock
[    0.000000] kvm-clock: Using msrs 4b564d01 and 4b564d00
[    0.000000] kvm-clock: using sched offset of 7870448326 cycles
[    0.000000] clocksource: kvm-clock: mask: 0xffffffffffffffff max_cycles: 0x1cd42e4dffb, max_idle_ns: 881590591483 ns
[    0.000000] Zone ranges:
[    0.000000]   DMA      [mem 0x0000000000001000-0x0000000000ffffff]
[    0.000000]   DMA32    [mem 0x0000000001000000-0x000000007ffeffff]
[    0.000000]   Normal   empty
[    0.000000]   Device   empty
[    0.000000] Movable zone start for each node
[    0.000000] Early memory node ranges
[    0.000000]   node   0: [mem 0x0000000000001000-0x000000000009efff]
[    0.000000]   node   0: [mem 0x0000000000100000-0x000000007ffeffff]
[    0.000000] Reserved but unavailable: 104 pages
[    0.000000] Initmem setup node 0 [mem 0x0000000000001000-0x000000007ffeffff]
[    0.000000] ACPI: PM-Timer IO Port: 0x4008
[    0.000000] IOAPIC[0]: apic_id 1, version 32, address 0xfec00000, GSI 0-23
[    0.000000] ACPI: INT_SRC_OVR (bus 0 bus_irq 0 global_irq 2 dfl dfl)
[    0.000000] ACPI: INT_SRC_OVR (bus 0 bus_irq 9 global_irq 9 low level)
[    0.000000] Using ACPI (MADT) for SMP configuration information
[    0.000000] smpboot: Allowing 1 CPUs, 0 hotplug CPUs
[    0.000000] PM: Registered nosave memory: [mem 0x00000000-0x00000fff]
[    0.000000] PM: Registered nosave memory: [mem 0x0009f000-0x0009ffff]
[    0.000000] PM: Registered nosave memory: [mem 0x000a0000-0x000effff]
[    0.000000] PM: Registered nosave memory: [mem 0x000f0000-0x000fffff]
[    0.000000] e820: [mem 0x80000000-0xfebfffff] available for PCI devices
[    0.000000] Booting paravirtualized kernel on KVM
[    0.000000] clocksource: refined-jiffies: mask: 0xffffffff max_cycles: 0xffffffff, max_idle_ns: 7645519600211568 ns
[    0.000000] random: get_random_bytes called from start_kernel+0x99/0x500 with crng_init=0
[    0.000000] setup_percpu: NR_CPUS:8192 nr_cpumask_bits:1 nr_cpu_ids:1 nr_node_ids:1
[    0.000000] percpu: Embedded 45 pages/cpu s147456 r8192 d28672 u2097152
[    0.000000] PV qspinlock hash table entries: 256 (order: 0, 4096 bytes)
[    0.000000] Built 1 zonelists, mobility grouping on.  Total pages: 515961
[    0.000000] Policy zone: DMA32
[    0.000000] Kernel command line: BOOT_IMAGE=/boot/vmlinuz-4.15.0-147-generic root=LABEL=cloudimg-rootfs ro console=tty1 console=ttyS0
[    0.000000] Memory: 2015092K/2096696K available (12300K kernel code, 2483K rwdata, 4320K rodata, 2448K init, 2724K bss, 81604K reserved, 0K cma-reserved)
[    0.000000] SLUB: HWalign=64, Order=0-3, MinObjects=0, CPUs=1, Nodes=1
[    0.000000] ftrace: allocating 39457 entries in 155 pages
[    0.004000] Hierarchical RCU implementation.
[    0.004000] 	RCU restricting CPUs from NR_CPUS=8192 to nr_cpu_ids=1.
[    0.004000] 	Tasks RCU enabled.
[    0.004000] RCU: Adjusting geometry for rcu_fanout_leaf=16, nr_cpu_ids=1
[    0.004000] NR_IRQS: 524544, nr_irqs: 256, preallocated irqs: 16
[    0.004000] Console: colour VGA+ 80x25
[    0.004000] console [tty1] enabled
[    0.004000] console [ttyS0] enabled
[    0.004000] ACPI: Core revision 20170831
[    0.004000] ACPI: 2 ACPI AML tables successfully acquired and loaded
[    0.004000] APIC: Switch to symmetric I/O mode setup
[    0.008000] ..TIMER: vector=0x30 apic1=0 pin1=2 apic2=-1 pin2=-1
[    0.008004] tsc: Detected 2592.008 MHz processor
[    0.012026] Calibrating delay loop (skipped) preset value.. 5184.01 BogoMIPS (lpj=10368032)
[    0.016004] pid_max: default: 32768 minimum: 301
[    0.020049] Security Framework initialized
[    0.024008] Yama: becoming mindful.
[    0.028020] AppArmor: AppArmor initialized
[    0.052471] Dentry cache hash table entries: 262144 (order: 9, 2097152 bytes)
[    0.071464] Inode-cache hash table entries: 131072 (order: 8, 1048576 bytes)
[    0.072118] Mount-cache hash table entries: 4096 (order: 3, 32768 bytes)
[    0.076272] Mountpoint-cache hash table entries: 4096 (order: 3, 32768 bytes)
[    0.086844] Last level iTLB entries: 4KB 64, 2MB 8, 4MB 8
[    0.088002] Last level dTLB entries: 4KB 64, 2MB 0, 4MB 0, 1GB 4
[    0.092009] Spectre V1 : Mitigation: usercopy/swapgs barriers and __user pointer sanitization
[    0.096002] Spectre V2 : Mitigation: Enhanced IBRS
[    0.100002] Spectre V2 : Spectre v2 / SpectreRSB mitigation: Filling RSB on context switch
[    0.104006] Speculative Store Bypass: Vulnerable
[    0.124062] Freeing SMP alternatives memory: 36K
[    0.244007] APIC calibration not consistent with PM-Timer: 102ms instead of 100ms
[    0.248000] APIC delta adjusted to PM-Timer: 6319431 (6500371)
[    0.248263] smpboot: CPU0: Intel(R) Core(TM) i7-9850H CPU @ 2.60GHz (family: 0x6, model: 0x9e, stepping: 0xd)
[    0.252761] Performance Events: unsupported p6 CPU model 158 no PMU driver, software events only.
[    0.256241] Hierarchical SRCU implementation.
[    0.265929] NMI watchdog: Perf event create on CPU 0 failed with -2
[    0.268006] NMI watchdog: Perf NMI watchdog permanently disabled
[    0.272185] smp: Bringing up secondary CPUs ...
[    0.276008] smp: Brought up 1 node, 1 CPU
[    0.280170] smpboot: Max logical packages: 1
[    0.284002] smpboot: Total of 1 processors activated (5184.01 BogoMIPS)
[    0.288635] devtmpfs: initialized
[    0.292069] x86/mm: Memory block size: 128MB
[    0.300727] evm: security.selinux
[    0.304007] evm: security.SMACK64
[    0.308006] evm: security.SMACK64EXEC
[    0.312002] evm: security.SMACK64TRANSMUTE
[    0.316020] evm: security.SMACK64MMAP
[    0.318566] evm: security.apparmor
[    0.320002] evm: security.ima
[    0.324002] evm: security.capability
[    0.326952] clocksource: jiffies: mask: 0xffffffff max_cycles: 0xffffffff, max_idle_ns: 7645041785100000 ns
[    0.328015] futex hash table entries: 256 (order: 2, 16384 bytes)
[    0.332466] pinctrl core: initialized pinctrl subsystem
[    0.336324] RTC time: 19:05:41, date: 07/12/21
[    0.340295] NET: Registered protocol family 16
[    0.344365] audit: initializing netlink subsys (disabled)
[    0.348462] cpuidle: using governor ladder
[    0.352004] audit: type=2000 audit(1626116750.330:1): state=initialized audit_enabled=0 res=1
[    0.356012] cpuidle: using governor menu
[    0.360140] ACPI: bus type PCI registered
[    0.364002] acpiphp: ACPI Hot Plug PCI Controller Driver version: 0.5
[    0.368432] PCI: Using configuration type 1 for base access
[    0.378989] HugeTLB registered 2.00 MiB page size, pre-allocated 0 pages
[    0.384421] ACPI: Added _OSI(Module Device)
[    0.388003] ACPI: Added _OSI(Processor Device)
[    0.392002] ACPI: Added _OSI(3.0 _SCP Extensions)
[    0.396002] ACPI: Added _OSI(Processor Aggregator Device)
[    0.400016] ACPI: Added _OSI(Linux-Dell-Video)
[    0.404010] ACPI: Added _OSI(Linux-Lenovo-NV-HDMI-Audio)
[    0.408003] ACPI: Added _OSI(Linux-HPI-Hybrid-Graphics)
[    0.412778] ACPI: Executed 1 blocks of module-level executable AML code
[    0.435075] ACPI: Interpreter enabled
[    0.436010] ACPI: (supports S0 S5)
[    0.440007] ACPI: Using IOAPIC for interrupt routing
[    0.448420] PCI: Using host bridge windows from ACPI; if necessary, use "pci=nocrs" and report a bug
[    0.452457] ACPI: Enabled 2 GPEs in block 00 to 07
[    0.482891] ACPI: PCI Root Bridge [PCI0] (domain 0000 [bus 00-ff])
[    0.484006] acpi PNP0A03:00: _OSC: OS supports [ASPM ClockPM Segments MSI]
[    0.492332] acpi PNP0A03:00: _OSC: not requesting OS control; OS requires [ExtendedConfig ASPM ClockPM MSI]
[    0.496028] acpi PNP0A03:00: fail to add MMCONFIG information, can't access extended PCI configuration space under this bridge.
[    0.501786] PCI host bridge to bus 0000:00
[    0.504010] pci_bus 0000:00: root bus resource [io  0x0000-0x0cf7 window]
[    0.508003] pci_bus 0000:00: root bus resource [io  0x0d00-0xffff window]
[    0.512003] pci_bus 0000:00: root bus resource [mem 0x000a0000-0x000bffff window]
[    0.516003] pci_bus 0000:00: root bus resource [mem 0x80000000-0xfdffffff window]
[    0.520010] pci_bus 0000:00: root bus resource [bus 00-ff]
[    0.540744] pci 0000:00:01.1: legacy IDE quirk: reg 0x10: [io  0x01f0-0x01f7]
[    0.544003] pci 0000:00:01.1: legacy IDE quirk: reg 0x14: [io  0x03f6]
[    0.548003] pci 0000:00:01.1: legacy IDE quirk: reg 0x18: [io  0x0170-0x0177]
[    0.552003] pci 0000:00:01.1: legacy IDE quirk: reg 0x1c: [io  0x0376]
[    0.668012] pci 0000:00:07.0: quirk: [io  0x4000-0x403f] claimed by PIIX4 ACPI
[    0.672121] pci 0000:00:07.0: quirk: [io  0x4100-0x410f] claimed by PIIX4 SMB
[    0.700367] ACPI: PCI Interrupt Link [LNKA] (IRQs 5 9 10 *11)
[    0.708742] ACPI: PCI Interrupt Link [LNKB] (IRQs 5 9 *10 11)
[    0.712336] ACPI: PCI Interrupt Link [LNKC] (IRQs 5 *9 10 11)
[    0.716343] ACPI: PCI Interrupt Link [LNKD] (IRQs 5 9 10 *11)
[    0.720856] SCSI subsystem initialized
[    0.724664] pci 0000:00:02.0: vgaarb: setting as boot VGA device
[    0.728000] pci 0000:00:02.0: vgaarb: VGA device added: decodes=io+mem,owns=io+mem,locks=none
[    0.728012] pci 0000:00:02.0: vgaarb: bridge control possible
[    0.732002] vgaarb: loaded
[    0.736068] ACPI: bus type USB registered
[    0.740018] usbcore: registered new interface driver usbfs
[    0.744041] usbcore: registered new interface driver hub
[    0.748009] usbcore: registered new device driver usb
[    0.752112] EDAC MC: Ver: 3.0.0
[    0.761017] PCI: Using ACPI for IRQ routing
[    0.765017] NetLabel: Initializing
[    0.768006] NetLabel:  domain hash size = 128
[    0.772002] NetLabel:  protocols = UNLABELED CIPSOv4 CALIPSO
[    0.776175] NetLabel:  unlabeled traffic allowed by default
[    0.780407] clocksource: Switched to clocksource kvm-clock
[    0.918196] VFS: Disk quotas dquot_6.6.0
[    0.926155] VFS: Dquot-cache hash table entries: 512 (order 0, 4096 bytes)
[    0.937339] AppArmor: AppArmor Filesystem Enabled
[    0.942307] pnp: PnP ACPI init
[    0.948526] pnp: PnP ACPI: found 3 devices
[    0.967321] clocksource: acpi_pm: mask: 0xffffff max_cycles: 0xffffff, max_idle_ns: 2085701024 ns
[    0.980806] NET: Registered protocol family 2
[    0.985398] TCP established hash table entries: 16384 (order: 5, 131072 bytes)
[    0.991859] TCP bind hash table entries: 16384 (order: 6, 262144 bytes)
[    1.000911] TCP: Hash tables configured (established 16384 bind 16384)
[    1.008568] UDP hash table entries: 1024 (order: 3, 32768 bytes)
[    1.015768] UDP-Lite hash table entries: 1024 (order: 3, 32768 bytes)
[    1.027632] NET: Registered protocol family 1
[    1.036804] pci 0000:00:00.0: Limiting direct PCI/PCI transfers
[    1.043974] pci 0000:00:01.0: Activating ISA DMA hang workarounds
[    1.050700] pci 0000:00:02.0: Video device with shadowed ROM at [mem 0x000c0000-0x000dffff]
[    1.058665] Unpacking initramfs...
[    2.456330] Freeing initrd memory: 19516K
[    2.466272] clocksource: tsc: mask: 0xffffffffffffffff max_cycles: 0x255cbea3061, max_idle_ns: 440795313801 ns
[    2.474496] platform rtc_cmos: registered platform RTC device (no PNP device found)
[    2.487433] Scanning for low memory corruption every 60 seconds
[    2.506168] Initialise system trusted keyrings
[    2.512641] Key type blacklist registered
[    2.516404] workingset: timestamp_bits=36 max_order=19 bucket_order=0
[    2.523487] zbud: loaded
[    2.527206] squashfs: version 4.0 (2009/01/31) Phillip Lougher
[    2.533500] fuse init (API version 7.26)
[    2.545278] Key type asymmetric registered
[    2.551530] Asymmetric key parser 'x509' registered
[    2.557981] Block layer SCSI generic (bsg) driver version 0.4 loaded (major 246)
[    2.567100] io scheduler noop registered
[    2.575998] io scheduler deadline registered
[    2.583993] io scheduler cfq registered (default)
[    2.589478] ACPI: AC Adapter [AC] (off-line)
[    2.594118] input: Power Button as /devices/LNXSYSTM:00/LNXPWRBN:00/input/input0
[    2.599455] ACPI: Power Button [PWRF]
[    2.602918] input: Sleep Button as /devices/LNXSYSTM:00/LNXSLPBN:00/input/input1
[    2.609508] ACPI: Sleep Button [SLPF]
[    2.616239] ACPI: Battery Slot [BAT0] (battery present)
[    2.622727] virtio-pci 0000:00:03.0: virtio_pci: leaving for legacy driver
[    2.630929] virtio-pci 0000:00:08.0: virtio_pci: leaving for legacy driver
[    2.639470] Serial: 8250/16550 driver, 32 ports, IRQ sharing enabled
[    2.693095] 00:02: ttyS0 at I/O 0x3f8 (irq = 4, base_baud = 115200) is a 16550A
[    2.711933] Linux agpgart interface v0.103
[    2.739037] loop: module loaded
[    2.751079] scsi host0: ata_piix
[    2.759215] scsi host1: ata_piix
[    2.764224] ata1: PATA max UDMA/33 cmd 0x1f0 ctl 0x3f6 bmdma 0xd000 irq 14
[    2.769148] ata2: PATA max UDMA/33 cmd 0x170 ctl 0x376 bmdma 0xd008 irq 15
[    2.777500] libphy: Fixed MDIO Bus: probed
[    2.781825] tun: Universal TUN/TAP device driver, 1.6
[    2.786070] PPP generic driver version 2.4.2
[    2.789934] ehci_hcd: USB 2.0 'Enhanced' Host Controller (EHCI) Driver
[    2.797128] ehci-pci: EHCI PCI platform driver
[    2.804504] ehci-platform: EHCI generic platform driver
[    2.809189] ohci_hcd: USB 1.1 'Open' Host Controller (OHCI) Driver
[    2.814635] ohci-pci: OHCI PCI platform driver
[    2.819369] ohci-platform: OHCI generic platform driver
[    2.825263] uhci_hcd: USB Universal Host Controller Interface driver
[    2.830701] i8042: PNP: PS/2 Controller [PNP0303:PS2K,PNP0f03:PS2M] at 0x60,0x64 irq 1,12
[    2.841030] serio: i8042 KBD port at 0x60,0x64 irq 1
[    2.845726] serio: i8042 AUX port at 0x60,0x64 irq 12
[    2.850824] mousedev: PS/2 mouse device common for all mice
[    2.858528] input: AT Translated Set 2 keyboard as /devices/platform/i8042/serio0/input/input2
[    2.871860] rtc_cmos rtc_cmos: rtc core: registered rtc_cmos as rtc0
[    2.883751] rtc_cmos rtc_cmos: alarms up to one day, 114 bytes nvram
[    2.893288] i2c /dev entries driver
[    2.902110] device-mapper: uevent: version 1.0.3
[    2.910905] device-mapper: ioctl: 4.37.0-ioctl (2017-09-20) initialised: dm-devel@redhat.com
[    2.923564] ledtrig-cpu: registered to indicate activity on CPUs
[    2.935278] NET: Registered protocol family 10
[    3.042266] Segment Routing with IPv6
[    3.047159] NET: Registered protocol family 17
[    3.050757] Key type dns_resolver registered
[    3.055735] mce: Using 0 MCE banks
[    3.058397] RAS: Correctable Errors collector initialized.
[    3.066534] sched_clock: Marking stable (3066422155, 0)->(5329915073, -2263492918)
[    3.074465] registered taskstats version 1
[    3.080320] Loading compiled-in X.509 certificates
[    3.089503] Loaded X.509 cert 'Build time autogenerated kernel key: 51fb7d4f1badf96545a23cd59566c79f3f9ecc26'
[    3.105976] Loaded X.509 cert 'Canonical Ltd. Live Patch Signing: 14df34d1a87cf37625abec039ef2bf521249b969'
[    3.116966] Loaded X.509 cert 'Canonical Ltd. Kernel Module Signing: 88f752e560a1e0737e31163a466ad7b70a850c19'
[    3.129026] zswap: loaded using pool lzo/zbud
[    3.139031] Key type big_key registered
[    3.144400] Key type trusted registered
[    3.155611] Key type encrypted registered
[    3.162268] AppArmor: AppArmor sha1 policy hashing enabled
[    3.168687] ima: No TPM chip found, activating TPM-bypass! (rc=-19)
[    3.180528] ima: Allocated hash algorithm: sha1
[    3.187008] evm: HMAC attrs: 0x1
[    3.191877]   Magic number: 13:436:91
[    3.198445] rtc_cmos rtc_cmos: setting system clock to 2021-07-12 19:05:44 UTC (1626116744)
[    3.204607] BIOS EDD facility v0.16 2004-Jun-25, 0 devices found
[    3.215648] EDD information not available.
[    3.230733] Freeing unused kernel image memory: 2448K
[    3.244895] Write protecting the kernel read-only data: 20480k
[    3.252050] Freeing unused kernel image memory: 2008K
[    3.259307] Freeing unused kernel image memory: 1824K
[    3.286316] x86/mm: Checked W+X mappings: passed, no W+X pages found.
Loading, please wait...
starting version 237
[    3.542468] Fusion MPT base driver 3.04.20
[    3.548805] Copyright (c) 1999-2008 LSI Corporation
[    3.672995] Fusion MPT SPI Host driver 3.04.20
[    3.715332] virtio_net virtio1 enp0s8: renamed from eth1
[    3.730159] virtio_net virtio0 enp0s3: renamed from eth0
[    3.750833] mptbase: ioc0: Initiating bringup
[    3.874231] ioc0: LSI53C1030 A0: Capabilities={Initiator}
[    3.908046] input: ImExPS/2 Generic Explorer Mouse as /devices/platform/i8042/serio1/input/input4
[    4.172169] random: fast init done
[    4.180912] scsi host2: ioc0: LSI53C1030 A0, FwRev=00000000h, Ports=1, MaxQ=256, IRQ=20
[    4.194126] random: systemd-udevd: uninitialized urandom read (16 bytes read)
[    4.203366] random: systemd-udevd: uninitialized urandom read (16 bytes read)
[    4.215071] random: systemd-udevd: uninitialized urandom read (16 bytes read)
[    4.371879] scsi 2:0:0:0: Direct-Access     VBOX     HARDDISK         1.0  PQ: 0 ANSI: 5
[    4.385179] scsi target2:0:0: Beginning Domain Validation
[    4.408544] scsi target2:0:0: Domain Validation skipping write tests
[    4.419340] scsi target2:0:0: Ending Domain Validation
[    4.427534] scsi target2:0:0: asynchronous
[    4.432592] scsi 2:0:1:0: Direct-Access     VBOX     HARDDISK         1.0  PQ: 0 ANSI: 5
[    4.438383] scsi target2:0:1: Beginning Domain Validation
[    4.460781] scsi target2:0:1: Domain Validation skipping write tests
[    4.471193] scsi target2:0:1: Ending Domain Validation
[    4.476988] scsi target2:0:1: asynchronous
[    4.511446] sd 2:0:0:0: [sda] 83886080 512-byte logical blocks: (42.9 GB/40.0 GiB)
[    4.521959] sd 2:0:0:0: Attached scsi generic sg0 type 0
[    4.529228] sd 2:0:1:0: [sdb] 20480 512-byte logical blocks: (10.5 MB/10.0 MiB)
[    4.538973] sd 2:0:1:0: Attached scsi generic sg1 type 0
[    4.546217] sd 2:0:0:0: [sda] Write Protect is off
[    4.552056] sd 2:0:1:0: [sdb] Write Protect is off
[    4.560273] sd 2:0:0:0: [sda] Incomplete mode parameter data
[    4.567422] sd 2:0:0:0: [sda] Assuming drive cache: write through
[    4.585567] sd 2:0:1:0: [sdb] Incomplete mode parameter data
[    4.594032] sd 2:0:1:0: [sdb] Assuming drive cache: write through
[    4.608932]  sda: sda1
[    4.622532] sd 2:0:0:0: [sda] Attached SCSI disk
[    4.631813] sd 2:0:1:0: [sdb] Attached SCSI disk
Begin: Loading essential drivers ... [    8.360218] raid6: sse2x1   gen()  4522 MB/s
[    8.424247] raid6: sse2x1   xor()  2433 MB/s
[    8.488090] raid6: sse2x2   gen()  5123 MB/s
[    8.552248] raid6: sse2x2   xor()  3645 MB/s
[    8.628253] raid6: sse2x4   gen()  7033 MB/s
[    8.692098] raid6: sse2x4   xor()  2911 MB/s
[    8.701719] raid6: using algorithm sse2x4 gen() 7033 MB/s
[    8.710490] raid6: .... xor() 2911 MB/s, rmw enabled
[    8.721684] raid6: using ssse3x2 recovery algorithm
[    8.736174] xor: measuring software checksum speed
[    8.856142]    prefetch64-sse: 20964.000 MB/sec
[    8.972348]    generic_sse: 42999.000 MB/sec
[    8.978966] xor: using function: generic_sse (42999.000 MB/sec)
[    8.986971] async_tx: api initialized (async)
done.
Begin: Running /scripts/init-premount ... done.
Begin: Mounting root file system ... Begin: Running /scripts/local-top ... done.
Begin: Running /scripts/local-premount ... [    9.158922] Btrfs loaded, crc32c=crc32c-intel
Scanning for Btrfs filesystems
done.
Warning: fsck not present, so skipping root file system
[    9.287854] EXT4-fs (sda1): mounted filesystem with ordered data mode. Opts: (null)
done.
Begin: Running /scripts/local-bottom ... done.
Begin: Running /scripts/init-bottom ... done.
[    9.728723] ip_tables: (C) 2000-2006 Netfilter Core Team
[    9.751667] systemd[1]: systemd 237 running in system mode. (+PAM +AUDIT +SELINUX +IMA +APPARMOR +SMACK +SYSVINIT +UTMP +LIBCRYPTSETUP +GCRYPT +GNUTLS +ACL +XZ +LZ4 +SECCOMP +BLKID +ELFUTILS +KMOD -IDN2 +IDN -PCRE2 default-hierarchy=hybrid)
[    9.768962] systemd[1]: Detected virtualization oracle.
[    9.774285] systemd[1]: Detected architecture x86-64.

Welcome to [1mUbuntu 18.04.5 LTS[0m!

[    9.786456] systemd[1]: Set hostname to <ubuntu>.
[    9.816383] systemd[1]: Initializing machine ID from random generator.
[    9.828033] systemd[1]: Installed transient /etc/machine-id file.
[   10.508912] systemd[1]: Created slice System Slice.
[[0;32m  OK  [0m] Created slice System Slice.
[   10.528244] systemd[1]: Listening on Device-mapper event daemon FIFOs.
[[0;32m  OK  [0m] Listening on Device-mapper event daemon FIFOs.
[   10.551589] systemd[1]: Created slice system-serial\x2dgetty.slice.
[[0;32m  OK  [0m] Created slice system-serial\x2dgetty.slice.
[   10.569704] systemd[1]: Listening on Syslog Socket.
[[0;32m  OK  [0m] Listening on Syslog Socket.
[[0;32m  OK  [0m] Listening on Journal Socket (/dev/log).
[[0;32m  OK  [0m] Listening on udev Kernel Socket.
[[0;32m  OK  [0m] Listening on Network Service Netlink Socket.
[[0;32m  OK  [0m] Set up automount Arbitrary Executab…rmats File System Automount Point.
[[0;32m  OK  [0m] Listening on LVM2 poll daemon socket.
[[0;32m  OK  [0m] Listening on fsck to fsckd communication Socket.
[[0;32m  OK  [0m] Listening on Journal Audit Socket.
[[0;32m  OK  [0m] Reached target User and Group Name Lookups.
[[0;32m  OK  [0m] Listening on udev Control Socket.
[[0;32m  OK  [0m] Listening on Journal Socket.
         Mounting Kernel Debug File System...
         Starting Create list of required st…ce nodes for the current kernel...
         Starting Load Kernel Modules...
         [   10.767198] Loading iSCSI transport class v2.0-870.
Starting udev Coldplug all Devices...
         Starting Set the console keyboard layout...
         Mounting Huge Pages File System...
[[0;32m  OK  [0m] Reached target Swap.
         Starting File System Check on Root Device...
         Starting Uncomplicated firewall...
[[0;32m  OK  [0m] Created slice User and Session Slice.
[   10.858831] iscsi: registered transport (tcp)
         Starting Journal Service...
[[0;32m  OK  [0m] Listening on /dev/initctl Compatibility Named Pipe.
[[0;32m  OK  [0m] Started Forward Password Requests to Wall Directory Watch.
[[0;32m  OK  [0m] Reached target System Time Synchronized.
[[0;32m  OK  [0m] Reached target Slices.
[[0;32m  OK  [0m] Listening on LVM2 metadata daemon socket.
         Starting Monitoring of LVM2 mirrors…ng dmeventd or progress polling...
         Mounting POSIX Message Queue File System...
[[0;32m  OK  [0m] Mounted Kernel Debug File System.
[[0;32m  OK  [0m] Started Create list of required sta…vice nodes for the current kernel.
[[0;32m  OK  [0m] Mounted Huge Pages File System.
[[0;32m  OK  [0m] Started Uncomplicated firewall.
[[0;32m  OK  [0m] Mounted POSIX Message Queue File System.
[[0;32m  OK  [0m] Started File System Check on Root Device.
[[0;32m  OK  [0m] Started File System Check Daemon to report status.
         Starting Remount Root and Kernel File Systems...[   11.267916] iscsi: registered transport (iser)

         Starting Create Static Device Nodes in /dev...
[[0;32m  OK  [0m] Started Load Kernel Modules.
         Mounting FUSE Control File System...
         Mounting Kernel Configuration File System...
         Starting Apply Kernel Variables...
[[0;32m  OK  [0m] Started Journal Service.
[[0;32m  OK  [0m] Mounted Kernel Configuration File System.
[[0;32m  OK  [0m] Mounted FUSE Control File System.
[[0;32m  OK  [0m] Started Create Static Device Nodes in /dev.
[   11.529435] EXT4-fs (sda1): re-mounted. Opts: (null)
[[0;32m  OK  [0m] Started LVM2 metadata daemon.
[[0;32m  OK  [0m] Started Apply Kernel Variables.
[[0;32m  OK  [0m] Started Remount Root and Kernel File Systems.
         Starting Flush Journal to Persistent Storage...
         Starting Load/Save Random Seed...
         Starting udev Kernel Device Manager...
[[0;32m  OK  [0m] Started Monitoring of LVM2 mirrors,…sing dmeventd or progress polling.
[[0;32m  OK  [0m] Started udev Coldplug all Devices.
[[0;32m  OK  [0m] Started Load/Save Random Seed.
[[0;32m  OK  [0m] Started udev Kernel Device Manager.
[[0;32m  OK  [0m] Started Flush Journal to Persistent Storage.
[[0;32m  OK  [0m] Started Set the console keyboard layout.
[[0;32m  OK  [0m] Started Dispatch Password Requests to Console Directory Watch.
[[0;32m  OK  [0m] Reached target Local Encrypted Volumes.
[[0;32m  OK  [0m] Reached target Local File Systems (Pre).
[[0;32m  OK  [0m] Reached target Local File Systems.
         Starting ebtables ruleset management...
         Starting Commit a transient machine-id on disk...
         Starting Set console font and keymap...
         Starting AppArmor initialization...
         Starting Tell Plymouth To Write Out Runtime Data...
         Starting Create Volatile Files and Directories...
[[0;32m  OK  [0m] Started Set console font and keymap.
[[0;32m  OK  [0m] Started Commit a transient machine-id on disk.
[[0;32m  OK  [0m] Started Tell Plymouth To Write Out Runtime Data.
[[0;32m  OK  [0m] Started Create Volatile Files and Directories.
         Starting Update UTMP about System Boot/Shutdown...
[[0;32m  OK  [0m] Started Update UTMP about System Boot/Shutdown.
[[0;32m  OK  [0m] Started ebtables ruleset management.
[[0;32m  OK  [0m] Found device /dev/ttyS0.
[[0;32m  OK  [0m] Listening on Load/Save RF Kill Switch Status /dev/rfkill Watch.
[[0;32m  OK  [0m] Started AppArmor initialization.
         Starting Initial cloud-init job (pre-networking)...
         Starting Load AppArmor profiles managed internally by snapd...
[[0;32m  OK  [0m] Started Load AppArmor profiles managed internally by snapd.
[   20.026321] cloud-init[545]: Cloud-init v. 21.2-3-g899bfaa9-0ubuntu2~18.04.1 running 'init-local' at Mon, 12 Jul 2021 19:06:00 +0000. Up 19.12 seconds.
[[0;32m  OK  [0m] Started Initial cloud-init job (pre-networking).
[[0;32m  OK  [0m] Reached target Network (Pre).
         Starting Network Service...
[[0;32m  OK  [0m] Started Network Service.
         Starting Network Name Resolution...
         Starting Wait for Network to be Configured...
[[0;32m  OK  [0m] Started Network Name Resolution.
[[0;32m  OK  [0m] Reached target Network.
[[0;32m  OK  [0m] Reached target Host and Network Name Lookups.
[[0;32m  OK  [0m] Started Wait for Network to be Configured.
         Starting Initial cloud-init job (metadata service crawler)...
[   23.280552] cloud-init[646]: Cloud-init v. 21.2-3-g899bfaa9-0ubuntu2~18.04.1 running 'init' at Mon, 12 Jul 2021 19:06:04 +0000. Up 22.98 seconds.
[   23.323847] cloud-init[646]: ci-info: ++++++++++++++++++++++++++++++++++++++Net device info+++++++++++++++++++++++++++++++++++++++
[   23.352718] cloud-init[646]: ci-info: +--------+-------+----------------------------+---------------+--------+-------------------+
[   23.375766] cloud-init[646]: ci-info: | Device |   Up  |          Address           |      Mask     | Scope  |     Hw-Address    |
[   23.388186] cloud-init[646]: ci-info: +--------+-------+----------------------------+---------------+--------+-------------------+
[   23.410550] cloud-init[646]: ci-info: | enp0s3 |  True |         10.0.2.15          | 255.255.255.0 | global | 02:c9:26:65:5d:a6 |
[   23.436294] cloud-init[646]: ci-info: | enp0s3 |  True | fe80::c9:26ff:fe65:5da6/64 |       .       |  link  | 02:c9:26:65:5d:a6 |
[   23.468087] cloud-init[646]: ci-info: | enp0s8 | False |             .              |       .       |   .    | 08:00:27:b6:5f:7d |
[   23.502985] cloud-init[646]: ci-info: |   lo   |  True |         127.0.0.1          |   255.0.0.0   |  host  |         .         |
[   23.528650] cloud-init[646]: ci-info: |   lo   |  True |          ::1/128           |       .       |  host  |         .         |
[   23.546108] cloud-init[646]: ci-info: +--------+-------+----------------------------+---------------+--------+-------------------+
[   23.559487] cloud-init[646]: ci-info: ++++++++++++++++++++++++++++Route IPv4 info+++++++++++++++++++++++++++++
[   23.570413] cloud-init[646]: ci-info: +-------+-------------+----------+-----------------+-----------+-------+
[   23.588811] cloud-init[646]: ci-info: | Route | Destination | Gateway  |     Genmask     | Interface | Flags |
[   23.624168] cloud-init[646]: ci-info: +-------+-------------+----------+-----------------+-----------+-------+
[   23.658591] cloud-init[646]: ci-info: |   0   |   0.0.0.0   | 10.0.2.2 |     0.0.0.0     |   enp0s3  |   UG  |
[   23.681500] cloud-init[646]: ci-info: |   1   |   10.0.2.0  | 0.0.0.0  |  255.255.255.0  |   enp0s3  |   U   |
[   23.712645] cloud-init[646]: ci-info: |   2   |   10.0.2.2  | 0.0.0.0  | 255.255.255.255 |   enp0s3  |   UH  |
[   23.736838] cloud-init[646]: ci-info: +-------+-------------+----------+-----------------+-----------+-------+
[   23.753867] cloud-init[646]: ci-info: +++++++++++++++++++Route IPv6 info+++++++++++++++++++
[   23.799976] cloud-init[646]: ci-info: +-------+-------------+---------+-----------+-------+
[   23.844292] cloud-init[646]: ci-info: | Route | Destination | Gateway | Interface | Flags |
[   23.871894] cloud-init[646]: ci-info: +-------+-------------+---------+-----------+-------+
[   23.907880] cloud-init[646]: ci-info: |   1   |  fe80::/64  |    ::   |   enp0s3  |   U   |
[   23.938887] cloud-init[646]: ci-info: |   3   |    local    |    ::   |   enp0s3  |   U   |
[   23.962068] cloud-init[646]: ci-info: |   4   |   ff00::/8  |    ::   |   enp0s3  |   U   |
[   23.995383] cloud-init[646]: ci-info: +-------+-------------+---------+-----------+-------+
[   25.397598] cloud-init[646]: Generating public/private rsa key pair.
[   25.408319] cloud-init[646]: Your identification has been saved in /etc/ssh/ssh_host_rsa_key.
[   25.445386] cloud-init[646]: Your public key has been saved in /etc/ssh/ssh_host_rsa_key.pub.
[   25.472509] cloud-init[646]: The key fingerprint is:
[   25.500502] cloud-init[646]: SHA256:lq6+SsM1N1J4KI4OOb/OvmEyjU767t/IEem61rXbfTQ root@ubuntu-bionic
[   25.537025] cloud-init[646]: The key's randomart image is:
[   25.544607] cloud-init[646]: +---[RSA 2048]----+
[   25.560900] cloud-init[646]: |                 |
[[0;32m  OK  [0m] Started Initial cloud-init job (metadata service crawler).[   25.578313] cloud-init[646]: |       o         |
[[0;32m  OK  [0m] Reached target Network is Online.

[   25.609907] [[0;32m  OK  [0m] Reached target Remote File Systems (Pre).cloud-init[646]: |    . o o        |
[[0;32m  OK  [0m] 
[   25.642460] cloud-initReached target Remote File Systems.
         Starting Availability of block devices...[646]: | . o o o .       |

[[0;32m  OK  [0m] Reached target Cloud-config availability.
[[   25.675687] [0;32m  OK  [0m] cloud-initReached target System Initialization.
[[646]: |+ . + + S        |[0;32m  OK  [0m] Started Ubuntu Advantage update messaging.
[   25.723554] 
[[0;32m  OK  [0mcloud-init[646]: ] Listening on UUID daemon activation socket.
[[0;32m  OK  [0m] | B o o.* .  E    |
Listening on Open-iSCSI iscsid Socket.
[[   25.753809] cloud-init[646]: |+.*.*. ..  . .   |
[   25.758656] [0;32m  OK  [0m] Started Discard unused blocks once a week.cloud-init[646]: |+=.*.=.o .  .    |

[   25.770321] cloud-init[646]:          Starting LXD - unix socket.
[[0;32m  OK  [0m] |.O%+=o*o. ..     |
Started ACPI Events Check.
[[   25.821378] cloud-init[0;32m  OK  [0m] Reached target Paths.[646]: +----[SHA256]-----+
[[0;32m  OK  [0m] 
Listening on D-Bus System Message Bus Socket.[   25.856717] 
[cloud-init[0;32m  OK  [0m] [646]: Listening on ACPID Listen Socket.Generating public/private dsa key pair.
[
[   25.890713] [0;32m  OK  [0m] Started Daily apt download activities.cloud-init[646]: Your identification has been saved in /etc/ssh/ssh_host_dsa_key.
[[0;32m  OK  [0m] Started Daily apt upgrade and clean activities.
[   25.919772] cloud-init[646]: Your public key has been saved in /etc/ssh/ssh_host_dsa_key.pub.
[[0;32m  OK  [0m
[   25.929681] cloud-init[646]: ] Started Daily Cleanup of Temporary Directories.
[[0;32m  OK  [0mThe key fingerprint is:
[   25.942818] cloud-init] Started Message of the Day.
[646]: SHA256:C2E7BVjdkeOSjEjij5/7I4O+OzaEl0oDjDwPdMLt8Jk root@ubuntu-bionic
[[0;32m  OK  [0m] Reached target Timers.
[   25.956473] cloud-init[646]: The key's randomart image is:         Starting Socket activation for snappy daemon.
[   25.966287] cloud-init
[[0;32m  OK  [0m] Started Availability of block devices.[646]: 
+---[DSA 1024]----+
[[0;32m  OK  [0m] Listening on LXD - unix socket.[   26.012136] 
[cloud-init[0;32m  OK  [0m] [646]: Listening on Socket activation for snappy daemon.|. .  oo. ..o     |

[   26.047084] [[0;32m  OK  [0mcloud-init[646]: ] Reached target Sockets.| =.oo  .. +      |
[   26.066599] 
[[0;32m  OK  [0mcloud-init] Reached target Basic System.
[646]: |=.*oo.oo.o .     |
[   26.083864]          Starting Permit User Sessions...cloud-init[646]: |o=.E...++ .      |
         Starting Dispatcher daemon for systemd-networkd...
         Starting Pollinate to seed the pseudo random number generator...
         
[   26.142904] Starting System Logging Service...
[[0;32m  OK  [0m] Started D-Bus System Message Bus.
cloud-init[646]: |..++  + S.       |
[   26.260564] cloud-init[646]: |.o=..  o .       |
[   26.308943] cloud-init[646]: |.+.o .  .        |
[   26.365722] cloud-init[646]:          |. = = .          |Starting Login Service...

[[0;32m  OK  [0m] Started Regular background program processing daemon.[   26.456456] 
         Starting Virtualbox guest utils...
         Starting LSB: Record successful boot for GRUB...
         cloud-initStarting LSB: automatic crash report generation...
[[0;32m  OK  [0m] [646]: Started irqbalance daemon.
         Starting Accounts Service...
[[0;32m  OK  [0m| o+=.=..         |] Started FUSE filesystem for LXC.
[[0;32m  OK  [0m] Started Deferred execution scheduler.

         Starting Snap Daemon...
[   26.694756]          Starting LXD - container startup/shutdown...
[[0;32m  OK  [0m] Started System Logging Service.cloud-init
[[0;32m  OK  [0m] Started Permit User Sessions.
[646]: [[0;32m  OK  [0m] Started Login Service.
+----[SHA256]-----+[[0;32m  OK  [0m] Started Unattended Upgrades Shutdown.
         Starting Hold until boot process finishes up...
         
Starting Terminate Plymouth Boot Screen...
[[0;32m  OK  [0m] Started Hold until boot process finishes up.[   26.930110] 
[[0;32m  OK  [0m] Started Terminate Plymouth Boot Screen.
         Starting Set console scheme...
[[0;32m  OK  [0m] Started Serial Getty on ttyS0.
cloud-init[646]: Generating public/private ecdsa key pair.
[   27.134083] [[0;32m  OK  [0m] Started Set console scheme.
[[0;32m  OK  [0m] Created slice system-getty.slice.
cloud-init[[0;32m  OK  [0m] Started Getty on tty1.
[[0;32m  OK  [0m] Reached target Login Prompts.
[646]:          Starting Authorization Manager...
Your identification has been saved in /etc/ssh/ssh_host_ecdsa_key.
[   27.370472] cloud-init[646]: Your public key has been saved in /etc/ssh/ssh_host_ecdsa_key.pub.[[0;32m  OK  [0m] Started LSB: Record successful boot for GRUB.
[[0;32m  OK  [0m] Started LSB: automatic crash report generation.

[   27.571290] cloud-init[646]: The key fingerprint is:
[   27.645457] cloud-init[646]: SHA256:gblw1N2pogQd8iMoxfI4jy+IE8soQwO8UUMjLyu1gYk root@ubuntu-bionic[[0;32m  OK  [0m] Started Authorization Manager.
[[0;32m  OK  [0m] Started Accounts Service.

[   27.800500] cloud-init[646]: The key's randomart image is:
[   27.887459] cloud-init[646]: +---[ECDSA 256]---+
[   28.005365] cloud-init[646]: | ooo..oo . . .   |
[   28.095097] cloud-init[646]: |o+++o+.o. . o    |
[   28.168291] cloud-init[646]: |E==.+.* .  .     |
[   28.228268] cloud-init[646]: [[0;32m  OK  [0m] Started LXD - container startup/shutdown.|+=+o +.o...      |

[   28.299303] cloud-init[646]: |o=+  ...S.       |
[   28.449501] cloud-init[646]: |++.   .          |[[0;32m  OK  [0m] Started Virtualbox guest utils.

[   28.530780] cloud-init[646]: |*+.              |
[   28.645450] cloud-init[646]: |X..              |
[   28.726733] cloud-init[[0;32m  OK  [0m] Started Dispatcher daemon for systemd-networkd.
[646]: |.+               |
[   28.797978] cloud-init[646]: +----[SHA256]-----+
[   28.854338] cloud-init[646]: Generating public/private ed25519 key pair.
[   28.890856] cloud-init[646]: Your identification has been saved in /etc/ssh/ssh_host_ed25519_key.
[   28.973590] cloud-init[646]: Your public key has been saved in /etc/ssh/ssh_host_ed25519_key.pub.
[   29.004379] cloud-init[646]: The key fingerprint is:
[   29.048532] cloud-init[646]: SHA256:Js7YFeVYckQOuHxMXQmv9IDIVq+qxbKkQVzZE8+z9FM root@ubuntu-bionic
[   29.108940] cloud-init[646]: The key's randomart image is:
[   29.138933] cloud-init[646]: +--[ED25519 256]--+
[   29.166302] cloud-init[646]: |      ..++Bo..   |
[   29.189073] cloud-init[646]: |     +.*.%...    |
[   29.237935] cloud-init[646]: |    o.*+O * E    |
[   29.282381] cloud-init[646]: | . . .oooB =     |
[   29.319247] cloud-init[646]: |  o   ..S + .    |
[   29.347072] cloud-init[646]: | .   * =   .     |
[   29.388217] cloud-init[646]: |  . + B          |
[   29.416175] cloud-init[646]: |   + =           |
[   29.442350] cloud-init[646]: |  . o            |
[   29.499422] cloud-init[646]: +----[SHA256]-----+
[[0;32m  OK  [0m] Started Snap Daemon.
         Starting Wait until snapd is fully seeded...
[[0;32m  OK  [0m] Started Pollinate to seed the pseudo random number generator.
         Starting OpenBSD Secure Shell server...
[[0;32m  OK  [0m] Started OpenBSD Secure Shell server.
[[0;32m  OK  [0m] Created slice User Slice of vagrant.
[[0;32m  OK  [0m] Started Session 1 of user vagrant.
         Starting User Manager for UID 1000...
[[0;32m  OK  [0m] Started User Manager for UID 1000.

Ubuntu 18.04.5 LTS ubuntu-bionic ttyS0

ubuntu-bionic login: [   41.323208] cloud-init[1107]: Cloud-init v. 21.2-3-g899bfaa9-0ubuntu2~18.04.1 running 'modules:config' at Mon, 12 Jul 2021 19:06:21 +0000. Up 39.70 seconds.
ci-info: no authorized SSH keys fingerprints found for user ubuntu.
<14>Jul 12 19:06:24 cloud-init: #############################################################
<14>Jul 12 19:06:24 cloud-init: -----BEGIN SSH HOST KEY FINGERPRINTS-----
<14>Jul 12 19:06:24 cloud-init: 1024 SHA256:C2E7BVjdkeOSjEjij5/7I4O+OzaEl0oDjDwPdMLt8Jk root@ubuntu-bionic (DSA)
<14>Jul 12 19:06:24 cloud-init: 256 SHA256:gblw1N2pogQd8iMoxfI4jy+IE8soQwO8UUMjLyu1gYk root@ubuntu-bionic (ECDSA)
<14>Jul 12 19:06:24 cloud-init: 256 SHA256:Js7YFeVYckQOuHxMXQmv9IDIVq+qxbKkQVzZE8+z9FM root@ubuntu-bionic (ED25519)
<14>Jul 12 19:06:24 cloud-init: 2048 SHA256:lq6+SsM1N1J4KI4OOb/OvmEyjU767t/IEem61rXbfTQ root@ubuntu-bionic (RSA)
<14>Jul 12 19:06:24 cloud-init: -----END SSH HOST KEY FINGERPRINTS-----
<14>Jul 12 19:06:24 cloud-init: #############################################################
-----BEGIN SSH HOST KEY KEYS-----
ecdsa-sha2-nistp256 AAAAE2VjZHNhLXNoYTItbmlzdHAyNTYAAAAIbmlzdHAyNTYAAABBBH+4NI1vngQREVytm9UZmsKEfdKN3f9EQJ4KNp4sv3hVWt2byHOX3ktWYBi6wk4kC0v7IN1cVIzT16x2VoQ3oSs= root@ubuntu-bionic
ssh-ed25519 AAAAC3NzaC1lZDI1NTE5AAAAIGqLDOntLC2AqP06z+42gNmJ4YvOa76QdwIv5kpxSkPE root@ubuntu-bionic
ssh-rsa AAAAB3NzaC1yc2EAAAADAQABAAABAQC2AXs2hzikICkJ2WwXUtCOf4OpgYtTHhyQE0MoPQe7c0i3xcWeBPJ6Ew1NB1ny6Zd7EJCJTPccSa1MeV4PBZg8x5ZD+AmkTfddmyGUqt01QZg5dcSPR2RPNmReUkV42wVJPm2N8tEslt5+2KVOaS+Ew/8LUXVURzYBhNqtsLKauDc83IzKw5MhHX5cXVX7c+lYwYy2FpxyfeXuY8FhX/7QSD4+WgLFD7cbaCbRWyUlLmoQkHck9NFRo7QnPLiSNq8KZUQ52SAAdepR3QaoyYkarqVsOIqsqpaUhaAIPUhDax05VbdGp76ZAsIHu2RrhcQ9zyor0tZUOUgQLrjzug53 root@ubuntu-bionic
-----END SSH HOST KEY KEYS-----
[   43.867546] cloud-init[1261]: Cloud-init v. 21.2-3-g899bfaa9-0ubuntu2~18.04.1 running 'modules:final' at Mon, 12 Jul 2021 19:06:24 +0000. Up 43.09 seconds.
[   43.914525] cloud-init[1261]: ci-info: no authorized SSH keys fingerprints found for user ubuntu.
[   43.953392] cloud-init[1261]: Cloud-init v. 21.2-3-g899bfaa9-0ubuntu2~18.04.1 finished at Mon, 12 Jul 2021 19:06:25 +0000. Datasource DataSourceNoCloud [seed=/dev/sdb][dsmode=net].  Up 43.84 seconds
